
AVRASM ver. 2.1.30  H:\OWN_PROJECT\line follower\line follower\line follower\List\l.asm Tue Mar 05 15:32:48 2013

H:\OWN_PROJECT\line follower\line follower\line follower\List\l.asm(1059): warning: Register r5 already defined by the .DEF directive
H:\OWN_PROJECT\line follower\line follower\line follower\List\l.asm(1060): warning: Register r4 already defined by the .DEF directive
H:\OWN_PROJECT\line follower\line follower\line follower\List\l.asm(1061): warning: Register r7 already defined by the .DEF directive
H:\OWN_PROJECT\line follower\line follower\line follower\List\l.asm(1062): warning: Register r6 already defined by the .DEF directive
H:\OWN_PROJECT\line follower\line follower\line follower\List\l.asm(1063): warning: Register r8 already defined by the .DEF directive
H:\OWN_PROJECT\line follower\line follower\line follower\List\l.asm(1064): warning: Register r11 already defined by the .DEF directive
H:\OWN_PROJECT\line follower\line follower\line follower\List\l.asm(1065): warning: Register r10 already defined by the .DEF directive
H:\OWN_PROJECT\line follower\line follower\line follower\List\l.asm(1066): warning: Register r13 already defined by the .DEF directive
                 
                 
                 ;CodeVisionAVR C Compiler V2.04.6 Evaluation
                 ;(C) Copyright 1998-2010 Pavel Haiduc, HP InfoTech s.r.l.
                 ;http://www.hpinfotech.com
                 
                 ;Chip type                : ATmega16
                 ;Program type             : Application
                 ;Clock frequency          : 1.000000 MHz
                 ;Memory model             : Small
                 ;Optimize for             : Size
                 ;(s)printf features       : int, width
                 ;(s)scanf features        : int, width
                 ;External RAM size        : 0
                 ;Data Stack size          : 256 byte(s)
                 ;Heap size                : 0 byte(s)
                 ;Promote 'char' to 'int'  : Yes
                 ;'char' is unsigned       : Yes
                 ;8 bit enums              : Yes
                 ;global 'const' stored in FLASH: No
                 ;Enhanced core instructions    : On
                 ;Smart register allocation     : On
                 ;Automatic register allocation : On
                 
                 	#pragma AVRPART ADMIN PART_NAME ATmega16
                 	#pragma AVRPART MEMORY PROG_FLASH 16384
                 	#pragma AVRPART MEMORY EEPROM 512
                 	#pragma AVRPART MEMORY INT_SRAM SIZE 1024
                 	#pragma AVRPART MEMORY INT_SRAM START_ADDR 0x60
                 
                 	#define CALL_SUPPORTED 1
                 
                 	.LISTMAC
                 	.EQU UDRE=0x5
                 	.EQU RXC=0x7
                 	.EQU USR=0xB
                 	.EQU UDR=0xC
                 	.EQU SPSR=0xE
                 	.EQU SPDR=0xF
                 	.EQU EERE=0x0
                 	.EQU EEWE=0x1
                 	.EQU EEMWE=0x2
                 	.EQU EECR=0x1C
                 	.EQU EEDR=0x1D
                 	.EQU EEARL=0x1E
                 	.EQU EEARH=0x1F
                 	.EQU WDTCR=0x21
                 	.EQU MCUCR=0x35
                 	.EQU GICR=0x3B
                 	.EQU SPL=0x3D
                 	.EQU SPH=0x3E
                 	.EQU SREG=0x3F
                 
                 	.DEF R0X0=R0
                 	.DEF R0X1=R1
                 	.DEF R0X2=R2
                 	.DEF R0X3=R3
                 	.DEF R0X4=R4
                 	.DEF R0X5=R5
                 	.DEF R0X6=R6
                 	.DEF R0X7=R7
                 	.DEF R0X8=R8
                 	.DEF R0X9=R9
                 	.DEF R0XA=R10
                 	.DEF R0XB=R11
                 	.DEF R0XC=R12
                 	.DEF R0XD=R13
                 	.DEF R0XE=R14
                 	.DEF R0XF=R15
                 	.DEF R0X10=R16
                 	.DEF R0X11=R17
                 	.DEF R0X12=R18
                 	.DEF R0X13=R19
                 	.DEF R0X14=R20
                 	.DEF R0X15=R21
                 	.DEF R0X16=R22
                 	.DEF R0X17=R23
                 	.DEF R0X18=R24
                 	.DEF R0X19=R25
                 	.DEF R0X1A=R26
                 	.DEF R0X1B=R27
                 	.DEF R0X1C=R28
                 	.DEF R0X1D=R29
                 	.DEF R0X1E=R30
                 	.DEF R0X1F=R31
                 
                 	.EQU __SRAM_START=0x0060
                 	.EQU __SRAM_END=0x045F
                 	.EQU __DSTACK_SIZE=0x0100
                 	.EQU __HEAP_SIZE=0x0000
                 	.EQU __CLEAR_SRAM_SIZE=__SRAM_END-__SRAM_START+1
                 
                 	.MACRO __CPD1N
                 	CPI  R30,LOW(@0)
                 	LDI  R26,HIGH(@0)
                 	CPC  R31,R26
                 	LDI  R26,BYTE3(@0)
                 	CPC  R22,R26
                 	LDI  R26,BYTE4(@0)
                 	CPC  R23,R26
                 	.ENDM
                 
                 	.MACRO __CPD2N
                 	CPI  R26,LOW(@0)
                 	LDI  R30,HIGH(@0)
                 	CPC  R27,R30
                 	LDI  R30,BYTE3(@0)
                 	CPC  R24,R30
                 	LDI  R30,BYTE4(@0)
                 	CPC  R25,R30
                 	.ENDM
                 
                 	.MACRO __CPWRR
                 	CP   R@0,R@2
                 	CPC  R@1,R@3
                 	.ENDM
                 
                 	.MACRO __CPWRN
                 	CPI  R@0,LOW(@2)
                 	LDI  R30,HIGH(@2)
                 	CPC  R@1,R30
                 	.ENDM
                 
                 	.MACRO __ADDB1MN
                 	SUBI R30,LOW(-@0-(@1))
                 	.ENDM
                 
                 	.MACRO __ADDB2MN
                 	SUBI R26,LOW(-@0-(@1))
                 	.ENDM
                 
                 	.MACRO __ADDW1MN
                 	SUBI R30,LOW(-@0-(@1))
                 	SBCI R31,HIGH(-@0-(@1))
                 	.ENDM
                 
                 	.MACRO __ADDW2MN
                 	SUBI R26,LOW(-@0-(@1))
                 	SBCI R27,HIGH(-@0-(@1))
                 	.ENDM
                 
                 	.MACRO __ADDW1FN
                 	SUBI R30,LOW(-2*@0-(@1))
                 	SBCI R31,HIGH(-2*@0-(@1))
                 	.ENDM
                 
                 	.MACRO __ADDD1FN
                 	SUBI R30,LOW(-2*@0-(@1))
                 	SBCI R31,HIGH(-2*@0-(@1))
                 	SBCI R22,BYTE3(-2*@0-(@1))
                 	.ENDM
                 
                 	.MACRO __ADDD1N
                 	SUBI R30,LOW(-@0)
                 	SBCI R31,HIGH(-@0)
                 	SBCI R22,BYTE3(-@0)
                 	SBCI R23,BYTE4(-@0)
                 	.ENDM
                 
                 	.MACRO __ADDD2N
                 	SUBI R26,LOW(-@0)
                 	SBCI R27,HIGH(-@0)
                 	SBCI R24,BYTE3(-@0)
                 	SBCI R25,BYTE4(-@0)
                 	.ENDM
                 
                 	.MACRO __SUBD1N
                 	SUBI R30,LOW(@0)
                 	SBCI R31,HIGH(@0)
                 	SBCI R22,BYTE3(@0)
                 	SBCI R23,BYTE4(@0)
                 	.ENDM
                 
                 	.MACRO __SUBD2N
                 	SUBI R26,LOW(@0)
                 	SBCI R27,HIGH(@0)
                 	SBCI R24,BYTE3(@0)
                 	SBCI R25,BYTE4(@0)
                 	.ENDM
                 
                 	.MACRO __ANDBMNN
                 	LDS  R30,@0+(@1)
                 	ANDI R30,LOW(@2)
                 	STS  @0+(@1),R30
                 	.ENDM
                 
                 	.MACRO __ANDWMNN
                 	LDS  R30,@0+(@1)
                 	ANDI R30,LOW(@2)
                 	STS  @0+(@1),R30
                 	LDS  R30,@0+(@1)+1
                 	ANDI R30,HIGH(@2)
                 	STS  @0+(@1)+1,R30
                 	.ENDM
                 
                 	.MACRO __ANDD1N
                 	ANDI R30,LOW(@0)
                 	ANDI R31,HIGH(@0)
                 	ANDI R22,BYTE3(@0)
                 	ANDI R23,BYTE4(@0)
                 	.ENDM
                 
                 	.MACRO __ANDD2N
                 	ANDI R26,LOW(@0)
                 	ANDI R27,HIGH(@0)
                 	ANDI R24,BYTE3(@0)
                 	ANDI R25,BYTE4(@0)
                 	.ENDM
                 
                 	.MACRO __ORBMNN
                 	LDS  R30,@0+(@1)
                 	ORI  R30,LOW(@2)
                 	STS  @0+(@1),R30
                 	.ENDM
                 
                 	.MACRO __ORWMNN
                 	LDS  R30,@0+(@1)
                 	ORI  R30,LOW(@2)
                 	STS  @0+(@1),R30
                 	LDS  R30,@0+(@1)+1
                 	ORI  R30,HIGH(@2)
                 	STS  @0+(@1)+1,R30
                 	.ENDM
                 
                 	.MACRO __ORD1N
                 	ORI  R30,LOW(@0)
                 	ORI  R31,HIGH(@0)
                 	ORI  R22,BYTE3(@0)
                 	ORI  R23,BYTE4(@0)
                 	.ENDM
                 
                 	.MACRO __ORD2N
                 	ORI  R26,LOW(@0)
                 	ORI  R27,HIGH(@0)
                 	ORI  R24,BYTE3(@0)
                 	ORI  R25,BYTE4(@0)
                 	.ENDM
                 
                 	.MACRO __DELAY_USB
                 	LDI  R24,LOW(@0)
                 __DELAY_USB_LOOP:
                 	DEC  R24
                 	BRNE __DELAY_USB_LOOP
                 	.ENDM
                 
                 	.MACRO __DELAY_USW
                 	LDI  R24,LOW(@0)
                 	LDI  R25,HIGH(@0)
                 __DELAY_USW_LOOP:
                 	SBIW R24,1
                 	BRNE __DELAY_USW_LOOP
                 	.ENDM
                 
                 	.MACRO __GETD1S
                 	LDD  R30,Y+@0
                 	LDD  R31,Y+@0+1
                 	LDD  R22,Y+@0+2
                 	LDD  R23,Y+@0+3
                 	.ENDM
                 
                 	.MACRO __GETD2S
                 	LDD  R26,Y+@0
                 	LDD  R27,Y+@0+1
                 	LDD  R24,Y+@0+2
                 	LDD  R25,Y+@0+3
                 	.ENDM
                 
                 	.MACRO __PUTD1S
                 	STD  Y+@0,R30
                 	STD  Y+@0+1,R31
                 	STD  Y+@0+2,R22
                 	STD  Y+@0+3,R23
                 	.ENDM
                 
                 	.MACRO __PUTD2S
                 	STD  Y+@0,R26
                 	STD  Y+@0+1,R27
                 	STD  Y+@0+2,R24
                 	STD  Y+@0+3,R25
                 	.ENDM
                 
                 	.MACRO __PUTDZ2
                 	STD  Z+@0,R26
                 	STD  Z+@0+1,R27
                 	STD  Z+@0+2,R24
                 	STD  Z+@0+3,R25
                 	.ENDM
                 
                 	.MACRO __CLRD1S
                 	STD  Y+@0,R30
                 	STD  Y+@0+1,R30
                 	STD  Y+@0+2,R30
                 	STD  Y+@0+3,R30
                 	.ENDM
                 
                 	.MACRO __POINTB1MN
                 	LDI  R30,LOW(@0+(@1))
                 	.ENDM
                 
                 	.MACRO __POINTW1MN
                 	LDI  R30,LOW(@0+(@1))
                 	LDI  R31,HIGH(@0+(@1))
                 	.ENDM
                 
                 	.MACRO __POINTD1M
                 	LDI  R30,LOW(@0)
                 	LDI  R31,HIGH(@0)
                 	LDI  R22,BYTE3(@0)
                 	LDI  R23,BYTE4(@0)
                 	.ENDM
                 
                 	.MACRO __POINTW1FN
                 	LDI  R30,LOW(2*@0+(@1))
                 	LDI  R31,HIGH(2*@0+(@1))
                 	.ENDM
                 
                 	.MACRO __POINTD1FN
                 	LDI  R30,LOW(2*@0+(@1))
                 	LDI  R31,HIGH(2*@0+(@1))
                 	LDI  R22,BYTE3(2*@0+(@1))
                 	LDI  R23,BYTE4(2*@0+(@1))
                 	.ENDM
                 
                 	.MACRO __POINTB2MN
                 	LDI  R26,LOW(@0+(@1))
                 	.ENDM
                 
                 	.MACRO __POINTW2MN
                 	LDI  R26,LOW(@0+(@1))
                 	LDI  R27,HIGH(@0+(@1))
                 	.ENDM
                 
                 	.MACRO __POINTBRM
                 	LDI  R@0,LOW(@1)
                 	.ENDM
                 
                 	.MACRO __POINTWRM
                 	LDI  R@0,LOW(@2)
                 	LDI  R@1,HIGH(@2)
                 	.ENDM
                 
                 	.MACRO __POINTBRMN
                 	LDI  R@0,LOW(@1+(@2))
                 	.ENDM
                 
                 	.MACRO __POINTWRMN
                 	LDI  R@0,LOW(@2+(@3))
                 	LDI  R@1,HIGH(@2+(@3))
                 	.ENDM
                 
                 	.MACRO __POINTWRFN
                 	LDI  R@0,LOW(@2*2+(@3))
                 	LDI  R@1,HIGH(@2*2+(@3))
                 	.ENDM
                 
                 	.MACRO __GETD1N
                 	LDI  R30,LOW(@0)
                 	LDI  R31,HIGH(@0)
                 	LDI  R22,BYTE3(@0)
                 	LDI  R23,BYTE4(@0)
                 	.ENDM
                 
                 	.MACRO __GETD2N
                 	LDI  R26,LOW(@0)
                 	LDI  R27,HIGH(@0)
                 	LDI  R24,BYTE3(@0)
                 	LDI  R25,BYTE4(@0)
                 	.ENDM
                 
                 	.MACRO __GETB1MN
                 	LDS  R30,@0+(@1)
                 	.ENDM
                 
                 	.MACRO __GETB1HMN
                 	LDS  R31,@0+(@1)
                 	.ENDM
                 
                 	.MACRO __GETW1MN
                 	LDS  R30,@0+(@1)
                 	LDS  R31,@0+(@1)+1
                 	.ENDM
                 
                 	.MACRO __GETD1MN
                 	LDS  R30,@0+(@1)
                 	LDS  R31,@0+(@1)+1
                 	LDS  R22,@0+(@1)+2
                 	LDS  R23,@0+(@1)+3
                 	.ENDM
                 
                 	.MACRO __GETBRMN
                 	LDS  R@0,@1+(@2)
                 	.ENDM
                 
                 	.MACRO __GETWRMN
                 	LDS  R@0,@2+(@3)
                 	LDS  R@1,@2+(@3)+1
                 	.ENDM
                 
                 	.MACRO __GETWRZ
                 	LDD  R@0,Z+@2
                 	LDD  R@1,Z+@2+1
                 	.ENDM
                 
                 	.MACRO __GETD2Z
                 	LDD  R26,Z+@0
                 	LDD  R27,Z+@0+1
                 	LDD  R24,Z+@0+2
                 	LDD  R25,Z+@0+3
                 	.ENDM
                 
                 	.MACRO __GETB2MN
                 	LDS  R26,@0+(@1)
                 	.ENDM
                 
                 	.MACRO __GETW2MN
                 	LDS  R26,@0+(@1)
                 	LDS  R27,@0+(@1)+1
                 	.ENDM
                 
                 	.MACRO __GETD2MN
                 	LDS  R26,@0+(@1)
                 	LDS  R27,@0+(@1)+1
                 	LDS  R24,@0+(@1)+2
                 	LDS  R25,@0+(@1)+3
                 	.ENDM
                 
                 	.MACRO __PUTB1MN
                 	STS  @0+(@1),R30
                 	.ENDM
                 
                 	.MACRO __PUTW1MN
                 	STS  @0+(@1),R30
                 	STS  @0+(@1)+1,R31
                 	.ENDM
                 
                 	.MACRO __PUTD1MN
                 	STS  @0+(@1),R30
                 	STS  @0+(@1)+1,R31
                 	STS  @0+(@1)+2,R22
                 	STS  @0+(@1)+3,R23
                 	.ENDM
                 
                 	.MACRO __PUTB1EN
                 	LDI  R26,LOW(@0+(@1))
                 	LDI  R27,HIGH(@0+(@1))
                 	CALL __EEPROMWRB
                 	.ENDM
                 
                 	.MACRO __PUTW1EN
                 	LDI  R26,LOW(@0+(@1))
                 	LDI  R27,HIGH(@0+(@1))
                 	CALL __EEPROMWRW
                 	.ENDM
                 
                 	.MACRO __PUTD1EN
                 	LDI  R26,LOW(@0+(@1))
                 	LDI  R27,HIGH(@0+(@1))
                 	CALL __EEPROMWRD
                 	.ENDM
                 
                 	.MACRO __PUTBR0MN
                 	STS  @0+(@1),R0
                 	.ENDM
                 
                 	.MACRO __PUTBMRN
                 	STS  @0+(@1),R@2
                 	.ENDM
                 
                 	.MACRO __PUTWMRN
                 	STS  @0+(@1),R@2
                 	STS  @0+(@1)+1,R@3
                 	.ENDM
                 
                 	.MACRO __PUTBZR
                 	STD  Z+@1,R@0
                 	.ENDM
                 
                 	.MACRO __PUTWZR
                 	STD  Z+@2,R@0
                 	STD  Z+@2+1,R@1
                 	.ENDM
                 
                 	.MACRO __GETW1R
                 	MOV  R30,R@0
                 	MOV  R31,R@1
                 	.ENDM
                 
                 	.MACRO __GETW2R
                 	MOV  R26,R@0
                 	MOV  R27,R@1
                 	.ENDM
                 
                 	.MACRO __GETWRN
                 	LDI  R@0,LOW(@2)
                 	LDI  R@1,HIGH(@2)
                 	.ENDM
                 
                 	.MACRO __PUTW1R
                 	MOV  R@0,R30
                 	MOV  R@1,R31
                 	.ENDM
                 
                 	.MACRO __PUTW2R
                 	MOV  R@0,R26
                 	MOV  R@1,R27
                 	.ENDM
                 
                 	.MACRO __ADDWRN
                 	SUBI R@0,LOW(-@2)
                 	SBCI R@1,HIGH(-@2)
                 	.ENDM
                 
                 	.MACRO __ADDWRR
                 	ADD  R@0,R@2
                 	ADC  R@1,R@3
                 	.ENDM
                 
                 	.MACRO __SUBWRN
                 	SUBI R@0,LOW(@2)
                 	SBCI R@1,HIGH(@2)
                 	.ENDM
                 
                 	.MACRO __SUBWRR
                 	SUB  R@0,R@2
                 	SBC  R@1,R@3
                 	.ENDM
                 
                 	.MACRO __ANDWRN
                 	ANDI R@0,LOW(@2)
                 	ANDI R@1,HIGH(@2)
                 	.ENDM
                 
                 	.MACRO __ANDWRR
                 	AND  R@0,R@2
                 	AND  R@1,R@3
                 	.ENDM
                 
                 	.MACRO __ORWRN
                 	ORI  R@0,LOW(@2)
                 	ORI  R@1,HIGH(@2)
                 	.ENDM
                 
                 	.MACRO __ORWRR
                 	OR   R@0,R@2
                 	OR   R@1,R@3
                 	.ENDM
                 
                 	.MACRO __EORWRR
                 	EOR  R@0,R@2
                 	EOR  R@1,R@3
                 	.ENDM
                 
                 	.MACRO __GETWRS
                 	LDD  R@0,Y+@2
                 	LDD  R@1,Y+@2+1
                 	.ENDM
                 
                 	.MACRO __PUTBSR
                 	STD  Y+@1,R@0
                 	.ENDM
                 
                 	.MACRO __PUTWSR
                 	STD  Y+@2,R@0
                 	STD  Y+@2+1,R@1
                 	.ENDM
                 
                 	.MACRO __MOVEWRR
                 	MOV  R@0,R@2
                 	MOV  R@1,R@3
                 	.ENDM
                 
                 	.MACRO __INWR
                 	IN   R@0,@2
                 	IN   R@1,@2+1
                 	.ENDM
                 
                 	.MACRO __OUTWR
                 	OUT  @2+1,R@1
                 	OUT  @2,R@0
                 	.ENDM
                 
                 	.MACRO __CALL1MN
                 	LDS  R30,@0+(@1)
                 	LDS  R31,@0+(@1)+1
                 	ICALL
                 	.ENDM
                 
                 	.MACRO __CALL1FN
                 	LDI  R30,LOW(2*@0+(@1))
                 	LDI  R31,HIGH(2*@0+(@1))
                 	CALL __GETW1PF
                 	ICALL
                 	.ENDM
                 
                 	.MACRO __CALL2EN
                 	LDI  R26,LOW(@0+(@1))
                 	LDI  R27,HIGH(@0+(@1))
                 	CALL __EEPROMRDW
                 	ICALL
                 	.ENDM
                 
                 	.MACRO __GETW1STACK
                 	IN   R26,SPL
                 	IN   R27,SPH
                 	ADIW R26,@0+1
                 	LD   R30,X+
                 	LD   R31,X
                 	.ENDM
                 
                 	.MACRO __GETD1STACK
                 	IN   R26,SPL
                 	IN   R27,SPH
                 	ADIW R26,@0+1
                 	LD   R30,X+
                 	LD   R31,X+
                 	LD   R22,X
                 	.ENDM
                 
                 	.MACRO __NBST
                 	BST  R@0,@1
                 	IN   R30,SREG
                 	LDI  R31,0x40
                 	EOR  R30,R31
                 	OUT  SREG,R30
                 	.ENDM
                 
                 
                 	.MACRO __PUTB1SN
                 	LDD  R26,Y+@0
                 	LDD  R27,Y+@0+1
                 	SUBI R26,LOW(-@1)
                 	SBCI R27,HIGH(-@1)
                 	ST   X,R30
                 	.ENDM
                 
                 	.MACRO __PUTW1SN
                 	LDD  R26,Y+@0
                 	LDD  R27,Y+@0+1
                 	SUBI R26,LOW(-@1)
                 	SBCI R27,HIGH(-@1)
                 	ST   X+,R30
                 	ST   X,R31
                 	.ENDM
                 
                 	.MACRO __PUTD1SN
                 	LDD  R26,Y+@0
                 	LDD  R27,Y+@0+1
                 	SUBI R26,LOW(-@1)
                 	SBCI R27,HIGH(-@1)
                 	CALL __PUTDP1
                 	.ENDM
                 
                 	.MACRO __PUTB1SNS
                 	LDD  R26,Y+@0
                 	LDD  R27,Y+@0+1
                 	ADIW R26,@1
                 	ST   X,R30
                 	.ENDM
                 
                 	.MACRO __PUTW1SNS
                 	LDD  R26,Y+@0
                 	LDD  R27,Y+@0+1
                 	ADIW R26,@1
                 	ST   X+,R30
                 	ST   X,R31
                 	.ENDM
                 
                 	.MACRO __PUTD1SNS
                 	LDD  R26,Y+@0
                 	LDD  R27,Y+@0+1
                 	ADIW R26,@1
                 	CALL __PUTDP1
                 	.ENDM
                 
                 	.MACRO __PUTB1PMN
                 	LDS  R26,@0
                 	LDS  R27,@0+1
                 	SUBI R26,LOW(-@1)
                 	SBCI R27,HIGH(-@1)
                 	ST   X,R30
                 	.ENDM
                 
                 	.MACRO __PUTW1PMN
                 	LDS  R26,@0
                 	LDS  R27,@0+1
                 	SUBI R26,LOW(-@1)
                 	SBCI R27,HIGH(-@1)
                 	ST   X+,R30
                 	ST   X,R31
                 	.ENDM
                 
                 	.MACRO __PUTD1PMN
                 	LDS  R26,@0
                 	LDS  R27,@0+1
                 	SUBI R26,LOW(-@1)
                 	SBCI R27,HIGH(-@1)
                 	CALL __PUTDP1
                 	.ENDM
                 
                 	.MACRO __PUTB1PMNS
                 	LDS  R26,@0
                 	LDS  R27,@0+1
                 	ADIW R26,@1
                 	ST   X,R30
                 	.ENDM
                 
                 	.MACRO __PUTW1PMNS
                 	LDS  R26,@0
                 	LDS  R27,@0+1
                 	ADIW R26,@1
                 	ST   X+,R30
                 	ST   X,R31
                 	.ENDM
                 
                 	.MACRO __PUTD1PMNS
                 	LDS  R26,@0
                 	LDS  R27,@0+1
                 	ADIW R26,@1
                 	CALL __PUTDP1
                 	.ENDM
                 
                 	.MACRO __PUTB1RN
                 	MOVW R26,R@0
                 	SUBI R26,LOW(-@1)
                 	SBCI R27,HIGH(-@1)
                 	ST   X,R30
                 	.ENDM
                 
                 	.MACRO __PUTW1RN
                 	MOVW R26,R@0
                 	SUBI R26,LOW(-@1)
                 	SBCI R27,HIGH(-@1)
                 	ST   X+,R30
                 	ST   X,R31
                 	.ENDM
                 
                 	.MACRO __PUTD1RN
                 	MOVW R26,R@0
                 	SUBI R26,LOW(-@1)
                 	SBCI R27,HIGH(-@1)
                 	CALL __PUTDP1
                 	.ENDM
                 
                 	.MACRO __PUTB1RNS
                 	MOVW R26,R@0
                 	ADIW R26,@1
                 	ST   X,R30
                 	.ENDM
                 
                 	.MACRO __PUTW1RNS
                 	MOVW R26,R@0
                 	ADIW R26,@1
                 	ST   X+,R30
                 	ST   X,R31
                 	.ENDM
                 
                 	.MACRO __PUTD1RNS
                 	MOVW R26,R@0
                 	ADIW R26,@1
                 	CALL __PUTDP1
                 	.ENDM
                 
                 	.MACRO __PUTB1RON
                 	MOV  R26,R@0
                 	MOV  R27,R@1
                 	SUBI R26,LOW(-@2)
                 	SBCI R27,HIGH(-@2)
                 	ST   X,R30
                 	.ENDM
                 
                 	.MACRO __PUTW1RON
                 	MOV  R26,R@0
                 	MOV  R27,R@1
                 	SUBI R26,LOW(-@2)
                 	SBCI R27,HIGH(-@2)
                 	ST   X+,R30
                 	ST   X,R31
                 	.ENDM
                 
                 	.MACRO __PUTD1RON
                 	MOV  R26,R@0
                 	MOV  R27,R@1
                 	SUBI R26,LOW(-@2)
                 	SBCI R27,HIGH(-@2)
                 	CALL __PUTDP1
                 	.ENDM
                 
                 	.MACRO __PUTB1RONS
                 	MOV  R26,R@0
                 	MOV  R27,R@1
                 	ADIW R26,@2
                 	ST   X,R30
                 	.ENDM
                 
                 	.MACRO __PUTW1RONS
                 	MOV  R26,R@0
                 	MOV  R27,R@1
                 	ADIW R26,@2
                 	ST   X+,R30
                 	ST   X,R31
                 	.ENDM
                 
                 	.MACRO __PUTD1RONS
                 	MOV  R26,R@0
                 	MOV  R27,R@1
                 	ADIW R26,@2
                 	CALL __PUTDP1
                 	.ENDM
                 
                 
                 	.MACRO __GETB1SX
                 	MOVW R30,R28
                 	SUBI R30,LOW(-@0)
                 	SBCI R31,HIGH(-@0)
                 	LD   R30,Z
                 	.ENDM
                 
                 	.MACRO __GETB1HSX
                 	MOVW R30,R28
                 	SUBI R30,LOW(-@0)
                 	SBCI R31,HIGH(-@0)
                 	LD   R31,Z
                 	.ENDM
                 
                 	.MACRO __GETW1SX
                 	MOVW R30,R28
                 	SUBI R30,LOW(-@0)
                 	SBCI R31,HIGH(-@0)
                 	LD   R0,Z+
                 	LD   R31,Z
                 	MOV  R30,R0
                 	.ENDM
                 
                 	.MACRO __GETD1SX
                 	MOVW R30,R28
                 	SUBI R30,LOW(-@0)
                 	SBCI R31,HIGH(-@0)
                 	LD   R0,Z+
                 	LD   R1,Z+
                 	LD   R22,Z+
                 	LD   R23,Z
                 	MOVW R30,R0
                 	.ENDM
                 
                 	.MACRO __GETB2SX
                 	MOVW R26,R28
                 	SUBI R26,LOW(-@0)
                 	SBCI R27,HIGH(-@0)
                 	LD   R26,X
                 	.ENDM
                 
                 	.MACRO __GETW2SX
                 	MOVW R26,R28
                 	SUBI R26,LOW(-@0)
                 	SBCI R27,HIGH(-@0)
                 	LD   R0,X+
                 	LD   R27,X
                 	MOV  R26,R0
                 	.ENDM
                 
                 	.MACRO __GETD2SX
                 	MOVW R26,R28
                 	SUBI R26,LOW(-@0)
                 	SBCI R27,HIGH(-@0)
                 	LD   R0,X+
                 	LD   R1,X+
                 	LD   R24,X+
                 	LD   R25,X
                 	MOVW R26,R0
                 	.ENDM
                 
                 	.MACRO __GETBRSX
                 	MOVW R30,R28
                 	SUBI R30,LOW(-@1)
                 	SBCI R31,HIGH(-@1)
                 	LD   R@0,Z
                 	.ENDM
                 
                 	.MACRO __GETWRSX
                 	MOVW R30,R28
                 	SUBI R30,LOW(-@2)
                 	SBCI R31,HIGH(-@2)
                 	LD   R@0,Z+
                 	LD   R@1,Z
                 	.ENDM
                 
                 	.MACRO __GETBRSX2
                 	MOVW R26,R28
                 	SUBI R26,LOW(-@1)
                 	SBCI R27,HIGH(-@1)
                 	LD   R@0,X
                 	.ENDM
                 
                 	.MACRO __GETWRSX2
                 	MOVW R26,R28
                 	SUBI R26,LOW(-@2)
                 	SBCI R27,HIGH(-@2)
                 	LD   R@0,X+
                 	LD   R@1,X
                 	.ENDM
                 
                 	.MACRO __LSLW8SX
                 	MOVW R30,R28
                 	SUBI R30,LOW(-@0)
                 	SBCI R31,HIGH(-@0)
                 	LD   R31,Z
                 	CLR  R30
                 	.ENDM
                 
                 	.MACRO __PUTB1SX
                 	MOVW R26,R28
                 	SUBI R26,LOW(-@0)
                 	SBCI R27,HIGH(-@0)
                 	ST   X,R30
                 	.ENDM
                 
                 	.MACRO __PUTW1SX
                 	MOVW R26,R28
                 	SUBI R26,LOW(-@0)
                 	SBCI R27,HIGH(-@0)
                 	ST   X+,R30
                 	ST   X,R31
                 	.ENDM
                 
                 	.MACRO __PUTD1SX
                 	MOVW R26,R28
                 	SUBI R26,LOW(-@0)
                 	SBCI R27,HIGH(-@0)
                 	ST   X+,R30
                 	ST   X+,R31
                 	ST   X+,R22
                 	ST   X,R23
                 	.ENDM
                 
                 	.MACRO __CLRW1SX
                 	MOVW R26,R28
                 	SUBI R26,LOW(-@0)
                 	SBCI R27,HIGH(-@0)
                 	ST   X+,R30
                 	ST   X,R30
                 	.ENDM
                 
                 	.MACRO __CLRD1SX
                 	MOVW R26,R28
                 	SUBI R26,LOW(-@0)
                 	SBCI R27,HIGH(-@0)
                 	ST   X+,R30
                 	ST   X+,R30
                 	ST   X+,R30
                 	ST   X,R30
                 	.ENDM
                 
                 	.MACRO __PUTB2SX
                 	MOVW R30,R28
                 	SUBI R30,LOW(-@0)
                 	SBCI R31,HIGH(-@0)
                 	ST   Z,R26
                 	.ENDM
                 
                 	.MACRO __PUTW2SX
                 	MOVW R30,R28
                 	SUBI R30,LOW(-@0)
                 	SBCI R31,HIGH(-@0)
                 	ST   Z+,R26
                 	ST   Z,R27
                 	.ENDM
                 
                 	.MACRO __PUTD2SX
                 	MOVW R30,R28
                 	SUBI R30,LOW(-@0)
                 	SBCI R31,HIGH(-@0)
                 	ST   Z+,R26
                 	ST   Z+,R27
                 	ST   Z+,R24
                 	ST   Z,R25
                 	.ENDM
                 
                 	.MACRO __PUTBSRX
                 	MOVW R30,R28
                 	SUBI R30,LOW(-@1)
                 	SBCI R31,HIGH(-@1)
                 	ST   Z,R@0
                 	.ENDM
                 
                 	.MACRO __PUTWSRX
                 	MOVW R30,R28
                 	SUBI R30,LOW(-@2)
                 	SBCI R31,HIGH(-@2)
                 	ST   Z+,R@0
                 	ST   Z,R@1
                 	.ENDM
                 
                 	.MACRO __PUTB1SNX
                 	MOVW R26,R28
                 	SUBI R26,LOW(-@0)
                 	SBCI R27,HIGH(-@0)
                 	LD   R0,X+
                 	LD   R27,X
                 	MOV  R26,R0
                 	SUBI R26,LOW(-@1)
                 	SBCI R27,HIGH(-@1)
                 	ST   X,R30
                 	.ENDM
                 
                 	.MACRO __PUTW1SNX
                 	MOVW R26,R28
                 	SUBI R26,LOW(-@0)
                 	SBCI R27,HIGH(-@0)
                 	LD   R0,X+
                 	LD   R27,X
                 	MOV  R26,R0
                 	SUBI R26,LOW(-@1)
                 	SBCI R27,HIGH(-@1)
                 	ST   X+,R30
                 	ST   X,R31
                 	.ENDM
                 
                 	.MACRO __PUTD1SNX
                 	MOVW R26,R28
                 	SUBI R26,LOW(-@0)
                 	SBCI R27,HIGH(-@0)
                 	LD   R0,X+
                 	LD   R27,X
                 	MOV  R26,R0
                 	SUBI R26,LOW(-@1)
                 	SBCI R27,HIGH(-@1)
                 	ST   X+,R30
                 	ST   X+,R31
                 	ST   X+,R22
                 	ST   X,R23
                 	.ENDM
                 
                 	.MACRO __MULBRR
                 	MULS R@0,R@1
                 	MOVW R30,R0
                 	.ENDM
                 
                 	.MACRO __MULBRRU
                 	MUL  R@0,R@1
                 	MOVW R30,R0
                 	.ENDM
                 
                 	.MACRO __MULBRR0
                 	MULS R@0,R@1
                 	.ENDM
                 
                 	.MACRO __MULBRRU0
                 	MUL  R@0,R@1
                 	.ENDM
                 
                 	.MACRO __MULBNWRU
                 	LDI  R26,@2
                 	MUL  R26,R@0
                 	MOVW R30,R0
                 	MUL  R26,R@1
                 	ADD  R31,R0
                 	.ENDM
                 
                 ;NAME DEFINITIONS FOR GLOBAL VARIABLES ALLOCATED TO REGISTERS
                 	.DEF _L=R5
                 	.DEF _M=R4
                 	.DEF _R=R7
                 	.DEF _x=R6
                 	.DEF _Dav=R8
                 	.DEF __lcd_x=R11
                 	.DEF __lcd_y=R10
                 	.DEF __lcd_maxx=R13
                 
                 	.CSEG
                 	.ORG 0x00
                 
                 ;START OF CODE MARKER
                 __START_OF_CODE:
                 
                 ;INTERRUPT VECTORS
000000 940c 0036 	JMP  __RESET
000002 940c 0000 	JMP  0x00
000004 940c 0000 	JMP  0x00
000006 940c 0000 	JMP  0x00
000008 940c 0000 	JMP  0x00
00000a 940c 0000 	JMP  0x00
00000c 940c 0000 	JMP  0x00
00000e 940c 0000 	JMP  0x00
000010 940c 0000 	JMP  0x00
000012 940c 0000 	JMP  0x00
000014 940c 0000 	JMP  0x00
000016 940c 0000 	JMP  0x00
000018 940c 0000 	JMP  0x00
00001a 940c 0000 	JMP  0x00
00001c 940c 0000 	JMP  0x00
00001e 940c 0000 	JMP  0x00
000020 940c 0000 	JMP  0x00
000022 940c 0000 	JMP  0x00
000024 940c 0000 	JMP  0x00
000026 940c 0000 	JMP  0x00
000028 940c 0000 	JMP  0x00
                 
                 _0x2000003:
00002a c080      	.DB  0x80,0xC0
                 _0x202005F:
H:\OWN_PROJECT\line follower\line follower\line follower\List\l.asm(1100): warning: .cseg .db misalignment - padding zero byte
00002b 0001      	.DB  0x1
                 _0x2020000:
00002c 4e2d
00002d 4e41
H:\OWN_PROJECT\line follower\line follower\line follower\List\l.asm(1102): warning: .cseg .db misalignment - padding zero byte
00002e 0000      	.DB  0x2D,0x4E,0x41,0x4E,0x0
                 
                 __GLOBAL_INI_TBL:
00002f 0002      	.DW  0x02
000030 0160      	.DW  __base_y_G100
000031 0054      	.DW  _0x2000003*2
                 
000032 0001      	.DW  0x01
000033 0164      	.DW  __seed_G101
000034 0056      	.DW  _0x202005F*2
                 
                 _0xFFFFFFFF:
000035 0000      	.DW  0
                 
                 __RESET:
000036 94f8      	CLI
000037 27ee      	CLR  R30
000038 bbec      	OUT  EECR,R30
                 
                 ;INTERRUPT VECTORS ARE PLACED
                 ;AT THE START OF FLASH
000039 e0f1      	LDI  R31,1
00003a bffb      	OUT  GICR,R31
00003b bfeb      	OUT  GICR,R30
00003c bfe5      	OUT  MCUCR,R30
                 
                 ;DISABLE WATCHDOG
00003d e1f8      	LDI  R31,0x18
00003e bdf1      	OUT  WDTCR,R31
00003f bde1      	OUT  WDTCR,R30
                 
                 ;CLEAR R2-R14
000040 e08d      	LDI  R24,(14-2)+1
000041 e0a2      	LDI  R26,2
000042 27bb      	CLR  R27
                 __CLEAR_REG:
000043 93ed      	ST   X+,R30
000044 958a      	DEC  R24
000045 f7e9      	BRNE __CLEAR_REG
                 
                 ;CLEAR SRAM
000046 e080      	LDI  R24,LOW(__CLEAR_SRAM_SIZE)
000047 e094      	LDI  R25,HIGH(__CLEAR_SRAM_SIZE)
000048 e6a0      	LDI  R26,__SRAM_START
                 __CLEAR_SRAM:
000049 93ed      	ST   X+,R30
00004a 9701      	SBIW R24,1
00004b f7e9      	BRNE __CLEAR_SRAM
                 
                 ;GLOBAL VARIABLES INITIALIZATION
00004c e5ee      	LDI  R30,LOW(__GLOBAL_INI_TBL*2)
00004d e0f0      	LDI  R31,HIGH(__GLOBAL_INI_TBL*2)
                 __GLOBAL_INI_NEXT:
00004e 9185      	LPM  R24,Z+
00004f 9195      	LPM  R25,Z+
000050 9700      	SBIW R24,0
000051 f061      	BREQ __GLOBAL_INI_END
000052 91a5      	LPM  R26,Z+
000053 91b5      	LPM  R27,Z+
000054 9005      	LPM  R0,Z+
000055 9015      	LPM  R1,Z+
000056 01bf      	MOVW R22,R30
000057 01f0      	MOVW R30,R0
                 __GLOBAL_INI_LOOP:
000058 9005      	LPM  R0,Z+
000059 920d      	ST   X+,R0
00005a 9701      	SBIW R24,1
00005b f7e1      	BRNE __GLOBAL_INI_LOOP
00005c 01fb      	MOVW R30,R22
00005d cff0      	RJMP __GLOBAL_INI_NEXT
                 __GLOBAL_INI_END:
                 
                 ;STACK POINTER INITIALIZATION
00005e e5ef      	LDI  R30,LOW(__SRAM_END-__HEAP_SIZE)
00005f bfed      	OUT  SPL,R30
000060 e0e4      	LDI  R30,HIGH(__SRAM_END-__HEAP_SIZE)
000061 bfee      	OUT  SPH,R30
                 
                 ;DATA STACK POINTER INITIALIZATION
000062 e6c0      	LDI  R28,LOW(__SRAM_START+__DSTACK_SIZE)
000063 e0d1      	LDI  R29,HIGH(__SRAM_START+__DSTACK_SIZE)
                 
000064 940c 0073 	JMP  _main
                 
                 	.ESEG
                 	.ORG 0
                 
                 	.DSEG
                 	.ORG 0x160
                 
                 	.CSEG
                 ;/*****************************************************
                 ;This program was produced by the
                 ;CodeWizardAVR V2.03.4 Standard
                 ;Automatic Program Generator
                 ;© Copyright 1998-2008 Pavel Haiduc, HP InfoTech s.r.l.
                 ;http://www.hpinfotech.com
                 ;
                 ;Project :
                 ;Version :
                 ;Date    : 12/26/2012
                 ;Author  :
                 ;Company :
                 ;Comments:
                 ;
                 ;
                 ;Chip type           : ATmega16
                 ;Program type        : Application
                 ;Clock frequency     : 1.000000 MHz
                 ;Memory model        : Small
                 ;External RAM size   : 0
                 ;Data Stack size     : 256
                 ;*****************************************************/
                 ;
                 ;#include <mega16.h>
                 	#ifndef __SLEEP_DEFINED__
                 	#define __SLEEP_DEFINED__
                 	.EQU __se_bit=0x40
                 	.EQU __sm_mask=0xB0
                 	.EQU __sm_powerdown=0x20
                 	.EQU __sm_powersave=0x30
                 	.EQU __sm_standby=0xA0
                 	.EQU __sm_ext_standby=0xB0
                 	.EQU __sm_adc_noise_red=0x10
                 	.SET power_ctrl_reg=mcucr
                 	#endif
                 ;
                 ;// Alphanumeric LCD Module functions
                 ;#asm
                    .equ __lcd_port=0x15 ;PORTC
                 ; 0000 001D #endasm
                 ;#include <lcd.h>
                 ;#include <stdlib.h>
                 ;#include <delay.h>
                 ;
                 ;#define ADC_VREF_TYPE 0x20
                 ;
                 ;// Read the 8 most significant bits
                 ;// of the AD conversion result
                 ;unsigned char read_adc(unsigned char adc_input)
                 ; 0000 0027 {
                 
                 	.CSEG
                 _read_adc:
                 ; 0000 0028 ADMUX=adc_input | (ADC_VREF_TYPE & 0xff);
                 ;	adc_input -> Y+0
000066 81e8      	LD   R30,Y
000067 62e0      	ORI  R30,0x20
000068 b9e7      	OUT  0x7,R30
                 ; 0000 0029 // Delay needed for the stabilization of the ADC input voltage
                 ; 0000 002A delay_us(10);
                +
000069 e083     +LDI R24 , LOW ( 3 )
                +__DELAY_USB_LOOP :
00006a 958a     +DEC R24
00006b f7f1     +BRNE __DELAY_USB_LOOP
                 	__DELAY_USB 3
                 ; 0000 002B // Start the AD conversion
                 ; 0000 002C ADCSRA|=0x40;
00006c 9a36      	SBI  0x6,6
                 ; 0000 002D // Wait for the AD conversion to complete
                 ; 0000 002E while ((ADCSRA & 0x10)==0);
                 _0x3:
00006d 9b34      	SBIS 0x6,4
00006e cffe      	RJMP _0x3
                 ; 0000 002F ADCSRA|=0x10;
00006f 9a34      	SBI  0x6,4
                 ; 0000 0030 return ADCH;
000070 b1e5      	IN   R30,0x5
000071 940c 016c 	JMP  _0x20A0001
                 ; 0000 0031 }
                 ;
                 ;// Declare your global variables here
                 ;
                 ;unsigned char L,M,R,x;
                 ;unsigned int Dav;
                 ;char buffer[3],buffer1[3],buffer2[3],buffer3[3],buffer4[3];
                 ;
                 ;void main(void)
                 ; 0000 003A {
                 _main:
                 ; 0000 003B // Declare your local variables here
                 ; 0000 003C 
                 ; 0000 003D // Input/Output Ports initialization
                 ; 0000 003E // Port A initialization
                 ; 0000 003F // Func7=In Func6=In Func5=In Func4=In Func3=In Func2=In Func1=In Func0=In
                 ; 0000 0040 // State7=T State6=T State5=T State4=T State3=T State2=T State1=T State0=T
                 ; 0000 0041 PORTA=0x00;
000073 e0e0      	LDI  R30,LOW(0)
000074 bbeb      	OUT  0x1B,R30
                 ; 0000 0042 DDRA=0x00;
000075 bbea      	OUT  0x1A,R30
                 ; 0000 0043 
                 ; 0000 0044 // Port B initialization
                 ; 0000 0045 // Func7=In Func6=In Func5=In Func4=In Func3=Out Func2=In Func1=In Func0=In
                 ; 0000 0046 // State7=T State6=T State5=T State4=T State3=0 State2=T State1=T State0=T
                 ; 0000 0047 PORTB=0x00;
000076 bbe8      	OUT  0x18,R30
                 ; 0000 0048 DDRB=0x08;
000077 e0e8      	LDI  R30,LOW(8)
000078 bbe7      	OUT  0x17,R30
                 ; 0000 0049 
                 ; 0000 004A // Port C initialization
                 ; 0000 004B // Func7=In Func6=In Func5=In Func4=In Func3=In Func2=In Func1=In Func0=In
                 ; 0000 004C // State7=T State6=T State5=T State4=T State3=T State2=T State1=T State0=T
                 ; 0000 004D PORTC=0x00;
000079 e0e0      	LDI  R30,LOW(0)
00007a bbe5      	OUT  0x15,R30
                 ; 0000 004E DDRC=0x00;
00007b bbe4      	OUT  0x14,R30
                 ; 0000 004F 
                 ; 0000 0050 // Port D initialization
                 ; 0000 0051 // Func7=Out Func6=In Func5=In Func4=In Func3=In Func2=In Func1=In Func0=In
                 ; 0000 0052 // State7=0 State6=T State5=T State4=T State3=T State2=T State1=T State0=T
                 ; 0000 0053 PORTD=0x00;
00007c bbe2      	OUT  0x12,R30
                 ; 0000 0054 DDRD=0x80;
00007d e8e0      	LDI  R30,LOW(128)
00007e bbe1      	OUT  0x11,R30
                 ; 0000 0055 
                 ; 0000 0056 // Timer/Counter 0 initialization
                 ; 0000 0057 // Clock source: System Clock
                 ; 0000 0058 // Clock value: 1000.000 kHz
                 ; 0000 0059 // Mode: Phase correct PWM top=FFh
                 ; 0000 005A // OC0 output: Non-Inverted PWM
                 ; 0000 005B TCCR0=0x61;
00007f e6e1      	LDI  R30,LOW(97)
000080 bfe3      	OUT  0x33,R30
                 ; 0000 005C TCNT0=0x00;
000081 e0e0      	LDI  R30,LOW(0)
000082 bfe2      	OUT  0x32,R30
                 ; 0000 005D OCR0=0x00;
000083 bfec      	OUT  0x3C,R30
                 ; 0000 005E 
                 ; 0000 005F // Timer/Counter 1 initialization
                 ; 0000 0060 // Clock source: System Clock
                 ; 0000 0061 // Clock value: Timer 1 Stopped
                 ; 0000 0062 // Mode: Normal top=FFFFh
                 ; 0000 0063 // OC1A output: Discon.
                 ; 0000 0064 // OC1B output: Discon.
                 ; 0000 0065 // Noise Canceler: Off
                 ; 0000 0066 // Input Capture on Falling Edge
                 ; 0000 0067 // Timer 1 Overflow Interrupt: Off
                 ; 0000 0068 // Input Capture Interrupt: Off
                 ; 0000 0069 // Compare A Match Interrupt: Off
                 ; 0000 006A // Compare B Match Interrupt: Off
                 ; 0000 006B TCCR1A=0x00;
000084 bdef      	OUT  0x2F,R30
                 ; 0000 006C TCCR1B=0x00;
000085 bdee      	OUT  0x2E,R30
                 ; 0000 006D TCNT1H=0x00;
000086 bded      	OUT  0x2D,R30
                 ; 0000 006E TCNT1L=0x00;
000087 bdec      	OUT  0x2C,R30
                 ; 0000 006F ICR1H=0x00;
000088 bde7      	OUT  0x27,R30
                 ; 0000 0070 ICR1L=0x00;
000089 bde6      	OUT  0x26,R30
                 ; 0000 0071 OCR1AH=0x00;
00008a bdeb      	OUT  0x2B,R30
                 ; 0000 0072 OCR1AL=0x00;
00008b bdea      	OUT  0x2A,R30
                 ; 0000 0073 OCR1BH=0x00;
00008c bde9      	OUT  0x29,R30
                 ; 0000 0074 OCR1BL=0x00;
00008d bde8      	OUT  0x28,R30
                 ; 0000 0075 
                 ; 0000 0076 // Timer/Counter 2 initialization
                 ; 0000 0077 // Clock source: System Clock
                 ; 0000 0078 // Clock value: 1000.000 kHz
                 ; 0000 0079 // Mode: Phase correct PWM top=FFh
                 ; 0000 007A // OC2 output: Non-Inverted PWM
                 ; 0000 007B ASSR=0x00;
00008e bde2      	OUT  0x22,R30
                 ; 0000 007C TCCR2=0x61;
00008f e6e1      	LDI  R30,LOW(97)
000090 bde5      	OUT  0x25,R30
                 ; 0000 007D TCNT2=0x00;
000091 e0e0      	LDI  R30,LOW(0)
000092 bde4      	OUT  0x24,R30
                 ; 0000 007E OCR2=0x00;
000093 bde3      	OUT  0x23,R30
                 ; 0000 007F 
                 ; 0000 0080 // External Interrupt(s) initialization
                 ; 0000 0081 // INT0: Off
                 ; 0000 0082 // INT1: Off
                 ; 0000 0083 // INT2: Off
                 ; 0000 0084 MCUCR=0x00;
000094 bfe5      	OUT  0x35,R30
                 ; 0000 0085 MCUCSR=0x00;
000095 bfe4      	OUT  0x34,R30
                 ; 0000 0086 
                 ; 0000 0087 // Timer(s)/Counter(s) Interrupt(s) initialization
                 ; 0000 0088 TIMSK=0x00;
000096 bfe9      	OUT  0x39,R30
                 ; 0000 0089 
                 ; 0000 008A // Analog Comparator initialization
                 ; 0000 008B // Analog Comparator: Off
                 ; 0000 008C // Analog Comparator Input Capture by Timer/Counter 1: Off
                 ; 0000 008D ACSR=0x80;
000097 e8e0      	LDI  R30,LOW(128)
000098 b9e8      	OUT  0x8,R30
                 ; 0000 008E SFIOR=0x00;
000099 e0e0      	LDI  R30,LOW(0)
00009a bfe0      	OUT  0x30,R30
                 ; 0000 008F 
                 ; 0000 0090 // ADC initialization
                 ; 0000 0091 // ADC Clock frequency: 7.813 kHz
                 ; 0000 0092 // ADC Voltage Reference: AREF pin
                 ; 0000 0093 // ADC Auto Trigger Source: None
                 ; 0000 0094 // Only the 8 most significant bits of
                 ; 0000 0095 // the AD conversion result are used
                 ; 0000 0096 ADMUX=ADC_VREF_TYPE & 0xff;
00009b e2e0      	LDI  R30,LOW(32)
00009c b9e7      	OUT  0x7,R30
                 ; 0000 0097 ADCSRA=0x87;
00009d e8e7      	LDI  R30,LOW(135)
00009e b9e6      	OUT  0x6,R30
                 ; 0000 0098 
                 ; 0000 0099 // LCD module initialization
                 ; 0000 009A lcd_init(16);
00009f e1e0      	LDI  R30,LOW(16)
0000a0 93ea      	ST   -Y,R30
0000a1 940e 013a 	CALL _lcd_init
                 ; 0000 009B 
                 ; 0000 009C // asume that left sensor connected to PA0
                 ; 0000 009D // asume that Middle sensor connected to PA1
                 ; 0000 009E // asume that right sensor connected to PA2
                 ; 0000 009F // any analg value it's digital value is multiplied by 255/2
                 ; 0000 00A0 
                 ; 0000 00A1 //    DIGITAL AVERAGE    ANALOG ABVERAGE      OCR value
                 ; 0000 00A2 //       255/2                   1                0
                 ; 0000 00A3 //       255                     2              255/2
                 ; 0000 00A4 //       3*255/2                 3               255
                 ; 0000 00A5 
                 ; 0000 00A6 // LCD is connected for DEBUGGING
                 ; 0000 00A7 
                 ; 0000 00A8 while (1)
                 _0x6:
                 ; 0000 00A9       {
                 ; 0000 00AA       // Place your code here
                 ; 0000 00AB       L=read_adc(0);
0000a3 e0e0      	LDI  R30,LOW(0)
0000a4 93ea      	ST   -Y,R30
0000a5 dfc0      	RCALL _read_adc
0000a6 2e5e      	MOV  R5,R30
                 ; 0000 00AC       M=read_adc(1);
0000a7 e0e1      	LDI  R30,LOW(1)
0000a8 93ea      	ST   -Y,R30
0000a9 dfbc      	RCALL _read_adc
0000aa 2e4e      	MOV  R4,R30
                 ; 0000 00AD       R=read_adc(2);
0000ab e0e2      	LDI  R30,LOW(2)
0000ac 93ea      	ST   -Y,R30
0000ad dfb8      	RCALL _read_adc
0000ae 2e7e      	MOV  R7,R30
                 ; 0000 00AE //      lcd_gotoxy(0,0);
                 ; 0000 00AF //      itoa(L,buffer);
                 ; 0000 00B0 //      lcd_puts(buffer);
                 ; 0000 00B1 //      lcd_gotoxy(5,0);
                 ; 0000 00B2 //      itoa(M,buffer1);
                 ; 0000 00B3 //      lcd_puts(buffer1);
                 ; 0000 00B4 //      lcd_gotoxy(10,0);
                 ; 0000 00B5 //      itoa(R,buffer2);
                 ; 0000 00B6 //      lcd_puts(buffer2);
                 ; 0000 00B7       Dav=(L*1+M*2+R*3)/3;
0000af 2da5      	MOV  R26,R5
0000b0 e0e1      	LDI  R30,LOW(1)
0000b1 9fea      	MUL  R30,R26
0000b2 01b0      	MOVW R22,R0
0000b3 2da4      	MOV  R26,R4
0000b4 e0e2      	LDI  R30,LOW(2)
0000b5 9fea      	MUL  R30,R26
0000b6 01f0      	MOVW R30,R0
                +
0000b7 0f6e     +ADD R22 , R30
0000b8 1f7f     +ADC R23 , R31
                 	__ADDWRR 22,23,30,31
0000b9 2da7      	MOV  R26,R7
0000ba e0e3      	LDI  R30,LOW(3)
0000bb 9fea      	MUL  R30,R26
0000bc 01f0      	MOVW R30,R0
0000bd 01db      	MOVW R26,R22
0000be 0fae      	ADD  R26,R30
0000bf 1fbf      	ADC  R27,R31
0000c0 e0e3      	LDI  R30,LOW(3)
0000c1 e0f0      	LDI  R31,HIGH(3)
0000c2 940e 0190 	CALL __DIVW21
0000c4 014f      	MOVW R8,R30
                 ; 0000 00B8       // TIMER2 CONTROLS THE LEFT MOTOR
                 ; 0000 00B9       OCR2 = Dav-255/2;
0000c5 01f4      	MOVW R30,R8
0000c6 57ef      	SUBI R30,LOW(127)
0000c7 40f0      	SBCI R31,HIGH(127)
0000c8 bde3      	OUT  0x23,R30
                 ; 0000 00BA //      x=Dav-255/2;
                 ; 0000 00BB //      lcd_gotoxy(8,1);
                 ; 0000 00BC //      itoa(x,buffer3);
                 ; 0000 00BD //      lcd_puts(buffer3);
                 ; 0000 00BE       // TIMER0 CONTROLS THE RIGHT MOTOR
                 ; 0000 00BF       OCR0 = 255-(Dav-255/2);
0000c9 01f4      	MOVW R30,R8
0000ca 57ef      	SUBI R30,LOW(127)
0000cb 40f0      	SBCI R31,HIGH(127)
0000cc efaf      	LDI  R26,LOW(255)
0000cd e0b0      	LDI  R27,HIGH(255)
0000ce 940e 01a3 	CALL __SWAPW12
0000d0 1bea      	SUB  R30,R26
0000d1 0bfb      	SBC  R31,R27
0000d2 bfec      	OUT  0x3C,R30
                 ; 0000 00C0 //      x=255-(Dav-255/2);
                 ; 0000 00C1 //      itoa(x,buffer4);
                 ; 0000 00C2 //      lcd_gotoxy(0,1);
                 ; 0000 00C3 //      lcd_puts(buffer4);
                 ; 0000 00C4       };
0000d3 cfcf      	RJMP _0x6
                 ; 0000 00C5 }
                 _0x9:
0000d4 cfff      	RJMP _0x9
                     .equ __lcd_direction=__lcd_port-1
                     .equ __lcd_pin=__lcd_port-2
                     .equ __lcd_rs=0
                     .equ __lcd_rd=1
                     .equ __lcd_enable=2
                     .equ __lcd_busy_flag=7
                 
                 	.DSEG
                 
                 	.CSEG
                 __lcd_delay_G100:
0000d5 e0ff          ldi   r31,15
                 __lcd_delay0:
0000d6 95fa          dec   r31
0000d7 f7f1          brne  __lcd_delay0
0000d8 9508      	RET
                 __lcd_ready:
0000d9 b3a4          in    r26,__lcd_direction
0000da 70af          andi  r26,0xf                 ;set as input
0000db bba4          out   __lcd_direction,r26
0000dc 9aa9          sbi   __lcd_port,__lcd_rd     ;RD=1
0000dd 98a8          cbi   __lcd_port,__lcd_rs     ;RS=0
                 __lcd_busy:
0000de dff6      	RCALL __lcd_delay_G100
0000df 9aaa          sbi   __lcd_port,__lcd_enable ;EN=1
0000e0 dff4      	RCALL __lcd_delay_G100
0000e1 b3a3          in    r26,__lcd_pin
0000e2 98aa          cbi   __lcd_port,__lcd_enable ;EN=0
0000e3 dff1      	RCALL __lcd_delay_G100
0000e4 9aaa          sbi   __lcd_port,__lcd_enable ;EN=1
0000e5 dfef      	RCALL __lcd_delay_G100
0000e6 98aa          cbi   __lcd_port,__lcd_enable ;EN=0
0000e7 fda7          sbrc  r26,__lcd_busy_flag
0000e8 cff5          rjmp  __lcd_busy
0000e9 9508      	RET
                 __lcd_write_nibble_G100:
0000ea 7fa0          andi  r26,0xf0
0000eb 2bab          or    r26,r27
0000ec bba5          out   __lcd_port,r26          ;write
0000ed 9aaa          sbi   __lcd_port,__lcd_enable ;EN=1
0000ee 940e 00d5 	CALL __lcd_delay_G100
0000f0 98aa          cbi   __lcd_port,__lcd_enable ;EN=0
0000f1 940e 00d5 	CALL __lcd_delay_G100
0000f3 9508      	RET
                 __lcd_write_data:
0000f4 98a9          cbi  __lcd_port,__lcd_rd 	  ;RD=0
0000f5 b3a4          in    r26,__lcd_direction
0000f6 6fa7          ori   r26,0xf0 | (1<<__lcd_rs) | (1<<__lcd_rd) | (1<<__lcd_enable) ;set as output
0000f7 bba4          out   __lcd_direction,r26
0000f8 b3b5          in    r27,__lcd_port
0000f9 70bf          andi  r27,0xf
0000fa 81a8          ld    r26,y
0000fb dfee      	RCALL __lcd_write_nibble_G100
0000fc 81a8          ld    r26,y
0000fd 95a2          swap  r26
0000fe dfeb      	RCALL __lcd_write_nibble_G100
0000ff 9aa9          sbi   __lcd_port,__lcd_rd     ;RD=1
000100 940c 016c 	JMP  _0x20A0001
                 __lcd_read_nibble_G100:
000102 9aaa          sbi   __lcd_port,__lcd_enable ;EN=1
000103 940e 00d5 	CALL __lcd_delay_G100
000105 b3e3          in    r30,__lcd_pin           ;read
000106 98aa          cbi   __lcd_port,__lcd_enable ;EN=0
000107 940e 00d5 	CALL __lcd_delay_G100
000109 7fe0          andi  r30,0xf0
00010a 9508      	RET
                 _lcd_read_byte0_G100:
00010b 940e 00d5 	CALL __lcd_delay_G100
00010d dff4      	RCALL __lcd_read_nibble_G100
00010e 2fae          mov   r26,r30
00010f dff2      	RCALL __lcd_read_nibble_G100
000110 98a9          cbi   __lcd_port,__lcd_rd     ;RD=0
000111 95e2          swap  r30
000112 2bea          or    r30,r26
000113 9508      	RET
                 _lcd_clear:
000114 940e 00d9 	CALL __lcd_ready
000116 e0e2      	LDI  R30,LOW(2)
000117 93ea      	ST   -Y,R30
000118 940e 00f4 	CALL __lcd_write_data
00011a 940e 00d9 	CALL __lcd_ready
00011c e0ec      	LDI  R30,LOW(12)
00011d 93ea      	ST   -Y,R30
00011e 940e 00f4 	CALL __lcd_write_data
000120 940e 00d9 	CALL __lcd_ready
000122 e0e1      	LDI  R30,LOW(1)
000123 93ea      	ST   -Y,R30
000124 940e 00f4 	CALL __lcd_write_data
000126 e0e0      	LDI  R30,LOW(0)
000127 2eae      	MOV  R10,R30
000128 2ebe      	MOV  R11,R30
000129 9508      	RET
                 __long_delay_G100:
00012a 27aa          clr   r26
00012b 27bb          clr   r27
                 __long_delay0:
00012c 9711          sbiw  r26,1         ;2 cycles
00012d f7f1          brne  __long_delay0 ;2 cycles
00012e 9508      	RET
                 __lcd_init_write_G100:
00012f 98a9          cbi  __lcd_port,__lcd_rd 	  ;RD=0
000130 b3a4          in    r26,__lcd_direction
000131 6fa7          ori   r26,0xf7                ;set as output
000132 bba4          out   __lcd_direction,r26
000133 b3b5          in    r27,__lcd_port
000134 70bf          andi  r27,0xf
000135 81a8          ld    r26,y
000136 940e 00ea 	CALL __lcd_write_nibble_G100
000138 9aa9          sbi   __lcd_port,__lcd_rd     ;RD=1
000139 c032      	RJMP _0x20A0001
                 _lcd_init:
00013a 98aa          cbi   __lcd_port,__lcd_enable ;EN=0
00013b 98a8          cbi   __lcd_port,__lcd_rs     ;RS=0
00013c 80d8      	LDD  R13,Y+0
00013d 81e8      	LD   R30,Y
00013e 58e0      	SUBI R30,-LOW(128)
                +
00013f 93e0 0162+STS __base_y_G100 + ( 2 ) , R30
                 	__PUTB1MN __base_y_G100,2
000141 81e8      	LD   R30,Y
000142 54e0      	SUBI R30,-LOW(192)
                +
000143 93e0 0163+STS __base_y_G100 + ( 3 ) , R30
                 	__PUTB1MN __base_y_G100,3
000145 940e 016e 	CALL SUBOPT_0x0
000147 940e 016e 	CALL SUBOPT_0x0
000149 940e 016e 	CALL SUBOPT_0x0
00014b dfde      	RCALL __long_delay_G100
00014c e2e0      	LDI  R30,LOW(32)
00014d 93ea      	ST   -Y,R30
00014e dfe0      	RCALL __lcd_init_write_G100
00014f dfda      	RCALL __long_delay_G100
000150 e2e8      	LDI  R30,LOW(40)
000151 940e 0174 	CALL SUBOPT_0x1
000153 e0e4      	LDI  R30,LOW(4)
000154 940e 0174 	CALL SUBOPT_0x1
000156 e8e5      	LDI  R30,LOW(133)
000157 940e 0174 	CALL SUBOPT_0x1
000159 b3a4          in    r26,__lcd_direction
00015a 70af          andi  r26,0xf                 ;set as input
00015b bba4          out   __lcd_direction,r26
00015c 9aa9          sbi   __lcd_port,__lcd_rd     ;RD=1
00015d 940e 010b 	CALL _lcd_read_byte0_G100
00015f 30e5      	CPI  R30,LOW(0x5)
000160 f011      	BREQ _0x200000B
000161 e0e0      	LDI  R30,LOW(0)
000162 c009      	RJMP _0x20A0001
                 _0x200000B:
000163 940e 00d9 	CALL __lcd_ready
000165 e0e6      	LDI  R30,LOW(6)
000166 93ea      	ST   -Y,R30
000167 940e 00f4 	CALL __lcd_write_data
000169 940e 0114 	CALL _lcd_clear
00016b e0e1      	LDI  R30,LOW(1)
                 _0x20A0001:
00016c 9621      	ADIW R28,1
00016d 9508      	RET
                 
                 	.CSEG
                 
                 	.DSEG
                 
                 	.CSEG
                 
                 	.CSEG
                 
                 	.CSEG
                 
                 	.CSEG
                 
                 	.DSEG
                 __base_y_G100:
000160           	.BYTE 0x4
                 __seed_G101:
000164           	.BYTE 0x4
                 
                 	.CSEG
                 ;OPTIMIZER ADDED SUBROUTINE, CALLED 3 TIMES, CODE SIZE REDUCTION:5 WORDS
                 SUBOPT_0x0:
00016e 940e 012a 	CALL __long_delay_G100
000170 e3e0      	LDI  R30,LOW(48)
000171 93ea      	ST   -Y,R30
000172 940c 012f 	JMP  __lcd_init_write_G100
                 
                 ;OPTIMIZER ADDED SUBROUTINE, CALLED 3 TIMES, CODE SIZE REDUCTION:3 WORDS
                 SUBOPT_0x1:
000174 93ea      	ST   -Y,R30
000175 940e 00f4 	CALL __lcd_write_data
000177 940c 012a 	JMP  __long_delay_G100
                 
                 
                 	.CSEG
                 __ANEGW1:
000179 95f1      	NEG  R31
00017a 95e1      	NEG  R30
00017b 40f0      	SBCI R31,0
00017c 9508      	RET
                 
                 __DIVW21U:
00017d 2400      	CLR  R0
00017e 2411      	CLR  R1
00017f e190      	LDI  R25,16
                 __DIVW21U1:
000180 0faa      	LSL  R26
000181 1fbb      	ROL  R27
000182 1c00      	ROL  R0
000183 1c11      	ROL  R1
000184 1a0e      	SUB  R0,R30
000185 0a1f      	SBC  R1,R31
000186 f418      	BRCC __DIVW21U2
000187 0e0e      	ADD  R0,R30
000188 1e1f      	ADC  R1,R31
000189 c001      	RJMP __DIVW21U3
                 __DIVW21U2:
00018a 60a1      	SBR  R26,1
                 __DIVW21U3:
00018b 959a      	DEC  R25
00018c f799      	BRNE __DIVW21U1
00018d 01fd      	MOVW R30,R26
00018e 01d0      	MOVW R26,R0
00018f 9508      	RET
                 
                 __DIVW21:
000190 d004      	RCALL __CHKSIGNW
000191 dfeb      	RCALL __DIVW21U
000192 f40e      	BRTC __DIVW211
000193 dfe5      	RCALL __ANEGW1
                 __DIVW211:
000194 9508      	RET
                 
                 __CHKSIGNW:
000195 94e8      	CLT
000196 fff7      	SBRS R31,7
000197 c002      	RJMP __CHKSW1
000198 dfe0      	RCALL __ANEGW1
000199 9468      	SET
                 __CHKSW1:
00019a ffb7      	SBRS R27,7
00019b c006      	RJMP __CHKSW2
00019c 95a0      	COM  R26
00019d 95b0      	COM  R27
00019e 9611      	ADIW R26,1
00019f f800      	BLD  R0,0
0001a0 9403      	INC  R0
0001a1 fa00      	BST  R0,0
                 __CHKSW2:
0001a2 9508      	RET
                 
                 __SWAPW12:
0001a3 2e1b      	MOV  R1,R27
0001a4 2fbf      	MOV  R27,R31
0001a5 2df1      	MOV  R31,R1
                 
                 __SWAPB12:
0001a6 2e1a      	MOV  R1,R26
0001a7 2fae      	MOV  R26,R30
0001a8 2de1      	MOV  R30,R1
0001a9 9508      	RET
                 
                 ;END OF CODE MARKER
                 __END_OF_CODE:


RESOURCE USE INFORMATION
------------------------

Notice:
The register and instruction counts are symbol table hit counts,
and hence implicitly used resources are not counted, eg, the
'lpm' instruction without operands implicitly uses r0 and z,
none of which are counted.

x,y,z are separate entities in the symbol table and are
counted separately from r26..r31 here.

.dseg memory usage only counts static data declared with .byte

ATmega16 register use summary:
r0 :  15 r1 :   9 r2 :   0 r3 :   0 r4 :   2 r5 :   2 r6 :   0 r7 :   2 
r8 :   3 r9 :   0 r10:   1 r11:   1 r12:   0 r13:   1 r14:   0 r15:   0 
r16:   0 r17:   0 r18:   0 r19:   0 r20:   0 r21:   0 r22:   5 r23:   1 
r24:   9 r25:   4 r26:  46 r27:  16 r28:   2 r29:   1 r30: 132 r31:  20 
x  :   3 y  :  18 z  :   7 
Registers used: 22 out of 35 (62.9%)

ATmega16 instruction use summary:
.lds  :   0 .lds.l:   0 .sts  :   0 .sts.l:   0 adc   :   3 add   :   3 
adiw  :   2 and   :   0 andi  :   6 asr   :   0 bclr  :   0 bld   :   1 
brbc  :   0 brbs  :   0 brcc  :   1 brcs  :   0 break :   0 breq  :   2 
brge  :   0 brhc  :   0 brhs  :   0 brid  :   0 brie  :   0 brlo  :   0 
brlt  :   0 brmi  :   0 brne  :   7 brpl  :   0 brsh  :   0 brtc  :   1 
brts  :   0 brvc  :   0 brvs  :   0 bset  :   0 bst   :   1 call  :  27 
cbi   :  10 cbr   :   0 clc   :   0 clh   :   0 cli   :   1 cln   :   0 
clr   :   6 cls   :   0 clt   :   1 clv   :   0 clz   :   0 com   :   2 
cp    :   0 cpc   :   0 cpi   :   1 cpse  :   0 dec   :   4 des   :   0 
eor   :   0 fmul  :   0 fmuls :   0 fmulsu:   0 icall :   0 ijmp  :   0 
in    :   9 inc   :   1 jmp   :  26 ld    :   6 ldd   :   1 ldi   :  51 
lds   :   0 lpm   :   7 lsl   :   1 lsr   :   0 mov   :  15 movw  :  12 
mul   :   3 muls  :   0 mulsu :   0 neg   :   2 nop   :   0 or    :   2 
ori   :   3 out   :  48 pop   :   0 push  :   0 rcall :  18 ret   :  13 
reti  :   0 rjmp  :  10 rol   :   3 ror   :   0 sbc   :   2 sbci  :   3 
sbi   :  10 sbic  :   0 sbis  :   1 sbiw  :   4 sbr   :   1 sbrc  :   1 
sbrs  :   2 sec   :   0 seh   :   0 sei   :   0 sen   :   0 ser   :   0 
ses   :   0 set   :   1 sev   :   0 sez   :   0 sleep :   0 spm   :   0 
st    :  14 std   :   0 sts   :   2 sub   :   2 subi  :   4 swap  :   2 
tst   :   0 wdr   :   0 
Instructions used: 51 out of 116 (44.0%)

ATmega16 memory use summary [bytes]:
Segment   Begin    End      Code   Data   Used    Size   Use%
---------------------------------------------------------------
[.cseg] 0x000000 0x000354    828     24    852   16384   5.2%
[.dseg] 0x000060 0x000168      0      8      8    1024   0.8%
[.eseg] 0x000000 0x000000      0      0      0     512   0.0%

Assembly complete, 0 errors, 10 warnings
