
AVRASM ver. 2.1.30  C:\Users\SONY\Desktop\pro\List\aarohan.asm Sat Feb 09 16:32:30 2013

C:\Users\SONY\Desktop\pro\List\aarohan.asm(1072): warning: Register r4 already defined by the .DEF directive
C:\Users\SONY\Desktop\pro\List\aarohan.asm(1073): warning: Register r6 already defined by the .DEF directive
C:\Users\SONY\Desktop\pro\List\aarohan.asm(1074): warning: Register r8 already defined by the .DEF directive
C:\Users\SONY\Desktop\pro\List\aarohan.asm(1075): warning: Register r10 already defined by the .DEF directive
                 
                 
                 ;CodeVisionAVR C Compiler V2.60 Evaluation
                 ;(C) Copyright 1998-2012 Pavel Haiduc, HP InfoTech s.r.l.
                 ;http://www.hpinfotech.com
                 
                 ;Chip type              : ATmega16A
                 ;Program type           : Application
                 ;Clock frequency        : 8.000000 MHz
                 ;Memory model           : Small
                 ;Optimize for           : Size
                 ;(s)printf features     : int, width
                 ;(s)scanf features      : int, width
                 ;External RAM size      : 0
                 ;Data Stack size        : 256 byte(s)
                 ;Heap size              : 0 byte(s)
                 ;Promote 'char' to 'int': Yes
                 ;'char' is unsigned     : Yes
                 ;8 bit enums            : Yes
                 ;Global 'const' stored in FLASH: No
                 ;Enhanced function parameter passing: Yes
                 ;Enhanced core instructions: On
                 ;Automatic register allocation for global variables: On
                 ;Smart register allocation: On
                 
                 	#pragma AVRPART ADMIN PART_NAME ATmega16A
                 	#pragma AVRPART MEMORY PROG_FLASH 16384
                 	#pragma AVRPART MEMORY EEPROM 512
                 	#pragma AVRPART MEMORY INT_SRAM SIZE 1024
                 	#pragma AVRPART MEMORY INT_SRAM START_ADDR 0x60
                 
                 	#define CALL_SUPPORTED 1
                 
                 	.LISTMAC
                 	.EQU UDRE=0x5
                 	.EQU RXC=0x7
                 	.EQU USR=0xB
                 	.EQU UDR=0xC
                 	.EQU SPSR=0xE
                 	.EQU SPDR=0xF
                 	.EQU EERE=0x0
                 	.EQU EEWE=0x1
                 	.EQU EEMWE=0x2
                 	.EQU EECR=0x1C
                 	.EQU EEDR=0x1D
                 	.EQU EEARL=0x1E
                 	.EQU EEARH=0x1F
                 	.EQU WDTCR=0x21
                 	.EQU MCUCR=0x35
                 	.EQU GICR=0x3B
                 	.EQU SPL=0x3D
                 	.EQU SPH=0x3E
                 	.EQU SREG=0x3F
                 
                 	.DEF R0X0=R0
                 	.DEF R0X1=R1
                 	.DEF R0X2=R2
                 	.DEF R0X3=R3
                 	.DEF R0X4=R4
                 	.DEF R0X5=R5
                 	.DEF R0X6=R6
                 	.DEF R0X7=R7
                 	.DEF R0X8=R8
                 	.DEF R0X9=R9
                 	.DEF R0XA=R10
                 	.DEF R0XB=R11
                 	.DEF R0XC=R12
                 	.DEF R0XD=R13
                 	.DEF R0XE=R14
                 	.DEF R0XF=R15
                 	.DEF R0X10=R16
                 	.DEF R0X11=R17
                 	.DEF R0X12=R18
                 	.DEF R0X13=R19
                 	.DEF R0X14=R20
                 	.DEF R0X15=R21
                 	.DEF R0X16=R22
                 	.DEF R0X17=R23
                 	.DEF R0X18=R24
                 	.DEF R0X19=R25
                 	.DEF R0X1A=R26
                 	.DEF R0X1B=R27
                 	.DEF R0X1C=R28
                 	.DEF R0X1D=R29
                 	.DEF R0X1E=R30
                 	.DEF R0X1F=R31
                 
                 	.EQU __SRAM_START=0x0060
                 	.EQU __SRAM_END=0x045F
                 	.EQU __DSTACK_SIZE=0x0100
                 	.EQU __HEAP_SIZE=0x0000
                 	.EQU __CLEAR_SRAM_SIZE=__SRAM_END-__SRAM_START+1
                 
                 	.MACRO __CPD1N
                 	CPI  R30,LOW(@0)
                 	LDI  R26,HIGH(@0)
                 	CPC  R31,R26
                 	LDI  R26,BYTE3(@0)
                 	CPC  R22,R26
                 	LDI  R26,BYTE4(@0)
                 	CPC  R23,R26
                 	.ENDM
                 
                 	.MACRO __CPD2N
                 	CPI  R26,LOW(@0)
                 	LDI  R30,HIGH(@0)
                 	CPC  R27,R30
                 	LDI  R30,BYTE3(@0)
                 	CPC  R24,R30
                 	LDI  R30,BYTE4(@0)
                 	CPC  R25,R30
                 	.ENDM
                 
                 	.MACRO __CPWRR
                 	CP   R@0,R@2
                 	CPC  R@1,R@3
                 	.ENDM
                 
                 	.MACRO __CPWRN
                 	CPI  R@0,LOW(@2)
                 	LDI  R30,HIGH(@2)
                 	CPC  R@1,R30
                 	.ENDM
                 
                 	.MACRO __ADDB1MN
                 	SUBI R30,LOW(-@0-(@1))
                 	.ENDM
                 
                 	.MACRO __ADDB2MN
                 	SUBI R26,LOW(-@0-(@1))
                 	.ENDM
                 
                 	.MACRO __ADDW1MN
                 	SUBI R30,LOW(-@0-(@1))
                 	SBCI R31,HIGH(-@0-(@1))
                 	.ENDM
                 
                 	.MACRO __ADDW2MN
                 	SUBI R26,LOW(-@0-(@1))
                 	SBCI R27,HIGH(-@0-(@1))
                 	.ENDM
                 
                 	.MACRO __ADDW1FN
                 	SUBI R30,LOW(-2*@0-(@1))
                 	SBCI R31,HIGH(-2*@0-(@1))
                 	.ENDM
                 
                 	.MACRO __ADDD1FN
                 	SUBI R30,LOW(-2*@0-(@1))
                 	SBCI R31,HIGH(-2*@0-(@1))
                 	SBCI R22,BYTE3(-2*@0-(@1))
                 	.ENDM
                 
                 	.MACRO __ADDD1N
                 	SUBI R30,LOW(-@0)
                 	SBCI R31,HIGH(-@0)
                 	SBCI R22,BYTE3(-@0)
                 	SBCI R23,BYTE4(-@0)
                 	.ENDM
                 
                 	.MACRO __ADDD2N
                 	SUBI R26,LOW(-@0)
                 	SBCI R27,HIGH(-@0)
                 	SBCI R24,BYTE3(-@0)
                 	SBCI R25,BYTE4(-@0)
                 	.ENDM
                 
                 	.MACRO __SUBD1N
                 	SUBI R30,LOW(@0)
                 	SBCI R31,HIGH(@0)
                 	SBCI R22,BYTE3(@0)
                 	SBCI R23,BYTE4(@0)
                 	.ENDM
                 
                 	.MACRO __SUBD2N
                 	SUBI R26,LOW(@0)
                 	SBCI R27,HIGH(@0)
                 	SBCI R24,BYTE3(@0)
                 	SBCI R25,BYTE4(@0)
                 	.ENDM
                 
                 	.MACRO __ANDBMNN
                 	LDS  R30,@0+(@1)
                 	ANDI R30,LOW(@2)
                 	STS  @0+(@1),R30
                 	.ENDM
                 
                 	.MACRO __ANDWMNN
                 	LDS  R30,@0+(@1)
                 	ANDI R30,LOW(@2)
                 	STS  @0+(@1),R30
                 	LDS  R30,@0+(@1)+1
                 	ANDI R30,HIGH(@2)
                 	STS  @0+(@1)+1,R30
                 	.ENDM
                 
                 	.MACRO __ANDD1N
                 	ANDI R30,LOW(@0)
                 	ANDI R31,HIGH(@0)
                 	ANDI R22,BYTE3(@0)
                 	ANDI R23,BYTE4(@0)
                 	.ENDM
                 
                 	.MACRO __ANDD2N
                 	ANDI R26,LOW(@0)
                 	ANDI R27,HIGH(@0)
                 	ANDI R24,BYTE3(@0)
                 	ANDI R25,BYTE4(@0)
                 	.ENDM
                 
                 	.MACRO __ORBMNN
                 	LDS  R30,@0+(@1)
                 	ORI  R30,LOW(@2)
                 	STS  @0+(@1),R30
                 	.ENDM
                 
                 	.MACRO __ORWMNN
                 	LDS  R30,@0+(@1)
                 	ORI  R30,LOW(@2)
                 	STS  @0+(@1),R30
                 	LDS  R30,@0+(@1)+1
                 	ORI  R30,HIGH(@2)
                 	STS  @0+(@1)+1,R30
                 	.ENDM
                 
                 	.MACRO __ORD1N
                 	ORI  R30,LOW(@0)
                 	ORI  R31,HIGH(@0)
                 	ORI  R22,BYTE3(@0)
                 	ORI  R23,BYTE4(@0)
                 	.ENDM
                 
                 	.MACRO __ORD2N
                 	ORI  R26,LOW(@0)
                 	ORI  R27,HIGH(@0)
                 	ORI  R24,BYTE3(@0)
                 	ORI  R25,BYTE4(@0)
                 	.ENDM
                 
                 	.MACRO __DELAY_USB
                 	LDI  R24,LOW(@0)
                 __DELAY_USB_LOOP:
                 	DEC  R24
                 	BRNE __DELAY_USB_LOOP
                 	.ENDM
                 
                 	.MACRO __DELAY_USW
                 	LDI  R24,LOW(@0)
                 	LDI  R25,HIGH(@0)
                 __DELAY_USW_LOOP:
                 	SBIW R24,1
                 	BRNE __DELAY_USW_LOOP
                 	.ENDM
                 
                 	.MACRO __GETD1S
                 	LDD  R30,Y+@0
                 	LDD  R31,Y+@0+1
                 	LDD  R22,Y+@0+2
                 	LDD  R23,Y+@0+3
                 	.ENDM
                 
                 	.MACRO __GETD2S
                 	LDD  R26,Y+@0
                 	LDD  R27,Y+@0+1
                 	LDD  R24,Y+@0+2
                 	LDD  R25,Y+@0+3
                 	.ENDM
                 
                 	.MACRO __PUTD1S
                 	STD  Y+@0,R30
                 	STD  Y+@0+1,R31
                 	STD  Y+@0+2,R22
                 	STD  Y+@0+3,R23
                 	.ENDM
                 
                 	.MACRO __PUTD2S
                 	STD  Y+@0,R26
                 	STD  Y+@0+1,R27
                 	STD  Y+@0+2,R24
                 	STD  Y+@0+3,R25
                 	.ENDM
                 
                 	.MACRO __PUTDZ2
                 	STD  Z+@0,R26
                 	STD  Z+@0+1,R27
                 	STD  Z+@0+2,R24
                 	STD  Z+@0+3,R25
                 	.ENDM
                 
                 	.MACRO __CLRD1S
                 	STD  Y+@0,R30
                 	STD  Y+@0+1,R30
                 	STD  Y+@0+2,R30
                 	STD  Y+@0+3,R30
                 	.ENDM
                 
                 	.MACRO __POINTB1MN
                 	LDI  R30,LOW(@0+(@1))
                 	.ENDM
                 
                 	.MACRO __POINTW1MN
                 	LDI  R30,LOW(@0+(@1))
                 	LDI  R31,HIGH(@0+(@1))
                 	.ENDM
                 
                 	.MACRO __POINTD1M
                 	LDI  R30,LOW(@0)
                 	LDI  R31,HIGH(@0)
                 	LDI  R22,BYTE3(@0)
                 	LDI  R23,BYTE4(@0)
                 	.ENDM
                 
                 	.MACRO __POINTW1FN
                 	LDI  R30,LOW(2*@0+(@1))
                 	LDI  R31,HIGH(2*@0+(@1))
                 	.ENDM
                 
                 	.MACRO __POINTD1FN
                 	LDI  R30,LOW(2*@0+(@1))
                 	LDI  R31,HIGH(2*@0+(@1))
                 	LDI  R22,BYTE3(2*@0+(@1))
                 	LDI  R23,BYTE4(2*@0+(@1))
                 	.ENDM
                 
                 	.MACRO __POINTB2MN
                 	LDI  R26,LOW(@0+(@1))
                 	.ENDM
                 
                 	.MACRO __POINTW2MN
                 	LDI  R26,LOW(@0+(@1))
                 	LDI  R27,HIGH(@0+(@1))
                 	.ENDM
                 
                 	.MACRO __POINTW2FN
                 	LDI  R26,LOW(2*@0+(@1))
                 	LDI  R27,HIGH(2*@0+(@1))
                 	.ENDM
                 
                 	.MACRO __POINTD2FN
                 	LDI  R26,LOW(2*@0+(@1))
                 	LDI  R27,HIGH(2*@0+(@1))
                 	LDI  R24,BYTE3(2*@0+(@1))
                 	LDI  R25,BYTE4(2*@0+(@1))
                 	.ENDM
                 
                 	.MACRO __POINTBRM
                 	LDI  R@0,LOW(@1)
                 	.ENDM
                 
                 	.MACRO __POINTWRM
                 	LDI  R@0,LOW(@2)
                 	LDI  R@1,HIGH(@2)
                 	.ENDM
                 
                 	.MACRO __POINTBRMN
                 	LDI  R@0,LOW(@1+(@2))
                 	.ENDM
                 
                 	.MACRO __POINTWRMN
                 	LDI  R@0,LOW(@2+(@3))
                 	LDI  R@1,HIGH(@2+(@3))
                 	.ENDM
                 
                 	.MACRO __POINTWRFN
                 	LDI  R@0,LOW(@2*2+(@3))
                 	LDI  R@1,HIGH(@2*2+(@3))
                 	.ENDM
                 
                 	.MACRO __GETD1N
                 	LDI  R30,LOW(@0)
                 	LDI  R31,HIGH(@0)
                 	LDI  R22,BYTE3(@0)
                 	LDI  R23,BYTE4(@0)
                 	.ENDM
                 
                 	.MACRO __GETD2N
                 	LDI  R26,LOW(@0)
                 	LDI  R27,HIGH(@0)
                 	LDI  R24,BYTE3(@0)
                 	LDI  R25,BYTE4(@0)
                 	.ENDM
                 
                 	.MACRO __GETB1MN
                 	LDS  R30,@0+(@1)
                 	.ENDM
                 
                 	.MACRO __GETB1HMN
                 	LDS  R31,@0+(@1)
                 	.ENDM
                 
                 	.MACRO __GETW1MN
                 	LDS  R30,@0+(@1)
                 	LDS  R31,@0+(@1)+1
                 	.ENDM
                 
                 	.MACRO __GETD1MN
                 	LDS  R30,@0+(@1)
                 	LDS  R31,@0+(@1)+1
                 	LDS  R22,@0+(@1)+2
                 	LDS  R23,@0+(@1)+3
                 	.ENDM
                 
                 	.MACRO __GETBRMN
                 	LDS  R@0,@1+(@2)
                 	.ENDM
                 
                 	.MACRO __GETWRMN
                 	LDS  R@0,@2+(@3)
                 	LDS  R@1,@2+(@3)+1
                 	.ENDM
                 
                 	.MACRO __GETWRZ
                 	LDD  R@0,Z+@2
                 	LDD  R@1,Z+@2+1
                 	.ENDM
                 
                 	.MACRO __GETD2Z
                 	LDD  R26,Z+@0
                 	LDD  R27,Z+@0+1
                 	LDD  R24,Z+@0+2
                 	LDD  R25,Z+@0+3
                 	.ENDM
                 
                 	.MACRO __GETB2MN
                 	LDS  R26,@0+(@1)
                 	.ENDM
                 
                 	.MACRO __GETW2MN
                 	LDS  R26,@0+(@1)
                 	LDS  R27,@0+(@1)+1
                 	.ENDM
                 
                 	.MACRO __GETD2MN
                 	LDS  R26,@0+(@1)
                 	LDS  R27,@0+(@1)+1
                 	LDS  R24,@0+(@1)+2
                 	LDS  R25,@0+(@1)+3
                 	.ENDM
                 
                 	.MACRO __PUTB1MN
                 	STS  @0+(@1),R30
                 	.ENDM
                 
                 	.MACRO __PUTW1MN
                 	STS  @0+(@1),R30
                 	STS  @0+(@1)+1,R31
                 	.ENDM
                 
                 	.MACRO __PUTD1MN
                 	STS  @0+(@1),R30
                 	STS  @0+(@1)+1,R31
                 	STS  @0+(@1)+2,R22
                 	STS  @0+(@1)+3,R23
                 	.ENDM
                 
                 	.MACRO __PUTB1EN
                 	LDI  R26,LOW(@0+(@1))
                 	LDI  R27,HIGH(@0+(@1))
                 	CALL __EEPROMWRB
                 	.ENDM
                 
                 	.MACRO __PUTW1EN
                 	LDI  R26,LOW(@0+(@1))
                 	LDI  R27,HIGH(@0+(@1))
                 	CALL __EEPROMWRW
                 	.ENDM
                 
                 	.MACRO __PUTD1EN
                 	LDI  R26,LOW(@0+(@1))
                 	LDI  R27,HIGH(@0+(@1))
                 	CALL __EEPROMWRD
                 	.ENDM
                 
                 	.MACRO __PUTBR0MN
                 	STS  @0+(@1),R0
                 	.ENDM
                 
                 	.MACRO __PUTBMRN
                 	STS  @0+(@1),R@2
                 	.ENDM
                 
                 	.MACRO __PUTWMRN
                 	STS  @0+(@1),R@2
                 	STS  @0+(@1)+1,R@3
                 	.ENDM
                 
                 	.MACRO __PUTBZR
                 	STD  Z+@1,R@0
                 	.ENDM
                 
                 	.MACRO __PUTWZR
                 	STD  Z+@2,R@0
                 	STD  Z+@2+1,R@1
                 	.ENDM
                 
                 	.MACRO __GETW1R
                 	MOV  R30,R@0
                 	MOV  R31,R@1
                 	.ENDM
                 
                 	.MACRO __GETW2R
                 	MOV  R26,R@0
                 	MOV  R27,R@1
                 	.ENDM
                 
                 	.MACRO __GETWRN
                 	LDI  R@0,LOW(@2)
                 	LDI  R@1,HIGH(@2)
                 	.ENDM
                 
                 	.MACRO __PUTW1R
                 	MOV  R@0,R30
                 	MOV  R@1,R31
                 	.ENDM
                 
                 	.MACRO __PUTW2R
                 	MOV  R@0,R26
                 	MOV  R@1,R27
                 	.ENDM
                 
                 	.MACRO __ADDWRN
                 	SUBI R@0,LOW(-@2)
                 	SBCI R@1,HIGH(-@2)
                 	.ENDM
                 
                 	.MACRO __ADDWRR
                 	ADD  R@0,R@2
                 	ADC  R@1,R@3
                 	.ENDM
                 
                 	.MACRO __SUBWRN
                 	SUBI R@0,LOW(@2)
                 	SBCI R@1,HIGH(@2)
                 	.ENDM
                 
                 	.MACRO __SUBWRR
                 	SUB  R@0,R@2
                 	SBC  R@1,R@3
                 	.ENDM
                 
                 	.MACRO __ANDWRN
                 	ANDI R@0,LOW(@2)
                 	ANDI R@1,HIGH(@2)
                 	.ENDM
                 
                 	.MACRO __ANDWRR
                 	AND  R@0,R@2
                 	AND  R@1,R@3
                 	.ENDM
                 
                 	.MACRO __ORWRN
                 	ORI  R@0,LOW(@2)
                 	ORI  R@1,HIGH(@2)
                 	.ENDM
                 
                 	.MACRO __ORWRR
                 	OR   R@0,R@2
                 	OR   R@1,R@3
                 	.ENDM
                 
                 	.MACRO __EORWRR
                 	EOR  R@0,R@2
                 	EOR  R@1,R@3
                 	.ENDM
                 
                 	.MACRO __GETWRS
                 	LDD  R@0,Y+@2
                 	LDD  R@1,Y+@2+1
                 	.ENDM
                 
                 	.MACRO __PUTBSR
                 	STD  Y+@1,R@0
                 	.ENDM
                 
                 	.MACRO __PUTWSR
                 	STD  Y+@2,R@0
                 	STD  Y+@2+1,R@1
                 	.ENDM
                 
                 	.MACRO __MOVEWRR
                 	MOV  R@0,R@2
                 	MOV  R@1,R@3
                 	.ENDM
                 
                 	.MACRO __INWR
                 	IN   R@0,@2
                 	IN   R@1,@2+1
                 	.ENDM
                 
                 	.MACRO __OUTWR
                 	OUT  @2+1,R@1
                 	OUT  @2,R@0
                 	.ENDM
                 
                 	.MACRO __CALL1MN
                 	LDS  R30,@0+(@1)
                 	LDS  R31,@0+(@1)+1
                 	ICALL
                 	.ENDM
                 
                 	.MACRO __CALL1FN
                 	LDI  R30,LOW(2*@0+(@1))
                 	LDI  R31,HIGH(2*@0+(@1))
                 	CALL __GETW1PF
                 	ICALL
                 	.ENDM
                 
                 	.MACRO __CALL2EN
                 	LDI  R26,LOW(@0+(@1))
                 	LDI  R27,HIGH(@0+(@1))
                 	CALL __EEPROMRDW
                 	ICALL
                 	.ENDM
                 
                 	.MACRO __GETW1STACK
                 	IN   R26,SPL
                 	IN   R27,SPH
                 	ADIW R26,@0+1
                 	LD   R30,X+
                 	LD   R31,X
                 	.ENDM
                 
                 	.MACRO __GETD1STACK
                 	IN   R26,SPL
                 	IN   R27,SPH
                 	ADIW R26,@0+1
                 	LD   R30,X+
                 	LD   R31,X+
                 	LD   R22,X
                 	.ENDM
                 
                 	.MACRO __NBST
                 	BST  R@0,@1
                 	IN   R30,SREG
                 	LDI  R31,0x40
                 	EOR  R30,R31
                 	OUT  SREG,R30
                 	.ENDM
                 
                 
                 	.MACRO __PUTB1SN
                 	LDD  R26,Y+@0
                 	LDD  R27,Y+@0+1
                 	SUBI R26,LOW(-@1)
                 	SBCI R27,HIGH(-@1)
                 	ST   X,R30
                 	.ENDM
                 
                 	.MACRO __PUTW1SN
                 	LDD  R26,Y+@0
                 	LDD  R27,Y+@0+1
                 	SUBI R26,LOW(-@1)
                 	SBCI R27,HIGH(-@1)
                 	ST   X+,R30
                 	ST   X,R31
                 	.ENDM
                 
                 	.MACRO __PUTD1SN
                 	LDD  R26,Y+@0
                 	LDD  R27,Y+@0+1
                 	SUBI R26,LOW(-@1)
                 	SBCI R27,HIGH(-@1)
                 	CALL __PUTDP1
                 	.ENDM
                 
                 	.MACRO __PUTB1SNS
                 	LDD  R26,Y+@0
                 	LDD  R27,Y+@0+1
                 	ADIW R26,@1
                 	ST   X,R30
                 	.ENDM
                 
                 	.MACRO __PUTW1SNS
                 	LDD  R26,Y+@0
                 	LDD  R27,Y+@0+1
                 	ADIW R26,@1
                 	ST   X+,R30
                 	ST   X,R31
                 	.ENDM
                 
                 	.MACRO __PUTD1SNS
                 	LDD  R26,Y+@0
                 	LDD  R27,Y+@0+1
                 	ADIW R26,@1
                 	CALL __PUTDP1
                 	.ENDM
                 
                 	.MACRO __PUTB1PMN
                 	LDS  R26,@0
                 	LDS  R27,@0+1
                 	SUBI R26,LOW(-@1)
                 	SBCI R27,HIGH(-@1)
                 	ST   X,R30
                 	.ENDM
                 
                 	.MACRO __PUTW1PMN
                 	LDS  R26,@0
                 	LDS  R27,@0+1
                 	SUBI R26,LOW(-@1)
                 	SBCI R27,HIGH(-@1)
                 	ST   X+,R30
                 	ST   X,R31
                 	.ENDM
                 
                 	.MACRO __PUTD1PMN
                 	LDS  R26,@0
                 	LDS  R27,@0+1
                 	SUBI R26,LOW(-@1)
                 	SBCI R27,HIGH(-@1)
                 	CALL __PUTDP1
                 	.ENDM
                 
                 	.MACRO __PUTB1PMNS
                 	LDS  R26,@0
                 	LDS  R27,@0+1
                 	ADIW R26,@1
                 	ST   X,R30
                 	.ENDM
                 
                 	.MACRO __PUTW1PMNS
                 	LDS  R26,@0
                 	LDS  R27,@0+1
                 	ADIW R26,@1
                 	ST   X+,R30
                 	ST   X,R31
                 	.ENDM
                 
                 	.MACRO __PUTD1PMNS
                 	LDS  R26,@0
                 	LDS  R27,@0+1
                 	ADIW R26,@1
                 	CALL __PUTDP1
                 	.ENDM
                 
                 	.MACRO __PUTB1RN
                 	MOVW R26,R@0
                 	SUBI R26,LOW(-@1)
                 	SBCI R27,HIGH(-@1)
                 	ST   X,R30
                 	.ENDM
                 
                 	.MACRO __PUTW1RN
                 	MOVW R26,R@0
                 	SUBI R26,LOW(-@1)
                 	SBCI R27,HIGH(-@1)
                 	ST   X+,R30
                 	ST   X,R31
                 	.ENDM
                 
                 	.MACRO __PUTD1RN
                 	MOVW R26,R@0
                 	SUBI R26,LOW(-@1)
                 	SBCI R27,HIGH(-@1)
                 	CALL __PUTDP1
                 	.ENDM
                 
                 	.MACRO __PUTB1RNS
                 	MOVW R26,R@0
                 	ADIW R26,@1
                 	ST   X,R30
                 	.ENDM
                 
                 	.MACRO __PUTW1RNS
                 	MOVW R26,R@0
                 	ADIW R26,@1
                 	ST   X+,R30
                 	ST   X,R31
                 	.ENDM
                 
                 	.MACRO __PUTD1RNS
                 	MOVW R26,R@0
                 	ADIW R26,@1
                 	CALL __PUTDP1
                 	.ENDM
                 
                 	.MACRO __PUTB1RON
                 	MOV  R26,R@0
                 	MOV  R27,R@1
                 	SUBI R26,LOW(-@2)
                 	SBCI R27,HIGH(-@2)
                 	ST   X,R30
                 	.ENDM
                 
                 	.MACRO __PUTW1RON
                 	MOV  R26,R@0
                 	MOV  R27,R@1
                 	SUBI R26,LOW(-@2)
                 	SBCI R27,HIGH(-@2)
                 	ST   X+,R30
                 	ST   X,R31
                 	.ENDM
                 
                 	.MACRO __PUTD1RON
                 	MOV  R26,R@0
                 	MOV  R27,R@1
                 	SUBI R26,LOW(-@2)
                 	SBCI R27,HIGH(-@2)
                 	CALL __PUTDP1
                 	.ENDM
                 
                 	.MACRO __PUTB1RONS
                 	MOV  R26,R@0
                 	MOV  R27,R@1
                 	ADIW R26,@2
                 	ST   X,R30
                 	.ENDM
                 
                 	.MACRO __PUTW1RONS
                 	MOV  R26,R@0
                 	MOV  R27,R@1
                 	ADIW R26,@2
                 	ST   X+,R30
                 	ST   X,R31
                 	.ENDM
                 
                 	.MACRO __PUTD1RONS
                 	MOV  R26,R@0
                 	MOV  R27,R@1
                 	ADIW R26,@2
                 	CALL __PUTDP1
                 	.ENDM
                 
                 
                 	.MACRO __GETB1SX
                 	MOVW R30,R28
                 	SUBI R30,LOW(-@0)
                 	SBCI R31,HIGH(-@0)
                 	LD   R30,Z
                 	.ENDM
                 
                 	.MACRO __GETB1HSX
                 	MOVW R30,R28
                 	SUBI R30,LOW(-@0)
                 	SBCI R31,HIGH(-@0)
                 	LD   R31,Z
                 	.ENDM
                 
                 	.MACRO __GETW1SX
                 	MOVW R30,R28
                 	SUBI R30,LOW(-@0)
                 	SBCI R31,HIGH(-@0)
                 	LD   R0,Z+
                 	LD   R31,Z
                 	MOV  R30,R0
                 	.ENDM
                 
                 	.MACRO __GETD1SX
                 	MOVW R30,R28
                 	SUBI R30,LOW(-@0)
                 	SBCI R31,HIGH(-@0)
                 	LD   R0,Z+
                 	LD   R1,Z+
                 	LD   R22,Z+
                 	LD   R23,Z
                 	MOVW R30,R0
                 	.ENDM
                 
                 	.MACRO __GETB2SX
                 	MOVW R26,R28
                 	SUBI R26,LOW(-@0)
                 	SBCI R27,HIGH(-@0)
                 	LD   R26,X
                 	.ENDM
                 
                 	.MACRO __GETW2SX
                 	MOVW R26,R28
                 	SUBI R26,LOW(-@0)
                 	SBCI R27,HIGH(-@0)
                 	LD   R0,X+
                 	LD   R27,X
                 	MOV  R26,R0
                 	.ENDM
                 
                 	.MACRO __GETD2SX
                 	MOVW R26,R28
                 	SUBI R26,LOW(-@0)
                 	SBCI R27,HIGH(-@0)
                 	LD   R0,X+
                 	LD   R1,X+
                 	LD   R24,X+
                 	LD   R25,X
                 	MOVW R26,R0
                 	.ENDM
                 
                 	.MACRO __GETBRSX
                 	MOVW R30,R28
                 	SUBI R30,LOW(-@1)
                 	SBCI R31,HIGH(-@1)
                 	LD   R@0,Z
                 	.ENDM
                 
                 	.MACRO __GETWRSX
                 	MOVW R30,R28
                 	SUBI R30,LOW(-@2)
                 	SBCI R31,HIGH(-@2)
                 	LD   R@0,Z+
                 	LD   R@1,Z
                 	.ENDM
                 
                 	.MACRO __GETBRSX2
                 	MOVW R26,R28
                 	SUBI R26,LOW(-@1)
                 	SBCI R27,HIGH(-@1)
                 	LD   R@0,X
                 	.ENDM
                 
                 	.MACRO __GETWRSX2
                 	MOVW R26,R28
                 	SUBI R26,LOW(-@2)
                 	SBCI R27,HIGH(-@2)
                 	LD   R@0,X+
                 	LD   R@1,X
                 	.ENDM
                 
                 	.MACRO __LSLW8SX
                 	MOVW R30,R28
                 	SUBI R30,LOW(-@0)
                 	SBCI R31,HIGH(-@0)
                 	LD   R31,Z
                 	CLR  R30
                 	.ENDM
                 
                 	.MACRO __PUTB1SX
                 	MOVW R26,R28
                 	SUBI R26,LOW(-@0)
                 	SBCI R27,HIGH(-@0)
                 	ST   X,R30
                 	.ENDM
                 
                 	.MACRO __PUTW1SX
                 	MOVW R26,R28
                 	SUBI R26,LOW(-@0)
                 	SBCI R27,HIGH(-@0)
                 	ST   X+,R30
                 	ST   X,R31
                 	.ENDM
                 
                 	.MACRO __PUTD1SX
                 	MOVW R26,R28
                 	SUBI R26,LOW(-@0)
                 	SBCI R27,HIGH(-@0)
                 	ST   X+,R30
                 	ST   X+,R31
                 	ST   X+,R22
                 	ST   X,R23
                 	.ENDM
                 
                 	.MACRO __CLRW1SX
                 	MOVW R26,R28
                 	SUBI R26,LOW(-@0)
                 	SBCI R27,HIGH(-@0)
                 	ST   X+,R30
                 	ST   X,R30
                 	.ENDM
                 
                 	.MACRO __CLRD1SX
                 	MOVW R26,R28
                 	SUBI R26,LOW(-@0)
                 	SBCI R27,HIGH(-@0)
                 	ST   X+,R30
                 	ST   X+,R30
                 	ST   X+,R30
                 	ST   X,R30
                 	.ENDM
                 
                 	.MACRO __PUTB2SX
                 	MOVW R30,R28
                 	SUBI R30,LOW(-@0)
                 	SBCI R31,HIGH(-@0)
                 	ST   Z,R26
                 	.ENDM
                 
                 	.MACRO __PUTW2SX
                 	MOVW R30,R28
                 	SUBI R30,LOW(-@0)
                 	SBCI R31,HIGH(-@0)
                 	ST   Z+,R26
                 	ST   Z,R27
                 	.ENDM
                 
                 	.MACRO __PUTD2SX
                 	MOVW R30,R28
                 	SUBI R30,LOW(-@0)
                 	SBCI R31,HIGH(-@0)
                 	ST   Z+,R26
                 	ST   Z+,R27
                 	ST   Z+,R24
                 	ST   Z,R25
                 	.ENDM
                 
                 	.MACRO __PUTBSRX
                 	MOVW R30,R28
                 	SUBI R30,LOW(-@1)
                 	SBCI R31,HIGH(-@1)
                 	ST   Z,R@0
                 	.ENDM
                 
                 	.MACRO __PUTWSRX
                 	MOVW R30,R28
                 	SUBI R30,LOW(-@2)
                 	SBCI R31,HIGH(-@2)
                 	ST   Z+,R@0
                 	ST   Z,R@1
                 	.ENDM
                 
                 	.MACRO __PUTB1SNX
                 	MOVW R26,R28
                 	SUBI R26,LOW(-@0)
                 	SBCI R27,HIGH(-@0)
                 	LD   R0,X+
                 	LD   R27,X
                 	MOV  R26,R0
                 	SUBI R26,LOW(-@1)
                 	SBCI R27,HIGH(-@1)
                 	ST   X,R30
                 	.ENDM
                 
                 	.MACRO __PUTW1SNX
                 	MOVW R26,R28
                 	SUBI R26,LOW(-@0)
                 	SBCI R27,HIGH(-@0)
                 	LD   R0,X+
                 	LD   R27,X
                 	MOV  R26,R0
                 	SUBI R26,LOW(-@1)
                 	SBCI R27,HIGH(-@1)
                 	ST   X+,R30
                 	ST   X,R31
                 	.ENDM
                 
                 	.MACRO __PUTD1SNX
                 	MOVW R26,R28
                 	SUBI R26,LOW(-@0)
                 	SBCI R27,HIGH(-@0)
                 	LD   R0,X+
                 	LD   R27,X
                 	MOV  R26,R0
                 	SUBI R26,LOW(-@1)
                 	SBCI R27,HIGH(-@1)
                 	ST   X+,R30
                 	ST   X+,R31
                 	ST   X+,R22
                 	ST   X,R23
                 	.ENDM
                 
                 	.MACRO __MULBRR
                 	MULS R@0,R@1
                 	MOVW R30,R0
                 	.ENDM
                 
                 	.MACRO __MULBRRU
                 	MUL  R@0,R@1
                 	MOVW R30,R0
                 	.ENDM
                 
                 	.MACRO __MULBRR0
                 	MULS R@0,R@1
                 	.ENDM
                 
                 	.MACRO __MULBRRU0
                 	MUL  R@0,R@1
                 	.ENDM
                 
                 	.MACRO __MULBNWRU
                 	LDI  R26,@2
                 	MUL  R26,R@0
                 	MOVW R30,R0
                 	MUL  R26,R@1
                 	ADD  R31,R0
                 	.ENDM
                 
                 ;NAME DEFINITIONS FOR GLOBAL VARIABLES ALLOCATED TO REGISTERS
                 	.DEF _x=R4
                 	.DEF _y=R6
                 	.DEF _z=R8
                 	.DEF _w=R10
                 
                 	.CSEG
                 	.ORG 0x00
                 
                 ;START OF CODE MARKER
                 __START_OF_CODE:
                 
                 ;INTERRUPT VECTORS
000000 940c 0032 	JMP  __RESET
000002 940c 0000 	JMP  0x00
000004 940c 0000 	JMP  0x00
000006 940c 0000 	JMP  0x00
000008 940c 0000 	JMP  0x00
00000a 940c 0000 	JMP  0x00
00000c 940c 0000 	JMP  0x00
00000e 940c 0000 	JMP  0x00
000010 940c 0000 	JMP  0x00
000012 940c 0000 	JMP  0x00
000014 940c 0000 	JMP  0x00
000016 940c 0000 	JMP  0x00
000018 940c 0000 	JMP  0x00
00001a 940c 0000 	JMP  0x00
00001c 940c 0000 	JMP  0x00
00001e 940c 0000 	JMP  0x00
000020 940c 0000 	JMP  0x00
000022 940c 0000 	JMP  0x00
000024 940c 0000 	JMP  0x00
000026 940c 0000 	JMP  0x00
000028 940c 0000 	JMP  0x00
                 
                 ;GLOBAL REGISTER VARIABLES INITIALIZATION
                 __REG_VARS:
00002a 0000
00002b 0000      	.DB  0x0,0x0,0x0,0x0
00002c 0000
00002d 0000      	.DB  0x0,0x0,0x0,0x0
                 
                 
                 __GLOBAL_INI_TBL:
00002e 0008      	.DW  0x08
00002f 0004      	.DW  0x04
000030 0054      	.DW  __REG_VARS*2
                 
                 _0xFFFFFFFF:
000031 0000      	.DW  0
                 
                 __RESET:
000032 94f8      	CLI
000033 27ee      	CLR  R30
000034 bbec      	OUT  EECR,R30
                 
                 ;INTERRUPT VECTORS ARE PLACED
                 ;AT THE START OF FLASH
000035 e0f1      	LDI  R31,1
000036 bffb      	OUT  GICR,R31
000037 bfeb      	OUT  GICR,R30
000038 bfe5      	OUT  MCUCR,R30
                 
                 ;DISABLE WATCHDOG
000039 e1f8      	LDI  R31,0x18
00003a bdf1      	OUT  WDTCR,R31
00003b bde1      	OUT  WDTCR,R30
                 
                 ;CLEAR R2-R14
00003c e08d      	LDI  R24,(14-2)+1
00003d e0a2      	LDI  R26,2
00003e 27bb      	CLR  R27
                 __CLEAR_REG:
00003f 93ed      	ST   X+,R30
000040 958a      	DEC  R24
000041 f7e9      	BRNE __CLEAR_REG
                 
                 ;CLEAR SRAM
000042 e080      	LDI  R24,LOW(__CLEAR_SRAM_SIZE)
000043 e094      	LDI  R25,HIGH(__CLEAR_SRAM_SIZE)
000044 e6a0      	LDI  R26,__SRAM_START
                 __CLEAR_SRAM:
000045 93ed      	ST   X+,R30
000046 9701      	SBIW R24,1
000047 f7e9      	BRNE __CLEAR_SRAM
                 
                 ;GLOBAL VARIABLES INITIALIZATION
000048 e5ec      	LDI  R30,LOW(__GLOBAL_INI_TBL*2)
000049 e0f0      	LDI  R31,HIGH(__GLOBAL_INI_TBL*2)
                 __GLOBAL_INI_NEXT:
00004a 9185      	LPM  R24,Z+
00004b 9195      	LPM  R25,Z+
00004c 9700      	SBIW R24,0
00004d f061      	BREQ __GLOBAL_INI_END
00004e 91a5      	LPM  R26,Z+
00004f 91b5      	LPM  R27,Z+
000050 9005      	LPM  R0,Z+
000051 9015      	LPM  R1,Z+
000052 01bf      	MOVW R22,R30
000053 01f0      	MOVW R30,R0
                 __GLOBAL_INI_LOOP:
000054 9005      	LPM  R0,Z+
000055 920d      	ST   X+,R0
000056 9701      	SBIW R24,1
000057 f7e1      	BRNE __GLOBAL_INI_LOOP
000058 01fb      	MOVW R30,R22
000059 cff0      	RJMP __GLOBAL_INI_NEXT
                 __GLOBAL_INI_END:
                 
                 ;HARDWARE STACK POINTER INITIALIZATION
00005a e5ef      	LDI  R30,LOW(__SRAM_END-__HEAP_SIZE)
00005b bfed      	OUT  SPL,R30
00005c e0e4      	LDI  R30,HIGH(__SRAM_END-__HEAP_SIZE)
00005d bfee      	OUT  SPH,R30
                 
                 ;DATA STACK POINTER INITIALIZATION
00005e e6c0      	LDI  R28,LOW(__SRAM_START+__DSTACK_SIZE)
00005f e0d1      	LDI  R29,HIGH(__SRAM_START+__DSTACK_SIZE)
                 
000060 940c 01b1 	JMP  _main
                 
                 	.ESEG
                 	.ORG 0
                 
                 	.DSEG
                 	.ORG 0x160
                 
                 	.CSEG
                 ;/*******************************************************
                 ;This program was created by the
                 ;CodeWizardAVR V2.60 Evaluation
                 ;Automatic Program Generator
                 ;© Copyright 1998-2012 Pavel Haiduc, HP InfoTech s.r.l.
                 ;http://www.hpinfotech.com
                 ;
                 ;Project :
                 ;Version :
                 ;Date    : 07-02-2013
                 ;Author  :
                 ;Company :
                 ;Comments:
                 ;
                 ;
                 ;Chip type               : ATmega16A
                 ;Program type            : Application
                 ;AVR Core Clock frequency: 8.000000 MHz
                 ;Memory model            : Small
                 ;External RAM size       : 0
                 ;Data Stack size         : 256
                 ;*******************************************************/
                 ;
                 ;#include <mega16a.h>
                 	#ifndef __SLEEP_DEFINED__
                 	#define __SLEEP_DEFINED__
                 	.EQU __se_bit=0x40
                 	.EQU __sm_mask=0xB0
                 	.EQU __sm_powerdown=0x20
                 	.EQU __sm_powersave=0x30
                 	.EQU __sm_standby=0xA0
                 	.EQU __sm_ext_standby=0xB0
                 	.EQU __sm_adc_noise_red=0x10
                 	.SET power_ctrl_reg=mcucr
                 	#endif
                 ;#include <delay.h>
                 ;
                 ;
                 ;// Declare your global variables here
                 ;int x=0;
                 ;int y=0;
                 ;int z=0;
                 ;int w=0;
                 ;void line(void){
                 ; 0000 0021 void line(void){
                 
                 	.CSEG
                 _line:
                 ; .FSTART _line
                 ; 0000 0022             if( PINA.0 == 1 && PINA.1 == 0 && PINA.2 == 1) {
000062 9bc8      	SBIS 0x19,0
000063 c004      	RJMP _0x4
000064 d1cc      	RCALL SUBOPT_0x0
000065 f411      	BRNE _0x4
000066 99ca      	SBIC 0x19,2
000067 c001      	RJMP _0x5
                 _0x4:
000068 c004      	RJMP _0x3
                 _0x5:
                 ; 0000 0023                 PORTD.2 = 1;  PORTD.3 = 0;    PORTD.7 = 1;    PORTD.6 = 0;
000069 d1cc      	RCALL SUBOPT_0x1
                 ; 0000 0024                 delay_ms(1);
                 ; 0000 0025                 PORTD.2 = 0;  PORTD.3 = 0;    PORTD.7 = 0;    PORTD.6 = 0;
                 ; 0000 0026                 delay_ms(1);
00006a e0a1      	LDI  R26,LOW(1)
00006b e0b0      	LDI  R27,0
00006c d230      	RCALL _delay_ms
                 ; 0000 0027             }
                 ; 0000 0028             if( PINA.0 == 0 && PINA.1 == 1 && PINA.2 == 0) {
                 _0x3:
00006d d1d4      	RCALL SUBOPT_0x2
00006e f421      	BRNE _0x17
00006f 9bc9      	SBIS 0x19,1
000070 c002      	RJMP _0x17
000071 d1d5      	RCALL SUBOPT_0x3
000072 f009      	BREQ _0x18
                 _0x17:
000073 c004      	RJMP _0x16
                 _0x18:
                 ; 0000 0029                 PORTD.2 = 1;  PORTD.3 = 0;    PORTD.7 = 1;    PORTD.6 = 0;
000074 d1c1      	RCALL SUBOPT_0x1
                 ; 0000 002A                 delay_ms(1);
                 ; 0000 002B                 PORTD.2 = 0;  PORTD.3 = 0;    PORTD.7 = 0;    PORTD.6 = 0;
                 ; 0000 002C                 delay_ms(5);
000075 e0a5      	LDI  R26,LOW(5)
000076 e0b0      	LDI  R27,0
000077 d225      	RCALL _delay_ms
                 ; 0000 002D             }
                 ; 0000 002E 
                 ; 0000 002F             if( PINA.0 == 0 && PINA.1 == 0 && PINA.2 == 0) {
                 _0x16:
000078 d1c9      	RCALL SUBOPT_0x2
000079 f421      	BRNE _0x2A
00007a d1b6      	RCALL SUBOPT_0x0
00007b f411      	BRNE _0x2A
00007c d1ca      	RCALL SUBOPT_0x3
00007d f009      	BREQ _0x2B
                 _0x2A:
00007e c006      	RJMP _0x29
                 _0x2B:
                 ; 0000 0030                 PORTD.2 = 1;  PORTD.3 = 0;    PORTD.7 = 1;    PORTD.6 = 0;
00007f d1b6      	RCALL SUBOPT_0x1
                 ; 0000 0031                 delay_ms(1);
                 ; 0000 0032                 PORTD.2 = 0;  PORTD.3 = 0;    PORTD.7 = 0;    PORTD.6 = 0;
                 ; 0000 0033                 delay_ms(2);
000080 e0a2      	LDI  R26,LOW(2)
000081 e0b0      	LDI  R27,0
000082 d21a      	RCALL _delay_ms
                 ; 0000 0034                 z=0;
000083 2488      	CLR  R8
000084 2499      	CLR  R9
                 ; 0000 0035             }
                 ; 0000 0036             if( PINA.0 == 1 && PINA.1 == 1 && PINA.2 == 1) {
                 _0x29:
000085 9bc8      	SBIS 0x19,0
000086 c004      	RJMP _0x3D
000087 9bc9      	SBIS 0x19,1
000088 c002      	RJMP _0x3D
000089 99ca      	SBIC 0x19,2
00008a c001      	RJMP _0x3E
                 _0x3D:
00008b c004      	RJMP _0x3C
                 _0x3E:
                 ; 0000 0037                   PORTD.2 = 0;
00008c d1bf      	RCALL SUBOPT_0x4
                 ; 0000 0038                   PORTD.3 = 1;
                 ; 0000 0039                   PORTD.7 = 0;
                 ; 0000 003A                   PORTD.6 = 1;
                 ; 0000 003B                   delay_ms(1);
                 ; 0000 003C                   PORTD.2 = 0;
                 ; 0000 003D                   PORTD.3 = 0;
                 ; 0000 003E                   PORTD.7 = 0;
                 ; 0000 003F                   PORTD.6 = 0;
                 ; 0000 0040                   delay_ms(2);
00008d e0a2      	LDI  R26,LOW(2)
00008e e0b0      	LDI  R27,0
00008f d20d      	RCALL _delay_ms
                 ; 0000 0041              }
                 ; 0000 0042 
                 ; 0000 0043               if( PINA.0 == 0 && PINA.2 == 1) {
                 _0x3C:
000090 d1b1      	RCALL SUBOPT_0x2
000091 f411      	BRNE _0x50
000092 99ca      	SBIC 0x19,2
000093 c001      	RJMP _0x51
                 _0x50:
000094 c001      	RJMP _0x4F
                 _0x51:
                 ; 0000 0044 
                 ; 0000 0045                   PORTD.6 = 0;
000095 d1c2      	RCALL SUBOPT_0x5
                 ; 0000 0046                   PORTD.7 = 0;
                 ; 0000 0047                   PORTD.2 = 1;
                 ; 0000 0048                   PORTD.3 = 0;
                 ; 0000 0049                   delay_ms(1);
                 ; 0000 004A                   PORTD.2 = 0;
                 ; 0000 004B                   PORTD.3 = 0;
                 ; 0000 004C                   delay_ms(3);
                 ; 0000 004D               }
                 ; 0000 004E              if( PINA.0 == 1 && PINA.2 == 0) {
                 _0x4F:
000096 9bc8      	SBIS 0x19,0
000097 c002      	RJMP _0x5F
000098 d1ae      	RCALL SUBOPT_0x3
000099 f009      	BREQ _0x60
                 _0x5F:
00009a c001      	RJMP _0x5E
                 _0x60:
                 ; 0000 004F                   PORTD.6 = 0;
00009b d1c8      	RCALL SUBOPT_0x6
                 ; 0000 0050                   PORTD.7 = 1;
                 ; 0000 0051                   PORTD.2 = 0;
                 ; 0000 0052                   PORTD.3 = 0;
                 ; 0000 0053                   delay_ms(1);
                 ; 0000 0054                   PORTD.6 = 0;
                 ; 0000 0055                   PORTD.7 = 0;
                 ; 0000 0056                   delay_ms(3);
                 ; 0000 0057               }
                 ; 0000 0058               return;
                 _0x5E:
00009c 9508      	RET
                 ; 0000 0059 }
                 ; .FEND
                 ;
                 ;void linen(void){
                 ; 0000 005B void linen(void){
                 _linen:
                 ; .FSTART _linen
                 ; 0000 005C             if( PINA.0 == 1 && PINA.1 == 0 && PINA.2 == 1) {
00009d 9bc8      	SBIS 0x19,0
00009e c004      	RJMP _0x6E
00009f d191      	RCALL SUBOPT_0x0
0000a0 f411      	BRNE _0x6E
0000a1 99ca      	SBIC 0x19,2
0000a2 c001      	RJMP _0x6F
                 _0x6E:
0000a3 c004      	RJMP _0x6D
                 _0x6F:
                 ; 0000 005D                 PORTD.2 = 1;  PORTD.3 = 0;    PORTD.7 = 1;    PORTD.6 = 0;
0000a4 d191      	RCALL SUBOPT_0x1
                 ; 0000 005E                 delay_ms(1);
                 ; 0000 005F                 PORTD.2 = 0;  PORTD.3 = 0;    PORTD.7 = 0;    PORTD.6 = 0;
                 ; 0000 0060                 delay_ms(1);
0000a5 e0a1      	LDI  R26,LOW(1)
0000a6 e0b0      	LDI  R27,0
0000a7 d1f5      	RCALL _delay_ms
                 ; 0000 0061             }
                 ; 0000 0062             if( PINA.0 == 0 && PINA.1 == 1 && PINA.2 == 0) {
                 _0x6D:
0000a8 d199      	RCALL SUBOPT_0x2
0000a9 f421      	BRNE _0x81
0000aa 9bc9      	SBIS 0x19,1
0000ab c002      	RJMP _0x81
0000ac d19a      	RCALL SUBOPT_0x3
0000ad f009      	BREQ _0x82
                 _0x81:
0000ae c004      	RJMP _0x80
                 _0x82:
                 ; 0000 0063                 PORTD.2 = 1;  PORTD.3 = 0;    PORTD.7 = 1;    PORTD.6 = 0;
0000af d186      	RCALL SUBOPT_0x1
                 ; 0000 0064                 delay_ms(1);
                 ; 0000 0065                 PORTD.2 = 0;  PORTD.3 = 0;    PORTD.7 = 0;    PORTD.6 = 0;
                 ; 0000 0066                 delay_ms(5);
0000b0 e0a5      	LDI  R26,LOW(5)
0000b1 e0b0      	LDI  R27,0
0000b2 d1ea      	RCALL _delay_ms
                 ; 0000 0067             }
                 ; 0000 0068             if( PINA.0 == 0 && PINA.1 == 0 && PINA.2 == 0) {
                 _0x80:
0000b3 d18e      	RCALL SUBOPT_0x2
0000b4 f421      	BRNE _0x94
0000b5 d17b      	RCALL SUBOPT_0x0
0000b6 f411      	BRNE _0x94
0000b7 d18f      	RCALL SUBOPT_0x3
0000b8 f009      	BREQ _0x95
                 _0x94:
0000b9 c004      	RJMP _0x93
                 _0x95:
                 ; 0000 0069                 PORTD.2 = 1;  PORTD.3 = 0;    PORTD.7 = 1;    PORTD.6 = 0;
0000ba d17b      	RCALL SUBOPT_0x1
                 ; 0000 006A                 delay_ms(1);
                 ; 0000 006B                 PORTD.2 = 0;  PORTD.3 = 0;    PORTD.7 = 0;    PORTD.6 = 0;
                 ; 0000 006C                 delay_ms(1);
0000bb e0a1      	LDI  R26,LOW(1)
0000bc e0b0      	LDI  R27,0
0000bd d1df      	RCALL _delay_ms
                 ; 0000 006D             }
                 ; 0000 006E             if( PINA.0 == 1 && PINA.1 == 1 && PINA.2 == 1) {
                 _0x93:
0000be 9bc8      	SBIS 0x19,0
0000bf c004      	RJMP _0xA7
0000c0 9bc9      	SBIS 0x19,1
0000c1 c002      	RJMP _0xA7
0000c2 99ca      	SBIC 0x19,2
0000c3 c001      	RJMP _0xA8
                 _0xA7:
0000c4 c004      	RJMP _0xA6
                 _0xA8:
                 ; 0000 006F                   PORTD.2 = 0;
0000c5 d186      	RCALL SUBOPT_0x4
                 ; 0000 0070                   PORTD.3 = 1;
                 ; 0000 0071                   PORTD.7 = 0;
                 ; 0000 0072                   PORTD.6 = 1;
                 ; 0000 0073                   delay_ms(1);
                 ; 0000 0074                   PORTD.2 = 0;
                 ; 0000 0075                   PORTD.3 = 0;
                 ; 0000 0076                   PORTD.7 = 0;
                 ; 0000 0077                   PORTD.6 = 0;
                 ; 0000 0078                   delay_ms(5);
0000c6 e0a5      	LDI  R26,LOW(5)
0000c7 e0b0      	LDI  R27,0
0000c8 d1d4      	RCALL _delay_ms
                 ; 0000 0079              }
                 ; 0000 007A             if( PINA.0 == 0 && PINA.2 == 1) {
                 _0xA6:
0000c9 d178      	RCALL SUBOPT_0x2
0000ca f411      	BRNE _0xBA
0000cb 99ca      	SBIC 0x19,2
0000cc c001      	RJMP _0xBB
                 _0xBA:
0000cd c001      	RJMP _0xB9
                 _0xBB:
                 ; 0000 007B 
                 ; 0000 007C                   PORTD.6 = 0;
0000ce d189      	RCALL SUBOPT_0x5
                 ; 0000 007D                   PORTD.7 = 0;
                 ; 0000 007E                   PORTD.2 = 1;
                 ; 0000 007F                   PORTD.3 = 0;
                 ; 0000 0080                   delay_ms(1);
                 ; 0000 0081                   PORTD.2 = 0;
                 ; 0000 0082                   PORTD.3 = 0;
                 ; 0000 0083                   delay_ms(3);
                 ; 0000 0084               }
                 ; 0000 0085              if( PINA.0 == 1 && PINA.2 == 0) {
                 _0xB9:
0000cf 9bc8      	SBIS 0x19,0
0000d0 c002      	RJMP _0xC9
0000d1 d175      	RCALL SUBOPT_0x3
0000d2 f009      	BREQ _0xCA
                 _0xC9:
0000d3 c001      	RJMP _0xC8
                 _0xCA:
                 ; 0000 0086                   PORTD.6 = 0;
0000d4 d18f      	RCALL SUBOPT_0x6
                 ; 0000 0087                   PORTD.7 = 1;
                 ; 0000 0088                   PORTD.2 = 0;
                 ; 0000 0089                   PORTD.3 = 0;
                 ; 0000 008A                   delay_ms(1);
                 ; 0000 008B                   PORTD.6 = 0;
                 ; 0000 008C                   PORTD.7 = 0;
                 ; 0000 008D                   delay_ms(3);
                 ; 0000 008E               }
                 ; 0000 008F 
                 ; 0000 0090               return;
                 _0xC8:
0000d5 9508      	RET
                 ; 0000 0091 }
                 ; .FEND
                 ;
                 ;void linel(void){
                 ; 0000 0093 void linel(void){
                 _linel:
                 ; .FSTART _linel
                 ; 0000 0094             if( PINA.0 == 1 && PINA.1 == 0 && PINA.2 == 1) {
0000d6 9bc8      	SBIS 0x19,0
0000d7 c004      	RJMP _0xD8
0000d8 d158      	RCALL SUBOPT_0x0
0000d9 f411      	BRNE _0xD8
0000da 99ca      	SBIC 0x19,2
0000db c001      	RJMP _0xD9
                 _0xD8:
0000dc c004      	RJMP _0xD7
                 _0xD9:
                 ; 0000 0095                 PORTD.2 = 1;  PORTD.3 = 0;    PORTD.7 = 1;    PORTD.6 = 0;
0000dd d158      	RCALL SUBOPT_0x1
                 ; 0000 0096                 delay_ms(1);
                 ; 0000 0097                 PORTD.2 = 0;  PORTD.3 = 0;    PORTD.7 = 0;    PORTD.6 = 0;
                 ; 0000 0098                 delay_ms(6);
0000de e0a6      	LDI  R26,LOW(6)
0000df e0b0      	LDI  R27,0
0000e0 d1bc      	RCALL _delay_ms
                 ; 0000 0099             }
                 ; 0000 009A 
                 ; 0000 009B             if( PINA.0 == 0 && PINA.1 == 1 && PINA.2 == 0) {
                 _0xD7:
0000e1 d160      	RCALL SUBOPT_0x2
0000e2 f421      	BRNE _0xEB
0000e3 9bc9      	SBIS 0x19,1
0000e4 c002      	RJMP _0xEB
0000e5 d161      	RCALL SUBOPT_0x3
0000e6 f009      	BREQ _0xEC
                 _0xEB:
0000e7 c004      	RJMP _0xEA
                 _0xEC:
                 ; 0000 009C                 PORTD.2 = 1;  PORTD.3 = 0;    PORTD.7 = 1;    PORTD.6 = 0;
0000e8 d14d      	RCALL SUBOPT_0x1
                 ; 0000 009D                 delay_ms(1);
                 ; 0000 009E                 PORTD.2 = 0;  PORTD.3 = 0;    PORTD.7 = 0;    PORTD.6 = 0;
                 ; 0000 009F                 delay_ms(5);
0000e9 e0a5      	LDI  R26,LOW(5)
0000ea e0b0      	LDI  R27,0
0000eb d1b1      	RCALL _delay_ms
                 ; 0000 00A0             }
                 ; 0000 00A1 
                 ; 0000 00A2             if( PINA.0 == 0 && PINA.1 == 0 && PINA.2 == 0) {
                 _0xEA:
0000ec d155      	RCALL SUBOPT_0x2
0000ed f421      	BRNE _0xFE
0000ee d142      	RCALL SUBOPT_0x0
0000ef f411      	BRNE _0xFE
0000f0 d156      	RCALL SUBOPT_0x3
0000f1 f009      	BREQ _0xFF
                 _0xFE:
0000f2 c00f      	RJMP _0xFD
                 _0xFF:
                 ; 0000 00A3                 PORTD.2 = 0;  PORTD.3 = 1;    PORTD.7 = 0;    PORTD.6 = 1;
0000f3 d17c      	RCALL SUBOPT_0x7
                 ; 0000 00A4                 delay_ms(8);
0000f4 e0a8      	LDI  R26,LOW(8)
0000f5 d17f      	RCALL SUBOPT_0x8
                 ; 0000 00A5                 for(w=0;w<22;w++){PORTD.2 = 1;  PORTD.3 = 0;    PORTD.7 = 0;    PORTD.6 = 0;
                 _0x109:
0000f6 d183      	RCALL SUBOPT_0x9
0000f7 f444      	BRGE _0x10A
0000f8 9a92      	SBI  0x12,2
0000f9 9893      	CBI  0x12,3
0000fa 9897      	CBI  0x12,7
0000fb d183      	RCALL SUBOPT_0xA
                 ; 0000 00A6                 delay_ms(1);
                 ; 0000 00A7                 PORTD.2 = 0;  PORTD.3 = 0;    PORTD.7 = 0;    PORTD.6 = 0;
                 ; 0000 00A8                 delay_ms(4);      }
0000fc 01f5      	MOVW R30,R10
0000fd 9631      	ADIW R30,1
0000fe 015f      	MOVW R10,R30
0000ff cff6      	RJMP _0x109
                 _0x10A:
                 ; 0000 00A9                 x=0;
000100 2444      	CLR  R4
000101 2455      	CLR  R5
                 ; 0000 00AA             }
                 ; 0000 00AB             if( PINA.0 == 1 && PINA.1 == 1 && PINA.2 == 1) {
                 _0xFD:
000102 9bc8      	SBIS 0x19,0
000103 c004      	RJMP _0x11C
000104 9bc9      	SBIS 0x19,1
000105 c002      	RJMP _0x11C
000106 99ca      	SBIC 0x19,2
000107 c001      	RJMP _0x11D
                 _0x11C:
000108 c004      	RJMP _0x11B
                 _0x11D:
                 ; 0000 00AC                   PORTD.2 = 0;
000109 d142      	RCALL SUBOPT_0x4
                 ; 0000 00AD                   PORTD.3 = 1;
                 ; 0000 00AE                   PORTD.7 = 0;
                 ; 0000 00AF                   PORTD.6 = 1;
                 ; 0000 00B0                   delay_ms(1);
                 ; 0000 00B1                   PORTD.2 = 0;
                 ; 0000 00B2                   PORTD.3 = 0;
                 ; 0000 00B3                   PORTD.7 = 0;
                 ; 0000 00B4                   PORTD.6 = 0;
                 ; 0000 00B5                   delay_ms(3);
00010a e0a3      	LDI  R26,LOW(3)
00010b e0b0      	LDI  R27,0
00010c d190      	RCALL _delay_ms
                 ; 0000 00B6              }
                 ; 0000 00B7              if( PINA.0 == 0 && PINA.2 == 1) {
                 _0x11B:
00010d d134      	RCALL SUBOPT_0x2
00010e f411      	BRNE _0x12F
00010f 99ca      	SBIC 0x19,2
000110 c001      	RJMP _0x130
                 _0x12F:
000111 c001      	RJMP _0x12E
                 _0x130:
                 ; 0000 00B8                   PORTD.6 = 0;
000112 d145      	RCALL SUBOPT_0x5
                 ; 0000 00B9                   PORTD.7 = 0;
                 ; 0000 00BA                   PORTD.2 = 1;
                 ; 0000 00BB                   PORTD.3 = 0;
                 ; 0000 00BC                   delay_ms(1);
                 ; 0000 00BD                   PORTD.2 = 0;
                 ; 0000 00BE                   PORTD.3 = 0;
                 ; 0000 00BF                   delay_ms(3);
                 ; 0000 00C0               }
                 ; 0000 00C1              if( PINA.0 == 1 && PINA.2 == 0) {
                 _0x12E:
000113 9bc8      	SBIS 0x19,0
000114 c002      	RJMP _0x13E
000115 d131      	RCALL SUBOPT_0x3
000116 f009      	BREQ _0x13F
                 _0x13E:
000117 c001      	RJMP _0x13D
                 _0x13F:
                 ; 0000 00C2                   PORTD.6 = 0;
000118 d14b      	RCALL SUBOPT_0x6
                 ; 0000 00C3                   PORTD.7 = 1;
                 ; 0000 00C4                   PORTD.2 = 0;
                 ; 0000 00C5                   PORTD.3 = 0;
                 ; 0000 00C6                   delay_ms(1);
                 ; 0000 00C7                   PORTD.6 = 0;
                 ; 0000 00C8                   PORTD.7 = 0;
                 ; 0000 00C9                   delay_ms(3);
                 ; 0000 00CA               }
                 ; 0000 00CB               return;
                 _0x13D:
000119 9508      	RET
                 ; 0000 00CC }
                 ; .FEND
                 ;void lined(void){
                 ; 0000 00CD void lined(void){
                 _lined:
                 ; .FSTART _lined
                 ; 0000 00CE             if( PINA.0 == 1 && PINA.1 == 0 && PINA.2 == 1) {
00011a 9bc8      	SBIS 0x19,0
00011b c004      	RJMP _0x14D
00011c d114      	RCALL SUBOPT_0x0
00011d f411      	BRNE _0x14D
00011e 99ca      	SBIC 0x19,2
00011f c001      	RJMP _0x14E
                 _0x14D:
000120 c004      	RJMP _0x14C
                 _0x14E:
                 ; 0000 00CF                 PORTD.2 = 1;  PORTD.3 = 0;    PORTD.7 = 1;    PORTD.6 = 0;
000121 d114      	RCALL SUBOPT_0x1
                 ; 0000 00D0                 delay_ms(1);
                 ; 0000 00D1                 PORTD.2 = 0;  PORTD.3 = 0;    PORTD.7 = 0;    PORTD.6 = 0;
                 ; 0000 00D2                 delay_ms(2);
000122 e0a2      	LDI  R26,LOW(2)
000123 e0b0      	LDI  R27,0
000124 d178      	RCALL _delay_ms
                 ; 0000 00D3             }
                 ; 0000 00D4 
                 ; 0000 00D5             if( PINA.0 == 0 && PINA.1 == 1 && PINA.2 == 0) {
                 _0x14C:
000125 d11c      	RCALL SUBOPT_0x2
000126 f421      	BRNE _0x160
000127 9bc9      	SBIS 0x19,1
000128 c002      	RJMP _0x160
000129 d11d      	RCALL SUBOPT_0x3
00012a f009      	BREQ _0x161
                 _0x160:
00012b c004      	RJMP _0x15F
                 _0x161:
                 ; 0000 00D6                 PORTD.2 = 1;  PORTD.3 = 0;    PORTD.7 = 1;    PORTD.6 = 0;
00012c d109      	RCALL SUBOPT_0x1
                 ; 0000 00D7                 delay_ms(1);
                 ; 0000 00D8                 PORTD.2 = 0;  PORTD.3 = 0;    PORTD.7 = 0;    PORTD.6 = 0;
                 ; 0000 00D9                 delay_ms(5);
00012d e0a5      	LDI  R26,LOW(5)
00012e e0b0      	LDI  R27,0
00012f d16d      	RCALL _delay_ms
                 ; 0000 00DA             }
                 ; 0000 00DB 
                 ; 0000 00DC             if( PINA.0 == 0 && PINA.1 == 0 && PINA.2 == 0) {
                 _0x15F:
000130 d111      	RCALL SUBOPT_0x2
000131 f421      	BRNE _0x173
000132 d0fe      	RCALL SUBOPT_0x0
000133 f411      	BRNE _0x173
000134 d112      	RCALL SUBOPT_0x3
000135 f009      	BREQ _0x174
                 _0x173:
000136 c01e      	RJMP _0x172
                 _0x174:
                 ; 0000 00DD                 PORTD.2 = 0;  PORTD.3 = 1;    PORTD.7 = 0;    PORTD.6 = 1;
000137 d138      	RCALL SUBOPT_0x7
                 ; 0000 00DE                 delay_ms(6);
000138 e0a6      	LDI  R26,LOW(6)
000139 d13b      	RCALL SUBOPT_0x8
                 ; 0000 00DF                 for(w=0;w<24;w++){PORTD.2 = 1;  PORTD.3 = 0;    PORTD.7 = 0;    PORTD.6 = 1;
                 _0x17E:
00013a e1e8      	LDI  R30,LOW(24)
00013b e0f0      	LDI  R31,HIGH(24)
00013c 16ae      	CP   R10,R30
00013d 06bf      	CPC  R11,R31
00013e f494      	BRGE _0x17F
00013f 9a92      	SBI  0x12,2
000140 9893      	CBI  0x12,3
000141 9897      	CBI  0x12,7
000142 9a96      	SBI  0x12,6
                 ; 0000 00E0                 delay_ms(1);
000143 e0a1      	LDI  R26,LOW(1)
000144 e0b0      	LDI  R27,0
000145 d157      	RCALL _delay_ms
                 ; 0000 00E1                 PORTD.2 = 0;  PORTD.3 = 0;    PORTD.7 = 0;    PORTD.6 = 0;
000146 9892      	CBI  0x12,2
000147 9893      	CBI  0x12,3
000148 9897      	CBI  0x12,7
000149 9896      	CBI  0x12,6
                 ; 0000 00E2                 delay_ms(4);      }
00014a e0a4      	LDI  R26,LOW(4)
00014b e0b0      	LDI  R27,0
00014c d150      	RCALL _delay_ms
00014d 01f5      	MOVW R30,R10
00014e 9631      	ADIW R30,1
00014f 015f      	MOVW R10,R30
000150 cfe9      	RJMP _0x17E
                 _0x17F:
                 ; 0000 00E3                 x=0;
000151 2444      	CLR  R4
000152 2455      	CLR  R5
                 ; 0000 00E4                 y=0;
000153 2466      	CLR  R6
000154 2477      	CLR  R7
                 ; 0000 00E5             }
                 ; 0000 00E6             if( PINA.0 == 1 && PINA.1 == 1 && PINA.2 == 1) {
                 _0x172:
000155 9bc8      	SBIS 0x19,0
000156 c004      	RJMP _0x191
000157 9bc9      	SBIS 0x19,1
000158 c002      	RJMP _0x191
000159 99ca      	SBIC 0x19,2
00015a c001      	RJMP _0x192
                 _0x191:
00015b c004      	RJMP _0x190
                 _0x192:
                 ; 0000 00E7                   PORTD.2 = 0;
00015c d0ef      	RCALL SUBOPT_0x4
                 ; 0000 00E8                   PORTD.3 = 1;
                 ; 0000 00E9                   PORTD.7 = 0;
                 ; 0000 00EA                   PORTD.6 = 1;
                 ; 0000 00EB                   delay_ms(1);
                 ; 0000 00EC                   PORTD.2 = 0;
                 ; 0000 00ED                   PORTD.3 = 0;
                 ; 0000 00EE                   PORTD.7 = 0;
                 ; 0000 00EF                   PORTD.6 = 0;
                 ; 0000 00F0                   delay_ms(3);
00015d e0a3      	LDI  R26,LOW(3)
00015e e0b0      	LDI  R27,0
00015f d13d      	RCALL _delay_ms
                 ; 0000 00F1              }
                 ; 0000 00F2              if( PINA.0 == 0 && PINA.2 == 1) {
                 _0x190:
000160 d0e1      	RCALL SUBOPT_0x2
000161 f411      	BRNE _0x1A4
000162 99ca      	SBIC 0x19,2
000163 c001      	RJMP _0x1A5
                 _0x1A4:
000164 c001      	RJMP _0x1A3
                 _0x1A5:
                 ; 0000 00F3                   PORTD.6 = 0;
000165 d0f2      	RCALL SUBOPT_0x5
                 ; 0000 00F4                   PORTD.7 = 0;
                 ; 0000 00F5                   PORTD.2 = 1;
                 ; 0000 00F6                   PORTD.3 = 0;
                 ; 0000 00F7                   delay_ms(1);
                 ; 0000 00F8                   PORTD.2 = 0;
                 ; 0000 00F9                   PORTD.3 = 0;
                 ; 0000 00FA                   delay_ms(3);
                 ; 0000 00FB               }
                 ; 0000 00FC              if( PINA.0 == 1 && PINA.2 == 0) {
                 _0x1A3:
000166 9bc8      	SBIS 0x19,0
000167 c002      	RJMP _0x1B3
000168 d0de      	RCALL SUBOPT_0x3
000169 f009      	BREQ _0x1B4
                 _0x1B3:
00016a c001      	RJMP _0x1B2
                 _0x1B4:
                 ; 0000 00FD                   PORTD.6 = 0;
00016b d0f8      	RCALL SUBOPT_0x6
                 ; 0000 00FE                   PORTD.7 = 1;
                 ; 0000 00FF                   PORTD.2 = 0;
                 ; 0000 0100                   PORTD.3 = 0;
                 ; 0000 0101                   delay_ms(1);
                 ; 0000 0102                   PORTD.6 = 0;
                 ; 0000 0103                   PORTD.7 = 0;
                 ; 0000 0104                   delay_ms(3);
                 ; 0000 0105               }
                 ; 0000 0106               return;
                 _0x1B2:
00016c 9508      	RET
                 ; 0000 0107 }
                 ; .FEND
                 ;
                 ;void liner(void){
                 ; 0000 0109 void liner(void){
                 _liner:
                 ; .FSTART _liner
                 ; 0000 010A             if( PINA.0 == 1 && PINA.1 == 0 && PINA.2 == 1) {
00016d 9bc8      	SBIS 0x19,0
00016e c004      	RJMP _0x1C2
00016f d0c1      	RCALL SUBOPT_0x0
000170 f411      	BRNE _0x1C2
000171 99ca      	SBIC 0x19,2
000172 c001      	RJMP _0x1C3
                 _0x1C2:
000173 c004      	RJMP _0x1C1
                 _0x1C3:
                 ; 0000 010B                 PORTD.2 = 1;  PORTD.3 = 0;    PORTD.7 = 1;    PORTD.6 = 0;
000174 d0c1      	RCALL SUBOPT_0x1
                 ; 0000 010C                 delay_ms(1);
                 ; 0000 010D                 PORTD.2 = 0;  PORTD.3 = 0;    PORTD.7 = 0;    PORTD.6 = 0;
                 ; 0000 010E                 delay_ms(6);
000175 e0a6      	LDI  R26,LOW(6)
000176 e0b0      	LDI  R27,0
000177 d125      	RCALL _delay_ms
                 ; 0000 010F             }
                 ; 0000 0110             if( PINA.0 == 0 && PINA.1 == 1 && PINA.2 == 0) {
                 _0x1C1:
000178 d0c9      	RCALL SUBOPT_0x2
000179 f421      	BRNE _0x1D5
00017a 9bc9      	SBIS 0x19,1
00017b c002      	RJMP _0x1D5
00017c d0ca      	RCALL SUBOPT_0x3
00017d f009      	BREQ _0x1D6
                 _0x1D5:
00017e c004      	RJMP _0x1D4
                 _0x1D6:
                 ; 0000 0111                 PORTD.2 = 1;  PORTD.3 = 0;    PORTD.7 = 1;    PORTD.6 = 0;
00017f d0b6      	RCALL SUBOPT_0x1
                 ; 0000 0112                 delay_ms(1);
                 ; 0000 0113                 PORTD.2 = 0;  PORTD.3 = 0;    PORTD.7 = 0;    PORTD.6 = 0;
                 ; 0000 0114                 delay_ms(5);
000180 e0a5      	LDI  R26,LOW(5)
000181 e0b0      	LDI  R27,0
000182 d11a      	RCALL _delay_ms
                 ; 0000 0115             }
                 ; 0000 0116             if( PINA.0 == 0 && PINA.1 == 0 && PINA.2 == 0) {
                 _0x1D4:
000183 d0be      	RCALL SUBOPT_0x2
000184 f421      	BRNE _0x1E8
000185 d0ab      	RCALL SUBOPT_0x0
000186 f411      	BRNE _0x1E8
000187 d0bf      	RCALL SUBOPT_0x3
000188 f009      	BREQ _0x1E9
                 _0x1E8:
000189 c00f      	RJMP _0x1E7
                 _0x1E9:
                 ; 0000 0117                 PORTD.2 = 0;  PORTD.3 = 1;    PORTD.7 = 0;    PORTD.6 = 1;
00018a d0e5      	RCALL SUBOPT_0x7
                 ; 0000 0118                 delay_ms(6);
00018b e0a6      	LDI  R26,LOW(6)
00018c d0e8      	RCALL SUBOPT_0x8
                 ; 0000 0119                 for(w=0;w<22;w++){PORTD.2 = 0;  PORTD.3 = 0;    PORTD.7 = 1;    PORTD.6 = 0;
                 _0x1F3:
00018d d0ec      	RCALL SUBOPT_0x9
00018e f444      	BRGE _0x1F4
00018f 9892      	CBI  0x12,2
000190 9893      	CBI  0x12,3
000191 9a97      	SBI  0x12,7
000192 d0ec      	RCALL SUBOPT_0xA
                 ; 0000 011A                 delay_ms(1);
                 ; 0000 011B                 PORTD.2 = 0;  PORTD.3 = 0;    PORTD.7 = 0;    PORTD.6 = 0;
                 ; 0000 011C                 delay_ms(4);}
000193 01f5      	MOVW R30,R10
000194 9631      	ADIW R30,1
000195 015f      	MOVW R10,R30
000196 cff6      	RJMP _0x1F3
                 _0x1F4:
                 ; 0000 011D                 y=0;
000197 2466      	CLR  R6
000198 2477      	CLR  R7
                 ; 0000 011E             }
                 ; 0000 011F             if( PINA.0 == 1 && PINA.1 == 1 && PINA.2 == 1) {
                 _0x1E7:
000199 9bc8      	SBIS 0x19,0
00019a c004      	RJMP _0x206
00019b 9bc9      	SBIS 0x19,1
00019c c002      	RJMP _0x206
00019d 99ca      	SBIC 0x19,2
00019e c001      	RJMP _0x207
                 _0x206:
00019f c004      	RJMP _0x205
                 _0x207:
                 ; 0000 0120                   PORTD.2 = 0;
0001a0 d0ab      	RCALL SUBOPT_0x4
                 ; 0000 0121                   PORTD.3 = 1;
                 ; 0000 0122                   PORTD.7 = 0;
                 ; 0000 0123                   PORTD.6 = 1;
                 ; 0000 0124                   delay_ms(1);
                 ; 0000 0125                   PORTD.2 = 0;
                 ; 0000 0126                   PORTD.3 = 0;
                 ; 0000 0127                   PORTD.7 = 0;
                 ; 0000 0128                   PORTD.6 = 0;
                 ; 0000 0129                   delay_ms(5);
0001a1 e0a5      	LDI  R26,LOW(5)
0001a2 e0b0      	LDI  R27,0
0001a3 d0f9      	RCALL _delay_ms
                 ; 0000 012A              }
                 ; 0000 012B              if( PINA.0 == 0 && PINA.2 == 1) {
                 _0x205:
0001a4 d09d      	RCALL SUBOPT_0x2
0001a5 f411      	BRNE _0x219
0001a6 99ca      	SBIC 0x19,2
0001a7 c001      	RJMP _0x21A
                 _0x219:
0001a8 c001      	RJMP _0x218
                 _0x21A:
                 ; 0000 012C                   PORTD.6 = 0;
0001a9 d0ae      	RCALL SUBOPT_0x5
                 ; 0000 012D                   PORTD.7 = 0;
                 ; 0000 012E                   PORTD.2 = 1;
                 ; 0000 012F                   PORTD.3 = 0;
                 ; 0000 0130                   delay_ms(1);
                 ; 0000 0131                   PORTD.2 = 0;
                 ; 0000 0132                   PORTD.3 = 0;
                 ; 0000 0133                   delay_ms(3);
                 ; 0000 0134               }
                 ; 0000 0135              if( PINA.0 == 1 && PINA.2 == 0) {
                 _0x218:
0001aa 9bc8      	SBIS 0x19,0
0001ab c002      	RJMP _0x228
0001ac d09a      	RCALL SUBOPT_0x3
0001ad f009      	BREQ _0x229
                 _0x228:
0001ae c001      	RJMP _0x227
                 _0x229:
                 ; 0000 0136                   PORTD.6 = 0;
0001af d0b4      	RCALL SUBOPT_0x6
                 ; 0000 0137                   PORTD.7 = 1;
                 ; 0000 0138                   PORTD.2 = 0;
                 ; 0000 0139                   PORTD.3 = 0;
                 ; 0000 013A                   delay_ms(1);
                 ; 0000 013B                   PORTD.6 = 0;
                 ; 0000 013C                   PORTD.7 = 0;
                 ; 0000 013D                   delay_ms(3);
                 ; 0000 013E               }
                 ; 0000 013F               return;
                 _0x227:
0001b0 9508      	RET
                 ; 0000 0140 }
                 ; .FEND
                 ;
                 ;
                 ;void main(void)
                 ; 0000 0144 {
                 _main:
                 ; .FSTART _main
                 ; 0000 0145 // Declare your local variables here
                 ; 0000 0146 
                 ; 0000 0147 // Input/Output Ports initialization
                 ; 0000 0148 // Port A initialization
                 ; 0000 0149 // Function: Bit7=In Bit6=In Bit5=In Bit4=In Bit3=In Bit2=In Bit1=In Bit0=In
                 ; 0000 014A DDRA=(0<<DDA7) | (0<<DDA6) | (0<<DDA5) | (0<<DDA4) | (0<<DDA3) | (0<<DDA2) | (0<<DDA1) | (0<<DDA0);
0001b1 e0e0      	LDI  R30,LOW(0)
0001b2 bbea      	OUT  0x1A,R30
                 ; 0000 014B // State: Bit7=T Bit6=T Bit5=T Bit4=T Bit3=T Bit2=T Bit1=T Bit0=T
                 ; 0000 014C PORTA=(0<<PORTA7) | (0<<PORTA6) | (0<<PORTA5) | (0<<PORTA4) | (0<<PORTA3) | (0<<PORTA2) | (0<<PORTA1) | (0<<PORTA0);
0001b3 bbeb      	OUT  0x1B,R30
                 ; 0000 014D 
                 ; 0000 014E // Port B initialization
                 ; 0000 014F // Function: Bit7=In Bit6=In Bit5=In Bit4=In Bit3=In Bit2=In Bit1=In Bit0=In
                 ; 0000 0150 DDRB=(0<<DDB7) | (0<<DDB6) | (0<<DDB5) | (0<<DDB4) | (0<<DDB3) | (0<<DDB2) | (0<<DDB1) | (0<<DDB0);
0001b4 bbe7      	OUT  0x17,R30
                 ; 0000 0151 // State: Bit7=T Bit6=T Bit5=T Bit4=T Bit3=T Bit2=T Bit1=T Bit0=T
                 ; 0000 0152 PORTB=(0<<PORTB7) | (0<<PORTB6) | (0<<PORTB5) | (0<<PORTB4) | (0<<PORTB3) | (0<<PORTB2) | (0<<PORTB1) | (0<<PORTB0);
0001b5 bbe8      	OUT  0x18,R30
                 ; 0000 0153 
                 ; 0000 0154 // Port C initialization
                 ; 0000 0155 // Function: Bit7=In Bit6=In Bit5=In Bit4=Out Bit3=Out Bit2=Out Bit1=Out Bit0=Out
                 ; 0000 0156 DDRC=(0<<DDC7) | (0<<DDC6) | (0<<DDC5) | (1<<DDC4) | (1<<DDC3) | (1<<DDC2) | (1<<DDC1) | (1<<DDC0);
0001b6 e1ef      	LDI  R30,LOW(31)
0001b7 bbe4      	OUT  0x14,R30
                 ; 0000 0157 // State: Bit7=T Bit6=T Bit5=T Bit4=0 Bit3=0 Bit2=0 Bit1=0 Bit0=0
                 ; 0000 0158 PORTC=(0<<PORTC7) | (0<<PORTC6) | (0<<PORTC5) | (0<<PORTC4) | (0<<PORTC3) | (0<<PORTC2) | (0<<PORTC1) | (0<<PORTC0);
0001b8 e0e0      	LDI  R30,LOW(0)
0001b9 bbe5      	OUT  0x15,R30
                 ; 0000 0159 
                 ; 0000 015A // Port D initialization
                 ; 0000 015B // Function: Bit7=Out Bit6=Out Bit5=Out Bit4=Out Bit3=Out Bit2=Out Bit1=Out Bit0=Out
                 ; 0000 015C DDRD=(1<<DDD7) | (1<<DDD6) | (1<<DDD5) | (1<<DDD4) | (1<<DDD3) | (1<<DDD2) | (1<<DDD1) | (1<<DDD0);
0001ba efef      	LDI  R30,LOW(255)
0001bb bbe1      	OUT  0x11,R30
                 ; 0000 015D // State: Bit7=0 Bit6=0 Bit5=0 Bit4=0 Bit3=0 Bit2=0 Bit1=0 Bit0=0
                 ; 0000 015E PORTD=(0<<PORTD7) | (0<<PORTD6) | (0<<PORTD5) | (0<<PORTD4) | (0<<PORTD3) | (0<<PORTD2) | (0<<PORTD1) | (0<<PORTD0);
0001bc e0e0      	LDI  R30,LOW(0)
0001bd bbe2      	OUT  0x12,R30
                 ; 0000 015F 
                 ; 0000 0160 // Timer/Counter 0 initialization
                 ; 0000 0161 // Clock source: System Clock
                 ; 0000 0162 // Clock value: Timer 0 Stopped
                 ; 0000 0163 // Mode: Normal top=0xFF
                 ; 0000 0164 // OC0 output: Disconnected
                 ; 0000 0165 TCCR0=(0<<WGM00) | (0<<COM01) | (0<<COM00) | (0<<WGM01) | (0<<CS02) | (0<<CS01) | (0<<CS00);
0001be bfe3      	OUT  0x33,R30
                 ; 0000 0166 TCNT0=0x00;
0001bf bfe2      	OUT  0x32,R30
                 ; 0000 0167 OCR0=0x00;
0001c0 bfec      	OUT  0x3C,R30
                 ; 0000 0168 
                 ; 0000 0169 // Timer/Counter 1 initialization
                 ; 0000 016A // Clock source: System Clock
                 ; 0000 016B // Clock value: Timer1 Stopped
                 ; 0000 016C // Mode: Normal top=0xFFFF
                 ; 0000 016D // OC1A output: Disconnected
                 ; 0000 016E // OC1B output: Disconnected
                 ; 0000 016F // Noise Canceler: Off
                 ; 0000 0170 // Input Capture on Falling Edge
                 ; 0000 0171 // Timer1 Overflow Interrupt: Off
                 ; 0000 0172 // Input Capture Interrupt: Off
                 ; 0000 0173 // Compare A Match Interrupt: Off
                 ; 0000 0174 // Compare B Match Interrupt: Off
                 ; 0000 0175 TCCR1A=(0<<COM1A1) | (0<<COM1A0) | (0<<COM1B1) | (0<<COM1B0) | (0<<WGM11) | (0<<WGM10);
0001c1 bdef      	OUT  0x2F,R30
                 ; 0000 0176 TCCR1B=(0<<ICNC1) | (0<<ICES1) | (0<<WGM13) | (0<<WGM12) | (0<<CS12) | (0<<CS11) | (0<<CS10);
0001c2 bdee      	OUT  0x2E,R30
                 ; 0000 0177 TCNT1H=0x00;
0001c3 bded      	OUT  0x2D,R30
                 ; 0000 0178 TCNT1L=0x00;
0001c4 bdec      	OUT  0x2C,R30
                 ; 0000 0179 ICR1H=0x00;
0001c5 bde7      	OUT  0x27,R30
                 ; 0000 017A ICR1L=0x00;
0001c6 bde6      	OUT  0x26,R30
                 ; 0000 017B OCR1AH=0x00;
0001c7 bdeb      	OUT  0x2B,R30
                 ; 0000 017C OCR1AL=0x00;
0001c8 bdea      	OUT  0x2A,R30
                 ; 0000 017D OCR1BH=0x00;
0001c9 bde9      	OUT  0x29,R30
                 ; 0000 017E OCR1BL=0x00;
0001ca bde8      	OUT  0x28,R30
                 ; 0000 017F 
                 ; 0000 0180 // Timer/Counter 2 initialization
                 ; 0000 0181 // Clock source: System Clock
                 ; 0000 0182 // Clock value: Timer2 Stopped
                 ; 0000 0183 // Mode: Normal top=0xFF
                 ; 0000 0184 // OC2 output: Disconnected
                 ; 0000 0185 ASSR=0<<AS2;
0001cb bde2      	OUT  0x22,R30
                 ; 0000 0186 TCCR2=(0<<PWM2) | (0<<COM21) | (0<<COM20) | (0<<CTC2) | (0<<CS22) | (0<<CS21) | (0<<CS20);
0001cc bde5      	OUT  0x25,R30
                 ; 0000 0187 TCNT2=0x00;
0001cd bde4      	OUT  0x24,R30
                 ; 0000 0188 OCR2=0x00;
0001ce bde3      	OUT  0x23,R30
                 ; 0000 0189 
                 ; 0000 018A // Timer(s)/Counter(s) Interrupt(s) initialization
                 ; 0000 018B TIMSK=(0<<OCIE2) | (0<<TOIE2) | (0<<TICIE1) | (0<<OCIE1A) | (0<<OCIE1B) | (0<<TOIE1) | (0<<OCIE0) | (0<<TOIE0);
0001cf bfe9      	OUT  0x39,R30
                 ; 0000 018C 
                 ; 0000 018D // External Interrupt(s) initialization
                 ; 0000 018E // INT0: Off
                 ; 0000 018F // INT1: Off
                 ; 0000 0190 // INT2: Off
                 ; 0000 0191 MCUCR=(0<<ISC11) | (0<<ISC10) | (0<<ISC01) | (0<<ISC00);
0001d0 bfe5      	OUT  0x35,R30
                 ; 0000 0192 MCUCSR=(0<<ISC2);
0001d1 bfe4      	OUT  0x34,R30
                 ; 0000 0193 
                 ; 0000 0194 // USART initialization
                 ; 0000 0195 // USART disabled
                 ; 0000 0196 UCSRB=(0<<RXCIE) | (0<<TXCIE) | (0<<UDRIE) | (0<<RXEN) | (0<<TXEN) | (0<<UCSZ2) | (0<<RXB8) | (0<<TXB8);
0001d2 b9ea      	OUT  0xA,R30
                 ; 0000 0197 
                 ; 0000 0198 // Analog Comparator initialization
                 ; 0000 0199 // Analog Comparator: Off
                 ; 0000 019A ACSR=(1<<ACD) | (0<<ACBG) | (0<<ACO) | (0<<ACI) | (0<<ACIE) | (0<<ACIC) | (0<<ACIS1) | (0<<ACIS0);
0001d3 e8e0      	LDI  R30,LOW(128)
0001d4 b9e8      	OUT  0x8,R30
                 ; 0000 019B SFIOR=(0<<ACME);
0001d5 e0e0      	LDI  R30,LOW(0)
0001d6 bfe0      	OUT  0x30,R30
                 ; 0000 019C 
                 ; 0000 019D // ADC initialization
                 ; 0000 019E // ADC disabled
                 ; 0000 019F ADCSRA=(0<<ADEN) | (0<<ADSC) | (0<<ADATE) | (0<<ADIF) | (0<<ADIE) | (0<<ADPS2) | (0<<ADPS1) | (0<<ADPS0);
0001d7 b9e6      	OUT  0x6,R30
                 ; 0000 01A0 
                 ; 0000 01A1 // SPI initialization
                 ; 0000 01A2 // SPI disabled
                 ; 0000 01A3 SPCR=(0<<SPIE) | (0<<SPE) | (0<<DORD) | (0<<MSTR) | (0<<CPOL) | (0<<CPHA) | (0<<SPR1) | (0<<SPR0);
0001d8 b9ed      	OUT  0xD,R30
                 ; 0000 01A4 
                 ; 0000 01A5 // TWI initialization
                 ; 0000 01A6 // TWI disabled
                 ; 0000 01A7 TWCR=(0<<TWEA) | (0<<TWSTA) | (0<<TWSTO) | (0<<TWEN) | (0<<TWIE);
0001d9 bfe6      	OUT  0x36,R30
                 ; 0000 01A8 PORTD.4 = 1;
0001da 9a94      	SBI  0x12,4
                 ; 0000 01A9 PORTD.5 = 1;
0001db 9a95      	SBI  0x12,5
                 ; 0000 01AA 
                 ; 0000 01AB delay_ms(200);
0001dc eca8      	LDI  R26,LOW(200)
0001dd e0b0      	LDI  R27,0
0001de d0be      	RCALL _delay_ms
                 ; 0000 01AC while (1)
                 _0x23A:
                 ; 0000 01AD       {
                 ; 0000 01AE       if(z==0){
0001df 2c08      	MOV  R0,R8
0001e0 2809      	OR   R0,R9
0001e1 f4f1      	BRNE _0x23D
                 ; 0000 01AF       if( PINA.3 == 1){
0001e2 9bcb      	SBIS 0x19,3
0001e3 c007      	RJMP _0x23E
                 ; 0000 01B0 
                 ; 0000 01B1             x=1;
0001e4 e0e1      	LDI  R30,LOW(1)
0001e5 e0f0      	LDI  R31,HIGH(1)
0001e6 012f      	MOVW R4,R30
                 ; 0000 01B2             z=1;
0001e7 d0a2      	RCALL SUBOPT_0xB
                 ; 0000 01B3             PORTD.2 = 0;
                 ; 0000 01B4                   PORTD.3 = 1;
                 ; 0000 01B5                   PORTD.7 = 0;
                 ; 0000 01B6                   PORTD.6 = 1;
                 ; 0000 01B7                   delay_ms(4);
0001e8 e0a4      	LDI  R26,LOW(4)
0001e9 e0b0      	LDI  R27,0
0001ea d0b2      	RCALL _delay_ms
                 ; 0000 01B8       }
                 ; 0000 01B9 
                 ; 0000 01BA       if( PINA.5 == 1){
                 _0x23E:
0001eb 9bcd      	SBIS 0x19,5
0001ec c007      	RJMP _0x247
                 ; 0000 01BB             y=1;
0001ed e0e1      	LDI  R30,LOW(1)
0001ee e0f0      	LDI  R31,HIGH(1)
0001ef 013f      	MOVW R6,R30
                 ; 0000 01BC             z=1;
0001f0 d099      	RCALL SUBOPT_0xB
                 ; 0000 01BD 
                 ; 0000 01BE          PORTD.2 = 0;
                 ; 0000 01BF                   PORTD.3 = 1;
                 ; 0000 01C0                   PORTD.7 = 0;
                 ; 0000 01C1                   PORTD.6 = 1;
                 ; 0000 01C2                   delay_ms(4);
0001f1 e0a4      	LDI  R26,LOW(4)
0001f2 e0b0      	LDI  R27,0
0001f3 d0a9      	RCALL _delay_ms
                 ; 0000 01C3       }
                 ; 0000 01C4 
                 ; 0000 01C5       if(PINA.3 == 0 && PINA.5 == 0){
                 _0x247:
0001f4 e0a0      	LDI  R26,0
0001f5 99cb      	SBIC 0x19,3
0001f6 e0a1      	LDI  R26,1
0001f7 30a0      	CPI  R26,LOW(0x0)
0001f8 f429      	BRNE _0x251
0001f9 e0a0      	LDI  R26,0
0001fa 99cd      	SBIC 0x19,5
0001fb e0a1      	LDI  R26,1
0001fc 30a0      	CPI  R26,LOW(0x0)
0001fd f009      	BREQ _0x252
                 _0x251:
0001fe c001      	RJMP _0x250
                 _0x252:
                 ; 0000 01C6             linen();
0001ff de9d      	RCALL _linen
                 ; 0000 01C7       }
                 ; 0000 01C8 
                 ; 0000 01C9             }
                 _0x250:
                 ; 0000 01CA       if( z == 1 && x==1 && PINA.5==1) y=1;
                 _0x23D:
000200 d08d      	RCALL SUBOPT_0xC
000201 f421      	BRNE _0x254
000202 d090      	RCALL SUBOPT_0xD
000203 f411      	BRNE _0x254
000204 99cd      	SBIC 0x19,5
000205 c001      	RJMP _0x255
                 _0x254:
000206 c003      	RJMP _0x253
                 _0x255:
000207 e0e1      	LDI  R30,LOW(1)
000208 e0f0      	LDI  R31,HIGH(1)
000209 013f      	MOVW R6,R30
                 ; 0000 01CB       if( z == 1 && y==1 && PINA.3==1) x=1;
                 _0x253:
00020a d083      	RCALL SUBOPT_0xC
00020b f421      	BRNE _0x257
00020c d08b      	RCALL SUBOPT_0xE
00020d f411      	BRNE _0x257
00020e 99cb      	SBIC 0x19,3
00020f c001      	RJMP _0x258
                 _0x257:
000210 c003      	RJMP _0x256
                 _0x258:
000211 e0e1      	LDI  R30,LOW(1)
000212 e0f0      	LDI  R31,HIGH(1)
000213 012f      	MOVW R4,R30
                 ; 0000 01CC       if(z==1){
                 _0x256:
000214 d079      	RCALL SUBOPT_0xC
000215 f4c9      	BRNE _0x259
                 ; 0000 01CD             if(x==1 && y==1){
000216 d07c      	RCALL SUBOPT_0xD
000217 f411      	BRNE _0x25B
000218 d07f      	RCALL SUBOPT_0xE
000219 f009      	BREQ _0x25C
                 _0x25B:
00021a c002      	RJMP _0x25A
                 _0x25C:
                 ; 0000 01CE                 lined();
00021b defe      	RCALL _lined
                 ; 0000 01CF                 continue;
00021c cfc2      	RJMP _0x23A
                 ; 0000 01D0              }
                 ; 0000 01D1 
                 ; 0000 01D2             if(x==0 && y==0) line();
                 _0x25A:
00021d 2400      	CLR  R0
00021e 1404      	CP   R0,R4
00021f 0405      	CPC  R0,R5
000220 f421      	BRNE _0x25E
000221 2400      	CLR  R0
000222 1406      	CP   R0,R6
000223 0407      	CPC  R0,R7
000224 f009      	BREQ _0x25F
                 _0x25E:
000225 c001      	RJMP _0x25D
                 _0x25F:
000226 de3b      	RCALL _line
                 ; 0000 01D3             if(x==1) linel();
                 _0x25D:
000227 d06b      	RCALL SUBOPT_0xD
000228 f409      	BRNE _0x260
000229 deac      	RCALL _linel
                 ; 0000 01D4             if(y==1) liner();
                 _0x260:
00022a d06d      	RCALL SUBOPT_0xE
00022b f411      	BRNE _0x261
00022c df40      	RCALL _liner
                 ; 0000 01D5             else line();
00022d c001      	RJMP _0x262
                 _0x261:
00022e de33      	RCALL _line
                 ; 0000 01D6             }
                 _0x262:
                 ; 0000 01D7 
                 ; 0000 01D8 
                 ; 0000 01D9 
                 ; 0000 01DA      }
                 _0x259:
00022f cfaf      	RJMP _0x23A
                 ; 0000 01DB 
                 ; 0000 01DC }
                 _0x263:
000230 cfff      	RJMP _0x263
                 ; .FEND
                 
                 	.CSEG
                 ;OPTIMIZER ADDED SUBROUTINE, CALLED 10 TIMES, CODE SIZE REDUCTION:25 WORDS
                 SUBOPT_0x0:
000231 e0a0      	LDI  R26,0
000232 99c9      	SBIC 0x19,1
000233 e0a1      	LDI  R26,1
000234 30a0      	CPI  R26,LOW(0x0)
000235 9508      	RET
                 
                 ;OPTIMIZER ADDED SUBROUTINE, CALLED 12 TIMES, CODE SIZE REDUCTION:108 WORDS
                 SUBOPT_0x1:
000236 9a92      	SBI  0x12,2
000237 9893      	CBI  0x12,3
000238 9a97      	SBI  0x12,7
000239 9896      	CBI  0x12,6
00023a e0a1      	LDI  R26,LOW(1)
00023b e0b0      	LDI  R27,0
00023c d060      	RCALL _delay_ms
00023d 9892      	CBI  0x12,2
00023e 9893      	CBI  0x12,3
00023f 9897      	CBI  0x12,7
000240 9896      	CBI  0x12,6
000241 9508      	RET
                 
                 ;OPTIMIZER ADDED SUBROUTINE, CALLED 15 TIMES, CODE SIZE REDUCTION:40 WORDS
                 SUBOPT_0x2:
000242 e0a0      	LDI  R26,0
000243 99c8      	SBIC 0x19,0
000244 e0a1      	LDI  R26,1
000245 30a0      	CPI  R26,LOW(0x0)
000246 9508      	RET
                 
                 ;OPTIMIZER ADDED SUBROUTINE, CALLED 15 TIMES, CODE SIZE REDUCTION:40 WORDS
                 SUBOPT_0x3:
000247 e0a0      	LDI  R26,0
000248 99ca      	SBIC 0x19,2
000249 e0a1      	LDI  R26,1
00024a 30a0      	CPI  R26,LOW(0x0)
00024b 9508      	RET
                 
                 ;OPTIMIZER ADDED SUBROUTINE, CALLED 5 TIMES, CODE SIZE REDUCTION:38 WORDS
                 SUBOPT_0x4:
00024c 9892      	CBI  0x12,2
00024d 9a93      	SBI  0x12,3
00024e 9897      	CBI  0x12,7
00024f 9a96      	SBI  0x12,6
000250 e0a1      	LDI  R26,LOW(1)
000251 e0b0      	LDI  R27,0
000252 d04a      	RCALL _delay_ms
000253 9892      	CBI  0x12,2
000254 9893      	CBI  0x12,3
000255 9897      	CBI  0x12,7
000256 9896      	CBI  0x12,6
000257 9508      	RET
                 
                 ;OPTIMIZER ADDED SUBROUTINE, CALLED 5 TIMES, CODE SIZE REDUCTION:42 WORDS
                 SUBOPT_0x5:
000258 9896      	CBI  0x12,6
000259 9897      	CBI  0x12,7
00025a 9a92      	SBI  0x12,2
00025b 9893      	CBI  0x12,3
00025c e0a1      	LDI  R26,LOW(1)
00025d e0b0      	LDI  R27,0
00025e d03e      	RCALL _delay_ms
00025f 9892      	CBI  0x12,2
000260 9893      	CBI  0x12,3
000261 e0a3      	LDI  R26,LOW(3)
000262 e0b0      	LDI  R27,0
000263 c039      	RJMP _delay_ms
                 
                 ;OPTIMIZER ADDED SUBROUTINE, CALLED 5 TIMES, CODE SIZE REDUCTION:42 WORDS
                 SUBOPT_0x6:
000264 9896      	CBI  0x12,6
000265 9a97      	SBI  0x12,7
000266 9892      	CBI  0x12,2
000267 9893      	CBI  0x12,3
000268 e0a1      	LDI  R26,LOW(1)
000269 e0b0      	LDI  R27,0
00026a d032      	RCALL _delay_ms
00026b 9896      	CBI  0x12,6
00026c 9897      	CBI  0x12,7
00026d e0a3      	LDI  R26,LOW(3)
00026e e0b0      	LDI  R27,0
00026f c02d      	RJMP _delay_ms
                 
                 ;OPTIMIZER ADDED SUBROUTINE, CALLED 5 TIMES, CODE SIZE REDUCTION:10 WORDS
                 SUBOPT_0x7:
000270 9892      	CBI  0x12,2
000271 9a93      	SBI  0x12,3
000272 9897      	CBI  0x12,7
000273 9a96      	SBI  0x12,6
000274 9508      	RET
                 
                 ;OPTIMIZER ADDED SUBROUTINE, CALLED 3 TIMES, CODE SIZE REDUCTION:4 WORDS
                 SUBOPT_0x8:
000275 e0b0      	LDI  R27,0
000276 d026      	RCALL _delay_ms
000277 24aa      	CLR  R10
000278 24bb      	CLR  R11
000279 9508      	RET
                 
                 ;OPTIMIZER ADDED SUBROUTINE, CALLED 2 TIMES, CODE SIZE REDUCTION:1 WORDS
                 SUBOPT_0x9:
00027a e1e6      	LDI  R30,LOW(22)
00027b e0f0      	LDI  R31,HIGH(22)
00027c 16ae      	CP   R10,R30
00027d 06bf      	CPC  R11,R31
00027e 9508      	RET
                 
                 ;OPTIMIZER ADDED SUBROUTINE, CALLED 2 TIMES, CODE SIZE REDUCTION:8 WORDS
                 SUBOPT_0xA:
00027f 9896      	CBI  0x12,6
000280 e0a1      	LDI  R26,LOW(1)
000281 e0b0      	LDI  R27,0
000282 d01a      	RCALL _delay_ms
000283 9892      	CBI  0x12,2
000284 9893      	CBI  0x12,3
000285 9897      	CBI  0x12,7
000286 9896      	CBI  0x12,6
000287 e0a4      	LDI  R26,LOW(4)
000288 e0b0      	LDI  R27,0
000289 c013      	RJMP _delay_ms
                 
                 ;OPTIMIZER ADDED SUBROUTINE, CALLED 2 TIMES, CODE SIZE REDUCTION:1 WORDS
                 SUBOPT_0xB:
00028a e0e1      	LDI  R30,LOW(1)
00028b e0f0      	LDI  R31,HIGH(1)
00028c 014f      	MOVW R8,R30
00028d cfe2      	RJMP SUBOPT_0x7
                 
                 ;OPTIMIZER ADDED SUBROUTINE, CALLED 3 TIMES, CODE SIZE REDUCTION:4 WORDS
                 SUBOPT_0xC:
00028e e0e1      	LDI  R30,LOW(1)
00028f e0f0      	LDI  R31,HIGH(1)
000290 15e8      	CP   R30,R8
000291 05f9      	CPC  R31,R9
000292 9508      	RET
                 
                 ;OPTIMIZER ADDED SUBROUTINE, CALLED 3 TIMES, CODE SIZE REDUCTION:4 WORDS
                 SUBOPT_0xD:
000293 e0e1      	LDI  R30,LOW(1)
000294 e0f0      	LDI  R31,HIGH(1)
000295 15e4      	CP   R30,R4
000296 05f5      	CPC  R31,R5
000297 9508      	RET
                 
                 ;OPTIMIZER ADDED SUBROUTINE, CALLED 3 TIMES, CODE SIZE REDUCTION:4 WORDS
                 SUBOPT_0xE:
000298 e0e1      	LDI  R30,LOW(1)
000299 e0f0      	LDI  R31,HIGH(1)
00029a 15e6      	CP   R30,R6
00029b 05f7      	CPC  R31,R7
00029c 9508      	RET
                 
                 
                 	.CSEG
                 _delay_ms:
00029d 9610      	adiw r26,0
00029e f039      	breq __delay_ms1
                 __delay_ms0:
                +
00029f ed80     +LDI R24 , LOW ( 0x7D0 )
0002a0 e097     +LDI R25 , HIGH ( 0x7D0 )
                +__DELAY_USW_LOOP :
0002a1 9701     +SBIW R24 , 1
0002a2 f7f1     +BRNE __DELAY_USW_LOOP
                 	__DELAY_USW 0x7D0
0002a3 95a8      	wdr
0002a4 9711      	sbiw r26,1
0002a5 f7c9      	brne __delay_ms0
                 __delay_ms1:
0002a6 9508      	ret
                 
                 ;END OF CODE MARKER
                 __END_OF_CODE:


RESOURCE USE INFORMATION
------------------------

Notice:
The register and instruction counts are symbol table hit counts,
and hence implicitly used resources are not counted, eg, the
'lpm' instruction without operands implicitly uses r0 and z,
none of which are counted.

x,y,z are separate entities in the symbol table and are
counted separately from r26..r31 here.

.dseg memory usage only counts static data declared with .byte

ATmega16A register use summary:
r0 :  12 r1 :   1 r2 :   0 r3 :   0 r4 :   6 r5 :   4 r6 :   6 r7 :   4 
r8 :   4 r9 :   3 r10:   9 r11:   3 r12:   0 r13:   0 r14:   0 r15:   0 
r16:   0 r17:   0 r18:   0 r19:   0 r20:   0 r21:   0 r22:   2 r23:   0 
r24:   9 r25:   3 r26:  53 r27:  33 r28:   1 r29:   1 r30:  85 r31:  20 
x  :   3 y  :   0 z  :   7 
Registers used: 21 out of 35 (60.0%)

ATmega16A instruction use summary:
.lds  :   0 .lds.l:   0 .sts  :   0 .sts.l:   0 adc   :   0 add   :   0 
adiw  :   4 and   :   0 andi  :   0 asr   :   0 bclr  :   0 bld   :   0 
brbc  :   0 brbs  :   0 brcc  :   0 brcs  :   0 break :   0 breq  :  20 
brge  :   3 brhc  :   0 brhs  :   0 brid  :   0 brie  :   0 brlo  :   0 
brlt  :   0 brmi  :   0 brne  :  41 brpl  :   0 brsh  :   0 brtc  :   0 
brts  :   0 brvc  :   0 brvs  :   0 bset  :   0 bst   :   0 call  :   0 
cbi   :  39 cbr   :   0 clc   :   0 clh   :   0 cli   :   1 cln   :   0 
clr   :  16 cls   :   0 clt   :   0 clv   :   0 clz   :   0 com   :   0 
cp    :   7 cpc   :   7 cpi   :   5 cpse  :   0 dec   :   1 des   :   0 
eor   :   0 fmul  :   0 fmuls :   0 fmulsu:   0 icall :   0 ijmp  :   0 
in    :   0 inc   :   0 jmp   :  22 ld    :   0 ldd   :   0 ldi   : 116 
lds   :   0 lpm   :   7 lsl   :   0 lsr   :   0 mov   :   1 movw  :  14 
mul   :   0 muls  :   0 mulsu :   0 neg   :   0 nop   :   0 or    :   1 
ori   :   0 out   :  42 pop   :   0 push  :   0 rcall : 122 ret   :  17 
reti  :   0 rjmp  :  91 rol   :   0 ror   :   0 sbc   :   0 sbci  :   0 
sbi   :  14 sbic  :  22 sbis  :  27 sbiw  :   5 sbr   :   0 sbrc  :   0 
sbrs  :   0 sec   :   0 seh   :   0 sei   :   0 sen   :   0 ser   :   0 
ses   :   0 set   :   0 sev   :   0 sez   :   0 sleep :   0 spm   :   0 
st    :   3 std   :   0 sts   :   0 sub   :   0 subi  :   0 swap  :   0 
tst   :   0 wdr   :   1 
Instructions used: 27 out of 116 (23.3%)

ATmega16A memory use summary [bytes]:
Segment   Begin    End      Code   Data   Used    Size   Use%
---------------------------------------------------------------
[.cseg] 0x000000 0x00054e   1342     16   1358   16384   8.3%
[.dseg] 0x000060 0x000160      0      0      0    1024   0.0%
[.eseg] 0x000000 0x000000      0      0      0     512   0.0%

Assembly complete, 0 errors, 4 warnings
