
AVRASM ver. 2.1.30  F:\desktop\Atmega 16\cvavr programm\myself\Line follower\List\step2.asm Fri Sep 30 09:30:43 2011

F:\desktop\Atmega 16\cvavr programm\myself\Line follower\List\step2.asm(1059): warning: Register r4 already defined by the .DEF directive
F:\desktop\Atmega 16\cvavr programm\myself\Line follower\List\step2.asm(1060): warning: Register r6 already defined by the .DEF directive
F:\desktop\Atmega 16\cvavr programm\myself\Line follower\List\step2.asm(1061): warning: Register r8 already defined by the .DEF directive
F:\desktop\Atmega 16\cvavr programm\myself\Line follower\List\step2.asm(1062): warning: Register r10 already defined by the .DEF directive
F:\desktop\Atmega 16\cvavr programm\myself\Line follower\List\step2.asm(1063): warning: Register r12 already defined by the .DEF directive
                 
                 
                 ;CodeVisionAVR C Compiler V2.04.6 Evaluation
                 ;(C) Copyright 1998-2010 Pavel Haiduc, HP InfoTech s.r.l.
                 ;http://www.hpinfotech.com
                 
                 ;Chip type                : ATmega16
                 ;Program type             : Application
                 ;Clock frequency          : 8.000000 MHz
                 ;Memory model             : Small
                 ;Optimize for             : Size
                 ;(s)printf features       : int, width
                 ;(s)scanf features        : int, width
                 ;External RAM size        : 0
                 ;Data Stack size          : 256 byte(s)
                 ;Heap size                : 0 byte(s)
                 ;Promote 'char' to 'int'  : Yes
                 ;'char' is unsigned       : Yes
                 ;8 bit enums              : Yes
                 ;global 'const' stored in FLASH: No
                 ;Enhanced core instructions    : On
                 ;Smart register allocation     : On
                 ;Automatic register allocation : On
                 
                 	#pragma AVRPART ADMIN PART_NAME ATmega16
                 	#pragma AVRPART MEMORY PROG_FLASH 16384
                 	#pragma AVRPART MEMORY EEPROM 512
                 	#pragma AVRPART MEMORY INT_SRAM SIZE 1024
                 	#pragma AVRPART MEMORY INT_SRAM START_ADDR 0x60
                 
                 	#define CALL_SUPPORTED 1
                 
                 	.LISTMAC
                 	.EQU UDRE=0x5
                 	.EQU RXC=0x7
                 	.EQU USR=0xB
                 	.EQU UDR=0xC
                 	.EQU SPSR=0xE
                 	.EQU SPDR=0xF
                 	.EQU EERE=0x0
                 	.EQU EEWE=0x1
                 	.EQU EEMWE=0x2
                 	.EQU EECR=0x1C
                 	.EQU EEDR=0x1D
                 	.EQU EEARL=0x1E
                 	.EQU EEARH=0x1F
                 	.EQU WDTCR=0x21
                 	.EQU MCUCR=0x35
                 	.EQU GICR=0x3B
                 	.EQU SPL=0x3D
                 	.EQU SPH=0x3E
                 	.EQU SREG=0x3F
                 
                 	.DEF R0X0=R0
                 	.DEF R0X1=R1
                 	.DEF R0X2=R2
                 	.DEF R0X3=R3
                 	.DEF R0X4=R4
                 	.DEF R0X5=R5
                 	.DEF R0X6=R6
                 	.DEF R0X7=R7
                 	.DEF R0X8=R8
                 	.DEF R0X9=R9
                 	.DEF R0XA=R10
                 	.DEF R0XB=R11
                 	.DEF R0XC=R12
                 	.DEF R0XD=R13
                 	.DEF R0XE=R14
                 	.DEF R0XF=R15
                 	.DEF R0X10=R16
                 	.DEF R0X11=R17
                 	.DEF R0X12=R18
                 	.DEF R0X13=R19
                 	.DEF R0X14=R20
                 	.DEF R0X15=R21
                 	.DEF R0X16=R22
                 	.DEF R0X17=R23
                 	.DEF R0X18=R24
                 	.DEF R0X19=R25
                 	.DEF R0X1A=R26
                 	.DEF R0X1B=R27
                 	.DEF R0X1C=R28
                 	.DEF R0X1D=R29
                 	.DEF R0X1E=R30
                 	.DEF R0X1F=R31
                 
                 	.EQU __SRAM_START=0x0060
                 	.EQU __SRAM_END=0x045F
                 	.EQU __DSTACK_SIZE=0x0100
                 	.EQU __HEAP_SIZE=0x0000
                 	.EQU __CLEAR_SRAM_SIZE=__SRAM_END-__SRAM_START+1
                 
                 	.MACRO __CPD1N
                 	CPI  R30,LOW(@0)
                 	LDI  R26,HIGH(@0)
                 	CPC  R31,R26
                 	LDI  R26,BYTE3(@0)
                 	CPC  R22,R26
                 	LDI  R26,BYTE4(@0)
                 	CPC  R23,R26
                 	.ENDM
                 
                 	.MACRO __CPD2N
                 	CPI  R26,LOW(@0)
                 	LDI  R30,HIGH(@0)
                 	CPC  R27,R30
                 	LDI  R30,BYTE3(@0)
                 	CPC  R24,R30
                 	LDI  R30,BYTE4(@0)
                 	CPC  R25,R30
                 	.ENDM
                 
                 	.MACRO __CPWRR
                 	CP   R@0,R@2
                 	CPC  R@1,R@3
                 	.ENDM
                 
                 	.MACRO __CPWRN
                 	CPI  R@0,LOW(@2)
                 	LDI  R30,HIGH(@2)
                 	CPC  R@1,R30
                 	.ENDM
                 
                 	.MACRO __ADDB1MN
                 	SUBI R30,LOW(-@0-(@1))
                 	.ENDM
                 
                 	.MACRO __ADDB2MN
                 	SUBI R26,LOW(-@0-(@1))
                 	.ENDM
                 
                 	.MACRO __ADDW1MN
                 	SUBI R30,LOW(-@0-(@1))
                 	SBCI R31,HIGH(-@0-(@1))
                 	.ENDM
                 
                 	.MACRO __ADDW2MN
                 	SUBI R26,LOW(-@0-(@1))
                 	SBCI R27,HIGH(-@0-(@1))
                 	.ENDM
                 
                 	.MACRO __ADDW1FN
                 	SUBI R30,LOW(-2*@0-(@1))
                 	SBCI R31,HIGH(-2*@0-(@1))
                 	.ENDM
                 
                 	.MACRO __ADDD1FN
                 	SUBI R30,LOW(-2*@0-(@1))
                 	SBCI R31,HIGH(-2*@0-(@1))
                 	SBCI R22,BYTE3(-2*@0-(@1))
                 	.ENDM
                 
                 	.MACRO __ADDD1N
                 	SUBI R30,LOW(-@0)
                 	SBCI R31,HIGH(-@0)
                 	SBCI R22,BYTE3(-@0)
                 	SBCI R23,BYTE4(-@0)
                 	.ENDM
                 
                 	.MACRO __ADDD2N
                 	SUBI R26,LOW(-@0)
                 	SBCI R27,HIGH(-@0)
                 	SBCI R24,BYTE3(-@0)
                 	SBCI R25,BYTE4(-@0)
                 	.ENDM
                 
                 	.MACRO __SUBD1N
                 	SUBI R30,LOW(@0)
                 	SBCI R31,HIGH(@0)
                 	SBCI R22,BYTE3(@0)
                 	SBCI R23,BYTE4(@0)
                 	.ENDM
                 
                 	.MACRO __SUBD2N
                 	SUBI R26,LOW(@0)
                 	SBCI R27,HIGH(@0)
                 	SBCI R24,BYTE3(@0)
                 	SBCI R25,BYTE4(@0)
                 	.ENDM
                 
                 	.MACRO __ANDBMNN
                 	LDS  R30,@0+(@1)
                 	ANDI R30,LOW(@2)
                 	STS  @0+(@1),R30
                 	.ENDM
                 
                 	.MACRO __ANDWMNN
                 	LDS  R30,@0+(@1)
                 	ANDI R30,LOW(@2)
                 	STS  @0+(@1),R30
                 	LDS  R30,@0+(@1)+1
                 	ANDI R30,HIGH(@2)
                 	STS  @0+(@1)+1,R30
                 	.ENDM
                 
                 	.MACRO __ANDD1N
                 	ANDI R30,LOW(@0)
                 	ANDI R31,HIGH(@0)
                 	ANDI R22,BYTE3(@0)
                 	ANDI R23,BYTE4(@0)
                 	.ENDM
                 
                 	.MACRO __ANDD2N
                 	ANDI R26,LOW(@0)
                 	ANDI R27,HIGH(@0)
                 	ANDI R24,BYTE3(@0)
                 	ANDI R25,BYTE4(@0)
                 	.ENDM
                 
                 	.MACRO __ORBMNN
                 	LDS  R30,@0+(@1)
                 	ORI  R30,LOW(@2)
                 	STS  @0+(@1),R30
                 	.ENDM
                 
                 	.MACRO __ORWMNN
                 	LDS  R30,@0+(@1)
                 	ORI  R30,LOW(@2)
                 	STS  @0+(@1),R30
                 	LDS  R30,@0+(@1)+1
                 	ORI  R30,HIGH(@2)
                 	STS  @0+(@1)+1,R30
                 	.ENDM
                 
                 	.MACRO __ORD1N
                 	ORI  R30,LOW(@0)
                 	ORI  R31,HIGH(@0)
                 	ORI  R22,BYTE3(@0)
                 	ORI  R23,BYTE4(@0)
                 	.ENDM
                 
                 	.MACRO __ORD2N
                 	ORI  R26,LOW(@0)
                 	ORI  R27,HIGH(@0)
                 	ORI  R24,BYTE3(@0)
                 	ORI  R25,BYTE4(@0)
                 	.ENDM
                 
                 	.MACRO __DELAY_USB
                 	LDI  R24,LOW(@0)
                 __DELAY_USB_LOOP:
                 	DEC  R24
                 	BRNE __DELAY_USB_LOOP
                 	.ENDM
                 
                 	.MACRO __DELAY_USW
                 	LDI  R24,LOW(@0)
                 	LDI  R25,HIGH(@0)
                 __DELAY_USW_LOOP:
                 	SBIW R24,1
                 	BRNE __DELAY_USW_LOOP
                 	.ENDM
                 
                 	.MACRO __GETD1S
                 	LDD  R30,Y+@0
                 	LDD  R31,Y+@0+1
                 	LDD  R22,Y+@0+2
                 	LDD  R23,Y+@0+3
                 	.ENDM
                 
                 	.MACRO __GETD2S
                 	LDD  R26,Y+@0
                 	LDD  R27,Y+@0+1
                 	LDD  R24,Y+@0+2
                 	LDD  R25,Y+@0+3
                 	.ENDM
                 
                 	.MACRO __PUTD1S
                 	STD  Y+@0,R30
                 	STD  Y+@0+1,R31
                 	STD  Y+@0+2,R22
                 	STD  Y+@0+3,R23
                 	.ENDM
                 
                 	.MACRO __PUTD2S
                 	STD  Y+@0,R26
                 	STD  Y+@0+1,R27
                 	STD  Y+@0+2,R24
                 	STD  Y+@0+3,R25
                 	.ENDM
                 
                 	.MACRO __PUTDZ2
                 	STD  Z+@0,R26
                 	STD  Z+@0+1,R27
                 	STD  Z+@0+2,R24
                 	STD  Z+@0+3,R25
                 	.ENDM
                 
                 	.MACRO __CLRD1S
                 	STD  Y+@0,R30
                 	STD  Y+@0+1,R30
                 	STD  Y+@0+2,R30
                 	STD  Y+@0+3,R30
                 	.ENDM
                 
                 	.MACRO __POINTB1MN
                 	LDI  R30,LOW(@0+(@1))
                 	.ENDM
                 
                 	.MACRO __POINTW1MN
                 	LDI  R30,LOW(@0+(@1))
                 	LDI  R31,HIGH(@0+(@1))
                 	.ENDM
                 
                 	.MACRO __POINTD1M
                 	LDI  R30,LOW(@0)
                 	LDI  R31,HIGH(@0)
                 	LDI  R22,BYTE3(@0)
                 	LDI  R23,BYTE4(@0)
                 	.ENDM
                 
                 	.MACRO __POINTW1FN
                 	LDI  R30,LOW(2*@0+(@1))
                 	LDI  R31,HIGH(2*@0+(@1))
                 	.ENDM
                 
                 	.MACRO __POINTD1FN
                 	LDI  R30,LOW(2*@0+(@1))
                 	LDI  R31,HIGH(2*@0+(@1))
                 	LDI  R22,BYTE3(2*@0+(@1))
                 	LDI  R23,BYTE4(2*@0+(@1))
                 	.ENDM
                 
                 	.MACRO __POINTB2MN
                 	LDI  R26,LOW(@0+(@1))
                 	.ENDM
                 
                 	.MACRO __POINTW2MN
                 	LDI  R26,LOW(@0+(@1))
                 	LDI  R27,HIGH(@0+(@1))
                 	.ENDM
                 
                 	.MACRO __POINTBRM
                 	LDI  R@0,LOW(@1)
                 	.ENDM
                 
                 	.MACRO __POINTWRM
                 	LDI  R@0,LOW(@2)
                 	LDI  R@1,HIGH(@2)
                 	.ENDM
                 
                 	.MACRO __POINTBRMN
                 	LDI  R@0,LOW(@1+(@2))
                 	.ENDM
                 
                 	.MACRO __POINTWRMN
                 	LDI  R@0,LOW(@2+(@3))
                 	LDI  R@1,HIGH(@2+(@3))
                 	.ENDM
                 
                 	.MACRO __POINTWRFN
                 	LDI  R@0,LOW(@2*2+(@3))
                 	LDI  R@1,HIGH(@2*2+(@3))
                 	.ENDM
                 
                 	.MACRO __GETD1N
                 	LDI  R30,LOW(@0)
                 	LDI  R31,HIGH(@0)
                 	LDI  R22,BYTE3(@0)
                 	LDI  R23,BYTE4(@0)
                 	.ENDM
                 
                 	.MACRO __GETD2N
                 	LDI  R26,LOW(@0)
                 	LDI  R27,HIGH(@0)
                 	LDI  R24,BYTE3(@0)
                 	LDI  R25,BYTE4(@0)
                 	.ENDM
                 
                 	.MACRO __GETB1MN
                 	LDS  R30,@0+(@1)
                 	.ENDM
                 
                 	.MACRO __GETB1HMN
                 	LDS  R31,@0+(@1)
                 	.ENDM
                 
                 	.MACRO __GETW1MN
                 	LDS  R30,@0+(@1)
                 	LDS  R31,@0+(@1)+1
                 	.ENDM
                 
                 	.MACRO __GETD1MN
                 	LDS  R30,@0+(@1)
                 	LDS  R31,@0+(@1)+1
                 	LDS  R22,@0+(@1)+2
                 	LDS  R23,@0+(@1)+3
                 	.ENDM
                 
                 	.MACRO __GETBRMN
                 	LDS  R@0,@1+(@2)
                 	.ENDM
                 
                 	.MACRO __GETWRMN
                 	LDS  R@0,@2+(@3)
                 	LDS  R@1,@2+(@3)+1
                 	.ENDM
                 
                 	.MACRO __GETWRZ
                 	LDD  R@0,Z+@2
                 	LDD  R@1,Z+@2+1
                 	.ENDM
                 
                 	.MACRO __GETD2Z
                 	LDD  R26,Z+@0
                 	LDD  R27,Z+@0+1
                 	LDD  R24,Z+@0+2
                 	LDD  R25,Z+@0+3
                 	.ENDM
                 
                 	.MACRO __GETB2MN
                 	LDS  R26,@0+(@1)
                 	.ENDM
                 
                 	.MACRO __GETW2MN
                 	LDS  R26,@0+(@1)
                 	LDS  R27,@0+(@1)+1
                 	.ENDM
                 
                 	.MACRO __GETD2MN
                 	LDS  R26,@0+(@1)
                 	LDS  R27,@0+(@1)+1
                 	LDS  R24,@0+(@1)+2
                 	LDS  R25,@0+(@1)+3
                 	.ENDM
                 
                 	.MACRO __PUTB1MN
                 	STS  @0+(@1),R30
                 	.ENDM
                 
                 	.MACRO __PUTW1MN
                 	STS  @0+(@1),R30
                 	STS  @0+(@1)+1,R31
                 	.ENDM
                 
                 	.MACRO __PUTD1MN
                 	STS  @0+(@1),R30
                 	STS  @0+(@1)+1,R31
                 	STS  @0+(@1)+2,R22
                 	STS  @0+(@1)+3,R23
                 	.ENDM
                 
                 	.MACRO __PUTB1EN
                 	LDI  R26,LOW(@0+(@1))
                 	LDI  R27,HIGH(@0+(@1))
                 	CALL __EEPROMWRB
                 	.ENDM
                 
                 	.MACRO __PUTW1EN
                 	LDI  R26,LOW(@0+(@1))
                 	LDI  R27,HIGH(@0+(@1))
                 	CALL __EEPROMWRW
                 	.ENDM
                 
                 	.MACRO __PUTD1EN
                 	LDI  R26,LOW(@0+(@1))
                 	LDI  R27,HIGH(@0+(@1))
                 	CALL __EEPROMWRD
                 	.ENDM
                 
                 	.MACRO __PUTBR0MN
                 	STS  @0+(@1),R0
                 	.ENDM
                 
                 	.MACRO __PUTBMRN
                 	STS  @0+(@1),R@2
                 	.ENDM
                 
                 	.MACRO __PUTWMRN
                 	STS  @0+(@1),R@2
                 	STS  @0+(@1)+1,R@3
                 	.ENDM
                 
                 	.MACRO __PUTBZR
                 	STD  Z+@1,R@0
                 	.ENDM
                 
                 	.MACRO __PUTWZR
                 	STD  Z+@2,R@0
                 	STD  Z+@2+1,R@1
                 	.ENDM
                 
                 	.MACRO __GETW1R
                 	MOV  R30,R@0
                 	MOV  R31,R@1
                 	.ENDM
                 
                 	.MACRO __GETW2R
                 	MOV  R26,R@0
                 	MOV  R27,R@1
                 	.ENDM
                 
                 	.MACRO __GETWRN
                 	LDI  R@0,LOW(@2)
                 	LDI  R@1,HIGH(@2)
                 	.ENDM
                 
                 	.MACRO __PUTW1R
                 	MOV  R@0,R30
                 	MOV  R@1,R31
                 	.ENDM
                 
                 	.MACRO __PUTW2R
                 	MOV  R@0,R26
                 	MOV  R@1,R27
                 	.ENDM
                 
                 	.MACRO __ADDWRN
                 	SUBI R@0,LOW(-@2)
                 	SBCI R@1,HIGH(-@2)
                 	.ENDM
                 
                 	.MACRO __ADDWRR
                 	ADD  R@0,R@2
                 	ADC  R@1,R@3
                 	.ENDM
                 
                 	.MACRO __SUBWRN
                 	SUBI R@0,LOW(@2)
                 	SBCI R@1,HIGH(@2)
                 	.ENDM
                 
                 	.MACRO __SUBWRR
                 	SUB  R@0,R@2
                 	SBC  R@1,R@3
                 	.ENDM
                 
                 	.MACRO __ANDWRN
                 	ANDI R@0,LOW(@2)
                 	ANDI R@1,HIGH(@2)
                 	.ENDM
                 
                 	.MACRO __ANDWRR
                 	AND  R@0,R@2
                 	AND  R@1,R@3
                 	.ENDM
                 
                 	.MACRO __ORWRN
                 	ORI  R@0,LOW(@2)
                 	ORI  R@1,HIGH(@2)
                 	.ENDM
                 
                 	.MACRO __ORWRR
                 	OR   R@0,R@2
                 	OR   R@1,R@3
                 	.ENDM
                 
                 	.MACRO __EORWRR
                 	EOR  R@0,R@2
                 	EOR  R@1,R@3
                 	.ENDM
                 
                 	.MACRO __GETWRS
                 	LDD  R@0,Y+@2
                 	LDD  R@1,Y+@2+1
                 	.ENDM
                 
                 	.MACRO __PUTBSR
                 	STD  Y+@1,R@0
                 	.ENDM
                 
                 	.MACRO __PUTWSR
                 	STD  Y+@2,R@0
                 	STD  Y+@2+1,R@1
                 	.ENDM
                 
                 	.MACRO __MOVEWRR
                 	MOV  R@0,R@2
                 	MOV  R@1,R@3
                 	.ENDM
                 
                 	.MACRO __INWR
                 	IN   R@0,@2
                 	IN   R@1,@2+1
                 	.ENDM
                 
                 	.MACRO __OUTWR
                 	OUT  @2+1,R@1
                 	OUT  @2,R@0
                 	.ENDM
                 
                 	.MACRO __CALL1MN
                 	LDS  R30,@0+(@1)
                 	LDS  R31,@0+(@1)+1
                 	ICALL
                 	.ENDM
                 
                 	.MACRO __CALL1FN
                 	LDI  R30,LOW(2*@0+(@1))
                 	LDI  R31,HIGH(2*@0+(@1))
                 	CALL __GETW1PF
                 	ICALL
                 	.ENDM
                 
                 	.MACRO __CALL2EN
                 	LDI  R26,LOW(@0+(@1))
                 	LDI  R27,HIGH(@0+(@1))
                 	CALL __EEPROMRDW
                 	ICALL
                 	.ENDM
                 
                 	.MACRO __GETW1STACK
                 	IN   R26,SPL
                 	IN   R27,SPH
                 	ADIW R26,@0+1
                 	LD   R30,X+
                 	LD   R31,X
                 	.ENDM
                 
                 	.MACRO __GETD1STACK
                 	IN   R26,SPL
                 	IN   R27,SPH
                 	ADIW R26,@0+1
                 	LD   R30,X+
                 	LD   R31,X+
                 	LD   R22,X
                 	.ENDM
                 
                 	.MACRO __NBST
                 	BST  R@0,@1
                 	IN   R30,SREG
                 	LDI  R31,0x40
                 	EOR  R30,R31
                 	OUT  SREG,R30
                 	.ENDM
                 
                 
                 	.MACRO __PUTB1SN
                 	LDD  R26,Y+@0
                 	LDD  R27,Y+@0+1
                 	SUBI R26,LOW(-@1)
                 	SBCI R27,HIGH(-@1)
                 	ST   X,R30
                 	.ENDM
                 
                 	.MACRO __PUTW1SN
                 	LDD  R26,Y+@0
                 	LDD  R27,Y+@0+1
                 	SUBI R26,LOW(-@1)
                 	SBCI R27,HIGH(-@1)
                 	ST   X+,R30
                 	ST   X,R31
                 	.ENDM
                 
                 	.MACRO __PUTD1SN
                 	LDD  R26,Y+@0
                 	LDD  R27,Y+@0+1
                 	SUBI R26,LOW(-@1)
                 	SBCI R27,HIGH(-@1)
                 	CALL __PUTDP1
                 	.ENDM
                 
                 	.MACRO __PUTB1SNS
                 	LDD  R26,Y+@0
                 	LDD  R27,Y+@0+1
                 	ADIW R26,@1
                 	ST   X,R30
                 	.ENDM
                 
                 	.MACRO __PUTW1SNS
                 	LDD  R26,Y+@0
                 	LDD  R27,Y+@0+1
                 	ADIW R26,@1
                 	ST   X+,R30
                 	ST   X,R31
                 	.ENDM
                 
                 	.MACRO __PUTD1SNS
                 	LDD  R26,Y+@0
                 	LDD  R27,Y+@0+1
                 	ADIW R26,@1
                 	CALL __PUTDP1
                 	.ENDM
                 
                 	.MACRO __PUTB1PMN
                 	LDS  R26,@0
                 	LDS  R27,@0+1
                 	SUBI R26,LOW(-@1)
                 	SBCI R27,HIGH(-@1)
                 	ST   X,R30
                 	.ENDM
                 
                 	.MACRO __PUTW1PMN
                 	LDS  R26,@0
                 	LDS  R27,@0+1
                 	SUBI R26,LOW(-@1)
                 	SBCI R27,HIGH(-@1)
                 	ST   X+,R30
                 	ST   X,R31
                 	.ENDM
                 
                 	.MACRO __PUTD1PMN
                 	LDS  R26,@0
                 	LDS  R27,@0+1
                 	SUBI R26,LOW(-@1)
                 	SBCI R27,HIGH(-@1)
                 	CALL __PUTDP1
                 	.ENDM
                 
                 	.MACRO __PUTB1PMNS
                 	LDS  R26,@0
                 	LDS  R27,@0+1
                 	ADIW R26,@1
                 	ST   X,R30
                 	.ENDM
                 
                 	.MACRO __PUTW1PMNS
                 	LDS  R26,@0
                 	LDS  R27,@0+1
                 	ADIW R26,@1
                 	ST   X+,R30
                 	ST   X,R31
                 	.ENDM
                 
                 	.MACRO __PUTD1PMNS
                 	LDS  R26,@0
                 	LDS  R27,@0+1
                 	ADIW R26,@1
                 	CALL __PUTDP1
                 	.ENDM
                 
                 	.MACRO __PUTB1RN
                 	MOVW R26,R@0
                 	SUBI R26,LOW(-@1)
                 	SBCI R27,HIGH(-@1)
                 	ST   X,R30
                 	.ENDM
                 
                 	.MACRO __PUTW1RN
                 	MOVW R26,R@0
                 	SUBI R26,LOW(-@1)
                 	SBCI R27,HIGH(-@1)
                 	ST   X+,R30
                 	ST   X,R31
                 	.ENDM
                 
                 	.MACRO __PUTD1RN
                 	MOVW R26,R@0
                 	SUBI R26,LOW(-@1)
                 	SBCI R27,HIGH(-@1)
                 	CALL __PUTDP1
                 	.ENDM
                 
                 	.MACRO __PUTB1RNS
                 	MOVW R26,R@0
                 	ADIW R26,@1
                 	ST   X,R30
                 	.ENDM
                 
                 	.MACRO __PUTW1RNS
                 	MOVW R26,R@0
                 	ADIW R26,@1
                 	ST   X+,R30
                 	ST   X,R31
                 	.ENDM
                 
                 	.MACRO __PUTD1RNS
                 	MOVW R26,R@0
                 	ADIW R26,@1
                 	CALL __PUTDP1
                 	.ENDM
                 
                 	.MACRO __PUTB1RON
                 	MOV  R26,R@0
                 	MOV  R27,R@1
                 	SUBI R26,LOW(-@2)
                 	SBCI R27,HIGH(-@2)
                 	ST   X,R30
                 	.ENDM
                 
                 	.MACRO __PUTW1RON
                 	MOV  R26,R@0
                 	MOV  R27,R@1
                 	SUBI R26,LOW(-@2)
                 	SBCI R27,HIGH(-@2)
                 	ST   X+,R30
                 	ST   X,R31
                 	.ENDM
                 
                 	.MACRO __PUTD1RON
                 	MOV  R26,R@0
                 	MOV  R27,R@1
                 	SUBI R26,LOW(-@2)
                 	SBCI R27,HIGH(-@2)
                 	CALL __PUTDP1
                 	.ENDM
                 
                 	.MACRO __PUTB1RONS
                 	MOV  R26,R@0
                 	MOV  R27,R@1
                 	ADIW R26,@2
                 	ST   X,R30
                 	.ENDM
                 
                 	.MACRO __PUTW1RONS
                 	MOV  R26,R@0
                 	MOV  R27,R@1
                 	ADIW R26,@2
                 	ST   X+,R30
                 	ST   X,R31
                 	.ENDM
                 
                 	.MACRO __PUTD1RONS
                 	MOV  R26,R@0
                 	MOV  R27,R@1
                 	ADIW R26,@2
                 	CALL __PUTDP1
                 	.ENDM
                 
                 
                 	.MACRO __GETB1SX
                 	MOVW R30,R28
                 	SUBI R30,LOW(-@0)
                 	SBCI R31,HIGH(-@0)
                 	LD   R30,Z
                 	.ENDM
                 
                 	.MACRO __GETB1HSX
                 	MOVW R30,R28
                 	SUBI R30,LOW(-@0)
                 	SBCI R31,HIGH(-@0)
                 	LD   R31,Z
                 	.ENDM
                 
                 	.MACRO __GETW1SX
                 	MOVW R30,R28
                 	SUBI R30,LOW(-@0)
                 	SBCI R31,HIGH(-@0)
                 	LD   R0,Z+
                 	LD   R31,Z
                 	MOV  R30,R0
                 	.ENDM
                 
                 	.MACRO __GETD1SX
                 	MOVW R30,R28
                 	SUBI R30,LOW(-@0)
                 	SBCI R31,HIGH(-@0)
                 	LD   R0,Z+
                 	LD   R1,Z+
                 	LD   R22,Z+
                 	LD   R23,Z
                 	MOVW R30,R0
                 	.ENDM
                 
                 	.MACRO __GETB2SX
                 	MOVW R26,R28
                 	SUBI R26,LOW(-@0)
                 	SBCI R27,HIGH(-@0)
                 	LD   R26,X
                 	.ENDM
                 
                 	.MACRO __GETW2SX
                 	MOVW R26,R28
                 	SUBI R26,LOW(-@0)
                 	SBCI R27,HIGH(-@0)
                 	LD   R0,X+
                 	LD   R27,X
                 	MOV  R26,R0
                 	.ENDM
                 
                 	.MACRO __GETD2SX
                 	MOVW R26,R28
                 	SUBI R26,LOW(-@0)
                 	SBCI R27,HIGH(-@0)
                 	LD   R0,X+
                 	LD   R1,X+
                 	LD   R24,X+
                 	LD   R25,X
                 	MOVW R26,R0
                 	.ENDM
                 
                 	.MACRO __GETBRSX
                 	MOVW R30,R28
                 	SUBI R30,LOW(-@1)
                 	SBCI R31,HIGH(-@1)
                 	LD   R@0,Z
                 	.ENDM
                 
                 	.MACRO __GETWRSX
                 	MOVW R30,R28
                 	SUBI R30,LOW(-@2)
                 	SBCI R31,HIGH(-@2)
                 	LD   R@0,Z+
                 	LD   R@1,Z
                 	.ENDM
                 
                 	.MACRO __GETBRSX2
                 	MOVW R26,R28
                 	SUBI R26,LOW(-@1)
                 	SBCI R27,HIGH(-@1)
                 	LD   R@0,X
                 	.ENDM
                 
                 	.MACRO __GETWRSX2
                 	MOVW R26,R28
                 	SUBI R26,LOW(-@2)
                 	SBCI R27,HIGH(-@2)
                 	LD   R@0,X+
                 	LD   R@1,X
                 	.ENDM
                 
                 	.MACRO __LSLW8SX
                 	MOVW R30,R28
                 	SUBI R30,LOW(-@0)
                 	SBCI R31,HIGH(-@0)
                 	LD   R31,Z
                 	CLR  R30
                 	.ENDM
                 
                 	.MACRO __PUTB1SX
                 	MOVW R26,R28
                 	SUBI R26,LOW(-@0)
                 	SBCI R27,HIGH(-@0)
                 	ST   X,R30
                 	.ENDM
                 
                 	.MACRO __PUTW1SX
                 	MOVW R26,R28
                 	SUBI R26,LOW(-@0)
                 	SBCI R27,HIGH(-@0)
                 	ST   X+,R30
                 	ST   X,R31
                 	.ENDM
                 
                 	.MACRO __PUTD1SX
                 	MOVW R26,R28
                 	SUBI R26,LOW(-@0)
                 	SBCI R27,HIGH(-@0)
                 	ST   X+,R30
                 	ST   X+,R31
                 	ST   X+,R22
                 	ST   X,R23
                 	.ENDM
                 
                 	.MACRO __CLRW1SX
                 	MOVW R26,R28
                 	SUBI R26,LOW(-@0)
                 	SBCI R27,HIGH(-@0)
                 	ST   X+,R30
                 	ST   X,R30
                 	.ENDM
                 
                 	.MACRO __CLRD1SX
                 	MOVW R26,R28
                 	SUBI R26,LOW(-@0)
                 	SBCI R27,HIGH(-@0)
                 	ST   X+,R30
                 	ST   X+,R30
                 	ST   X+,R30
                 	ST   X,R30
                 	.ENDM
                 
                 	.MACRO __PUTB2SX
                 	MOVW R30,R28
                 	SUBI R30,LOW(-@0)
                 	SBCI R31,HIGH(-@0)
                 	ST   Z,R26
                 	.ENDM
                 
                 	.MACRO __PUTW2SX
                 	MOVW R30,R28
                 	SUBI R30,LOW(-@0)
                 	SBCI R31,HIGH(-@0)
                 	ST   Z+,R26
                 	ST   Z,R27
                 	.ENDM
                 
                 	.MACRO __PUTD2SX
                 	MOVW R30,R28
                 	SUBI R30,LOW(-@0)
                 	SBCI R31,HIGH(-@0)
                 	ST   Z+,R26
                 	ST   Z+,R27
                 	ST   Z+,R24
                 	ST   Z,R25
                 	.ENDM
                 
                 	.MACRO __PUTBSRX
                 	MOVW R30,R28
                 	SUBI R30,LOW(-@1)
                 	SBCI R31,HIGH(-@1)
                 	ST   Z,R@0
                 	.ENDM
                 
                 	.MACRO __PUTWSRX
                 	MOVW R30,R28
                 	SUBI R30,LOW(-@2)
                 	SBCI R31,HIGH(-@2)
                 	ST   Z+,R@0
                 	ST   Z,R@1
                 	.ENDM
                 
                 	.MACRO __PUTB1SNX
                 	MOVW R26,R28
                 	SUBI R26,LOW(-@0)
                 	SBCI R27,HIGH(-@0)
                 	LD   R0,X+
                 	LD   R27,X
                 	MOV  R26,R0
                 	SUBI R26,LOW(-@1)
                 	SBCI R27,HIGH(-@1)
                 	ST   X,R30
                 	.ENDM
                 
                 	.MACRO __PUTW1SNX
                 	MOVW R26,R28
                 	SUBI R26,LOW(-@0)
                 	SBCI R27,HIGH(-@0)
                 	LD   R0,X+
                 	LD   R27,X
                 	MOV  R26,R0
                 	SUBI R26,LOW(-@1)
                 	SBCI R27,HIGH(-@1)
                 	ST   X+,R30
                 	ST   X,R31
                 	.ENDM
                 
                 	.MACRO __PUTD1SNX
                 	MOVW R26,R28
                 	SUBI R26,LOW(-@0)
                 	SBCI R27,HIGH(-@0)
                 	LD   R0,X+
                 	LD   R27,X
                 	MOV  R26,R0
                 	SUBI R26,LOW(-@1)
                 	SBCI R27,HIGH(-@1)
                 	ST   X+,R30
                 	ST   X+,R31
                 	ST   X+,R22
                 	ST   X,R23
                 	.ENDM
                 
                 	.MACRO __MULBRR
                 	MULS R@0,R@1
                 	MOVW R30,R0
                 	.ENDM
                 
                 	.MACRO __MULBRRU
                 	MUL  R@0,R@1
                 	MOVW R30,R0
                 	.ENDM
                 
                 	.MACRO __MULBRR0
                 	MULS R@0,R@1
                 	.ENDM
                 
                 	.MACRO __MULBRRU0
                 	MUL  R@0,R@1
                 	.ENDM
                 
                 	.MACRO __MULBNWRU
                 	LDI  R26,@2
                 	MUL  R26,R@0
                 	MOVW R30,R0
                 	MUL  R26,R@1
                 	ADD  R31,R0
                 	.ENDM
                 
                 ;NAME DEFINITIONS FOR GLOBAL VARIABLES ALLOCATED TO REGISTERS
                 	.DEF _i=R4
                 	.DEF _dec=R6
                 	.DEF _chng=R8
                 	.DEF _x=R10
                 	.DEF _y=R12
                 
                 	.CSEG
                 	.ORG 0x00
                 
                 ;START OF CODE MARKER
                 __START_OF_CODE:
                 
                 ;INTERRUPT VECTORS
000000 940c 003c 	JMP  __RESET
000002 940c 0000 	JMP  0x00
000004 940c 0000 	JMP  0x00
000006 940c 0000 	JMP  0x00
000008 940c 0000 	JMP  0x00
00000a 940c 0000 	JMP  0x00
00000c 940c 0000 	JMP  0x00
00000e 940c 0000 	JMP  0x00
000010 940c 0000 	JMP  0x00
000012 940c 0000 	JMP  0x00
000014 940c 0000 	JMP  0x00
000016 940c 0000 	JMP  0x00
000018 940c 0000 	JMP  0x00
00001a 940c 0000 	JMP  0x00
00001c 940c 0000 	JMP  0x00
00001e 940c 0000 	JMP  0x00
000020 940c 0000 	JMP  0x00
000022 940c 0000 	JMP  0x00
000024 940c 0000 	JMP  0x00
000026 940c 0000 	JMP  0x00
000028 940c 0000 	JMP  0x00
                 
                 _0x4:
00002a 0160      	.DB  LOW(_0x3),HIGH(_0x3)
                 _0x72:
00002b 0000      	.DB  0x0,0x0
                 _0x0:
00002c 7373
00002d 7373
00002e 7773
00002f 7777      	.DB  0x73,0x73,0x73,0x73,0x73,0x77,0x77,0x77
000030 7777
000031 7777
000032 7377
000033 7373      	.DB  0x77,0x77,0x77,0x77,0x77,0x73,0x73,0x73
F:\desktop\Atmega 16\cvavr programm\myself\Line follower\List\step2.asm(1101): warning: .cseg .db misalignment - padding zero byte
000034 0000      	.DB  0x0
                 
                 __GLOBAL_INI_TBL:
000035 0011      	.DW  0x11
000036 0160      	.DW  _0x3
000037 0058      	.DW  _0x0*2
                 
000038 0002      	.DW  0x02
000039 0008      	.DW  0x08
00003a 0056      	.DW  _0x72*2
                 
                 _0xFFFFFFFF:
00003b 0000      	.DW  0
                 
                 __RESET:
00003c 94f8      	CLI
00003d 27ee      	CLR  R30
00003e bbec      	OUT  EECR,R30
                 
                 ;INTERRUPT VECTORS ARE PLACED
                 ;AT THE START OF FLASH
00003f e0f1      	LDI  R31,1
000040 bffb      	OUT  GICR,R31
000041 bfeb      	OUT  GICR,R30
000042 bfe5      	OUT  MCUCR,R30
                 
                 ;DISABLE WATCHDOG
000043 e1f8      	LDI  R31,0x18
000044 bdf1      	OUT  WDTCR,R31
000045 bde1      	OUT  WDTCR,R30
                 
                 ;CLEAR R2-R14
000046 e08d      	LDI  R24,(14-2)+1
000047 e0a2      	LDI  R26,2
000048 27bb      	CLR  R27
                 __CLEAR_REG:
000049 93ed      	ST   X+,R30
00004a 958a      	DEC  R24
00004b f7e9      	BRNE __CLEAR_REG
                 
                 ;CLEAR SRAM
00004c e080      	LDI  R24,LOW(__CLEAR_SRAM_SIZE)
00004d e094      	LDI  R25,HIGH(__CLEAR_SRAM_SIZE)
00004e e6a0      	LDI  R26,__SRAM_START
                 __CLEAR_SRAM:
00004f 93ed      	ST   X+,R30
000050 9701      	SBIW R24,1
000051 f7e9      	BRNE __CLEAR_SRAM
                 
                 ;GLOBAL VARIABLES INITIALIZATION
000052 e6ea      	LDI  R30,LOW(__GLOBAL_INI_TBL*2)
000053 e0f0      	LDI  R31,HIGH(__GLOBAL_INI_TBL*2)
                 __GLOBAL_INI_NEXT:
000054 9185      	LPM  R24,Z+
000055 9195      	LPM  R25,Z+
000056 9700      	SBIW R24,0
000057 f061      	BREQ __GLOBAL_INI_END
000058 91a5      	LPM  R26,Z+
000059 91b5      	LPM  R27,Z+
00005a 9005      	LPM  R0,Z+
00005b 9015      	LPM  R1,Z+
00005c 01bf      	MOVW R22,R30
00005d 01f0      	MOVW R30,R0
                 __GLOBAL_INI_LOOP:
00005e 9005      	LPM  R0,Z+
00005f 920d      	ST   X+,R0
000060 9701      	SBIW R24,1
000061 f7e1      	BRNE __GLOBAL_INI_LOOP
000062 01fb      	MOVW R30,R22
000063 cff0      	RJMP __GLOBAL_INI_NEXT
                 __GLOBAL_INI_END:
                 
                 ;STACK POINTER INITIALIZATION
000064 e5ef      	LDI  R30,LOW(__SRAM_END-__HEAP_SIZE)
000065 bfed      	OUT  SPL,R30
000066 e0e4      	LDI  R30,HIGH(__SRAM_END-__HEAP_SIZE)
000067 bfee      	OUT  SPH,R30
                 
                 ;DATA STACK POINTER INITIALIZATION
000068 e6c0      	LDI  R28,LOW(__SRAM_START+__DSTACK_SIZE)
000069 e0d1      	LDI  R29,HIGH(__SRAM_START+__DSTACK_SIZE)
                 
00006a 940c 006c 	JMP  _main
                 
                 	.ESEG
                 	.ORG 0
                 
                 	.DSEG
                 	.ORG 0x160
                 
                 	.CSEG
                 ;/*****************************************************
                 ;This program was produced by the
                 ;CodeWizardAVR V2.04.6 Evaluation
                 ;Automatic Program Generator
                 ;© Copyright 1998-2010 Pavel Haiduc, HP InfoTech s.r.l.
                 ;http://www.hpinfotech.com
                 ;
                 ;Project :
                 ;Version :
                 ;Date    : 8/21/2011
                 ;Author  : Freeware, for evaluation and non-commercial use only
                 ;Company :
                 ;Comments:
                 ;
                 ;
                 ;Chip type               : ATmega16
                 ;Program type            : Application
                 ;AVR Core Clock frequency: 8.000000 MHz
                 ;Memory model            : Small
                 ;External RAM size       : 0
                 ;Data Stack size         : 256
                 ;*****************************************************/
                 ;
                 ;#include <mega16.h>
                 	#ifndef __SLEEP_DEFINED__
                 	#define __SLEEP_DEFINED__
                 	.EQU __se_bit=0x40
                 	.EQU __sm_mask=0xB0
                 	.EQU __sm_powerdown=0x20
                 	.EQU __sm_powersave=0x30
                 	.EQU __sm_standby=0xA0
                 	.EQU __sm_ext_standby=0xB0
                 	.EQU __sm_adc_noise_red=0x10
                 	.SET power_ctrl_reg=mcucr
                 	#endif
                 ;#include <delay.h>
                 ;
                 ;// Declare your global variables here
                 ;void forward();
                 ;void turn_right();
                 ;void turn_lft();
                 ;//void right();
                 ;void back();
                 ;//void lft();
                 ;int i,dec,chng=0,x,y,x1,x2,y1,y2,inc=0;
                 ;char pre,cur,p[16][16],*a="ssssswwwwwwwwsss";
                 
                 	.DSEG
                 _0x3:
000160           	.BYTE 0x11
                 ;
                 ;
                 ;void main(void)
                 ; 0000 0027 {
                 
                 	.CSEG
                 _main:
                 ; 0000 0028 // Declare your local variables here
                 ; 0000 0029      int j=5;
                 ; 0000 002A // Input/Output Ports initialization
                 ; 0000 002B // Port A initialization
                 ; 0000 002C // Func7=In Func6=In Func5=In Func4=In Func3=In Func2=In Func1=In Func0=In
                 ; 0000 002D // State7=T State6=T State5=T State4=T State3=T State2=T State1=T State0=T
                 ; 0000 002E PORTA=0x00;
                 ;	j -> R16,R17
                +
00006c e005     +LDI R16 , LOW ( 5 )
00006d e010     +LDI R17 , HIGH ( 5 )
                 	__GETWRN 16,17,5
00006e e0e0      	LDI  R30,LOW(0)
00006f bbeb      	OUT  0x1B,R30
                 ; 0000 002F DDRA=0xFF;
000070 efef      	LDI  R30,LOW(255)
000071 bbea      	OUT  0x1A,R30
                 ; 0000 0030 
                 ; 0000 0031 // Port B initialization
                 ; 0000 0032 // Func7=In Func6=In Func5=In Func4=In Func3=In Func2=In Func1=In Func0=In
                 ; 0000 0033 // State7=T State6=T State5=T State4=T State3=T State2=T State1=T State0=T
                 ; 0000 0034 PORTB=0x00;
000072 e0e0      	LDI  R30,LOW(0)
000073 bbe8      	OUT  0x18,R30
                 ; 0000 0035 DDRB=0x00;
000074 bbe7      	OUT  0x17,R30
                 ; 0000 0036 
                 ; 0000 0037 // Port C initialization
                 ; 0000 0038 // Func7=In Func6=In Func5=In Func4=In Func3=In Func2=In Func1=In Func0=In
                 ; 0000 0039 // State7=T State6=T State5=T State4=T State3=T State2=T State1=T State0=T
                 ; 0000 003A PORTC=0x00;
000075 bbe5      	OUT  0x15,R30
                 ; 0000 003B DDRC=0x00;
000076 bbe4      	OUT  0x14,R30
                 ; 0000 003C 
                 ; 0000 003D // Port D initialization
                 ; 0000 003E // Func7=In Func6=In Func5=Out Func4=Out Func3=In Func2=In Func1=In Func0=In
                 ; 0000 003F // State7=T State6=T State5=0 State4=0 State3=T State2=T State1=T State0=T
                 ; 0000 0040 PORTD=0x00;
000077 bbe2      	OUT  0x12,R30
                 ; 0000 0041 DDRD=0x30;
000078 e3e0      	LDI  R30,LOW(48)
000079 bbe1      	OUT  0x11,R30
                 ; 0000 0042 
                 ; 0000 0043 // Timer/Counter 0 initialization
                 ; 0000 0044 // Clock source: System Clock
                 ; 0000 0045 // Clock value: Timer 0 Stopped
                 ; 0000 0046 // Mode: Normal top=FFh
                 ; 0000 0047 // OC0 output: Disconnected
                 ; 0000 0048 TCCR0=0x00;
00007a e0e0      	LDI  R30,LOW(0)
00007b bfe3      	OUT  0x33,R30
                 ; 0000 0049 TCNT0=0x00;
00007c bfe2      	OUT  0x32,R30
                 ; 0000 004A OCR0=0x00;
00007d bfec      	OUT  0x3C,R30
                 ; 0000 004B 
                 ; 0000 004C // Timer/Counter 1 initialization
                 ; 0000 004D // Clock source: System Clock
                 ; 0000 004E // Clock value: 1000.000 kHz
                 ; 0000 004F // Mode: Fast PWM top=00FFh
                 ; 0000 0050 // OC1A output: Non-Inv.
                 ; 0000 0051 // OC1B output: Non-Inv.
                 ; 0000 0052 // Noise Canceler: Off
                 ; 0000 0053 // Input Capture on Falling Edge
                 ; 0000 0054 // Timer1 Overflow Interrupt: Off
                 ; 0000 0055 // Input Capture Interrupt: Off
                 ; 0000 0056 // Compare A Match Interrupt: Off
                 ; 0000 0057 // Compare B Match Interrupt: Off
                 ; 0000 0058 TCCR1A=0xA1;
00007e eae1      	LDI  R30,LOW(161)
00007f bdef      	OUT  0x2F,R30
                 ; 0000 0059 TCCR1B=0x0A;
000080 e0ea      	LDI  R30,LOW(10)
000081 bdee      	OUT  0x2E,R30
                 ; 0000 005A TCNT1H=0x00;
000082 e0e0      	LDI  R30,LOW(0)
000083 bded      	OUT  0x2D,R30
                 ; 0000 005B TCNT1L=0x00;
000084 bdec      	OUT  0x2C,R30
                 ; 0000 005C ICR1H=0x00;
000085 bde7      	OUT  0x27,R30
                 ; 0000 005D ICR1L=0x00;
000086 bde6      	OUT  0x26,R30
                 ; 0000 005E OCR1AH=0x00;
000087 bdeb      	OUT  0x2B,R30
                 ; 0000 005F OCR1AL=0x00;
000088 bdea      	OUT  0x2A,R30
                 ; 0000 0060 OCR1BH=0x00;
000089 bde9      	OUT  0x29,R30
                 ; 0000 0061 OCR1BL=0x00;
00008a bde8      	OUT  0x28,R30
                 ; 0000 0062 
                 ; 0000 0063 // Timer/Counter 2 initialization
                 ; 0000 0064 // Clock source: System Clock
                 ; 0000 0065 // Clock value: Timer2 Stopped
                 ; 0000 0066 // Mode: Normal top=FFh
                 ; 0000 0067 // OC2 output: Disconnected
                 ; 0000 0068 ASSR=0x00;
00008b bde2      	OUT  0x22,R30
                 ; 0000 0069 TCCR2=0x00;
00008c bde5      	OUT  0x25,R30
                 ; 0000 006A TCNT2=0x00;
00008d bde4      	OUT  0x24,R30
                 ; 0000 006B OCR2=0x00;
00008e bde3      	OUT  0x23,R30
                 ; 0000 006C 
                 ; 0000 006D // External Interrupt(s) initialization
                 ; 0000 006E // INT0: Off
                 ; 0000 006F // INT1: Off
                 ; 0000 0070 // INT2: Off
                 ; 0000 0071 
                 ; 0000 0072 MCUCR=0x00;
00008f bfe5      	OUT  0x35,R30
                 ; 0000 0073 MCUCSR=0x00;
000090 bfe4      	OUT  0x34,R30
                 ; 0000 0074 
                 ; 0000 0075 // Timer(s)/Counter(s) Interrupt(s) initialization
                 ; 0000 0076 TIMSK=0x00;
000091 bfe9      	OUT  0x39,R30
                 ; 0000 0077 
                 ; 0000 0078 // Analog Comparator initialization
                 ; 0000 0079 // Analog Comparator: Off
                 ; 0000 007A // Analog Comparator Input Capture by Timer/Counter 1: Off
                 ; 0000 007B ACSR=0x80;
000092 e8e0      	LDI  R30,LOW(128)
000093 b9e8      	OUT  0x8,R30
                 ; 0000 007C SFIOR=0x00;
000094 e0e0      	LDI  R30,LOW(0)
000095 bfe0      	OUT  0x30,R30
                 ; 0000 007D 
                 ; 0000 007E while (1)
                 _0x5:
                 ; 0000 007F         {    if(PINB.0==1)
000096 9bb0      	SBIS 0x16,0
000097 c04e      	RJMP _0x8
                 ; 0000 0080            {
                 ; 0000 0081 
                 ; 0000 0082            while(1)
                 _0x9:
                 ; 0000 0083             {
                 ; 0000 0084 
                 ; 0000 0085 
                 ; 0000 0086              OCR1A=200;
000098 ece8      	LDI  R30,LOW(200)
000099 e0f0      	LDI  R31,HIGH(200)
00009a bdfb      	OUT  0x2A+1,R31
00009b bdea      	OUT  0x2A,R30
                 ; 0000 0087                 OCR1B=200;
00009c bdf9      	OUT  0x28+1,R31
00009d bde8      	OUT  0x28,R30
                 ; 0000 0088          if(PIND.0==0 && PIND.2==1  )
00009e e0a0      	LDI  R26,0
00009f 9980      	SBIC 0x10,0
0000a0 e0a1      	LDI  R26,1
0000a1 30a0      	CPI  R26,LOW(0x0)
0000a2 f411      	BRNE _0xD
0000a3 9982      	SBIC 0x10,2
0000a4 c001      	RJMP _0xE
                 _0xD:
0000a5 c002      	RJMP _0xC
                 _0xE:
                 ; 0000 0089               {
                 ; 0000 008A               turn_right();
0000a6 d069      	RCALL _turn_right
                 ; 0000 008B               delay_ms(7);
0000a7 c03a      	RJMP _0x71
                 ; 0000 008C               }else if(PIND.1==0 && PIND.0==1 )
                 _0xC:
0000a8 e0a0      	LDI  R26,0
0000a9 9981      	SBIC 0x10,1
0000aa e0a1      	LDI  R26,1
0000ab 30a0      	CPI  R26,LOW(0x0)
0000ac f411      	BRNE _0x11
0000ad 9980      	SBIC 0x10,0
0000ae c001      	RJMP _0x12
                 _0x11:
0000af c002      	RJMP _0x10
                 _0x12:
                 ; 0000 008D                 {forward();
0000b0 d037      	RCALL _forward
                 ; 0000 008E                  delay_ms(7);
0000b1 c030      	RJMP _0x71
                 ; 0000 008F                  }
                 ; 0000 0090                 else if(PIND.0==0 && PIND.2==0 )
                 _0x10:
0000b2 e0a0      	LDI  R26,0
0000b3 9980      	SBIC 0x10,0
0000b4 e0a1      	LDI  R26,1
0000b5 30a0      	CPI  R26,LOW(0x0)
0000b6 f429      	BRNE _0x15
0000b7 e0a0      	LDI  R26,0
0000b8 9982      	SBIC 0x10,2
0000b9 e0a1      	LDI  R26,1
0000ba 30a0      	CPI  R26,LOW(0x0)
0000bb f009      	BREQ _0x16
                 _0x15:
0000bc c019      	RJMP _0x14
                 _0x16:
                 ; 0000 0091                 {inc=inc+1;;
0000bd 91e0 0171 	LDS  R30,_inc
0000bf 91f0 0172 	LDS  R31,_inc+1
0000c1 9631      	ADIW R30,1
0000c2 93e0 0171 	STS  _inc,R30
0000c4 93f0 0172 	STS  _inc+1,R31
                 ; 0000 0092                 if(inc%2==1)
0000c6 91a0 0171 	LDS  R26,_inc
0000c8 91b0 0172 	LDS  R27,_inc+1
0000ca e0e2      	LDI  R30,LOW(2)
0000cb e0f0      	LDI  R31,HIGH(2)
0000cc 940e 01ad 	CALL __MODW21
0000ce 30e1      	CPI  R30,LOW(0x1)
0000cf e0a0      	LDI  R26,HIGH(0x1)
0000d0 07fa      	CPC  R31,R26
0000d1 f411      	BRNE _0x17
                 ; 0000 0093                 turn_right();
0000d2 d03d      	RCALL _turn_right
                 ; 0000 0094                 else
0000d3 c001      	RJMP _0x18
                 _0x17:
                 ; 0000 0095                 turn_lft();
0000d4 d05b      	RCALL _turn_lft
                 ; 0000 0096                 }
                 _0x18:
                 ; 0000 0097 
                 ; 0000 0098 
                 ; 0000 0099                else if(PIND.2==0 )
0000d5 c00f      	RJMP _0x19
                 _0x14:
0000d6 9982      	SBIC 0x10,2
0000d7 c002      	RJMP _0x1A
                 ; 0000 009A                  { turn_lft();
0000d8 d057      	RCALL _turn_lft
                 ; 0000 009B                   delay_ms(7);
0000d9 c008      	RJMP _0x71
                 ; 0000 009C                   }
                 ; 0000 009D               else if(PIND.0==1 && PIND.2==1 &&  PIND.2==1 )
                 _0x1A:
0000da 9b80      	SBIS 0x10,0
0000db c004      	RJMP _0x1D
0000dc 9b82      	SBIS 0x10,2
0000dd c002      	RJMP _0x1D
0000de 9982      	SBIC 0x10,2
0000df c001      	RJMP _0x1E
                 _0x1D:
0000e0 c004      	RJMP _0x1C
                 _0x1E:
                 ; 0000 009E                { back();
0000e1 d071      	RCALL _back
                 ; 0000 009F                 delay_ms(7);
                 _0x71:
0000e2 e0e7      	LDI  R30,LOW(7)
0000e3 e0f0      	LDI  R31,HIGH(7)
0000e4 d08f      	RCALL SUBOPT_0x0
                 ; 0000 00A0                 }
                 ; 0000 00A1 
                 ; 0000 00A2 
                 ; 0000 00A3 
                 ; 0000 00A4              }
                 _0x1C:
                 _0x19:
0000e5 cfb2      	RJMP _0x9
                 ; 0000 00A5 
                 ; 0000 00A6 
                 ; 0000 00A7            }
                 ; 0000 00A8 
                 ; 0000 00A9       }
                 _0x8:
0000e6 cfaf      	RJMP _0x5
                 ; 0000 00AA }
                 _0x1F:
0000e7 cfff      	RJMP _0x1F
                 ;void forward()
                 ; 0000 00AC {
                 _forward:
                 ; 0000 00AD 
                 ; 0000 00AE                       for(i=0;i<5;i++)
0000e8 2444      	CLR  R4
0000e9 2455      	CLR  R5
                 _0x21:
0000ea e0e5      	LDI  R30,LOW(5)
0000eb e0f0      	LDI  R31,HIGH(5)
0000ec 164e      	CP   R4,R30
0000ed 065f      	CPC  R5,R31
0000ee f504      	BRGE _0x22
                 ; 0000 00AF                       {
                 ; 0000 00B0 
                 ; 0000 00B1                        PORTA.0=1;
0000ef 9ad8      	SBI  0x1B,0
                 ; 0000 00B2 
                 ; 0000 00B3                        PORTA.1=0;
0000f0 98d9      	CBI  0x1B,1
                 ; 0000 00B4                        if(i==4)
0000f1 e0e4      	LDI  R30,LOW(4)
0000f2 e0f0      	LDI  R31,HIGH(4)
0000f3 15e4      	CP   R30,R4
0000f4 05f5      	CPC  R31,R5
0000f5 f411      	BRNE _0x27
                 ; 0000 00B5                        PORTA.6=0;
0000f6 98de      	CBI  0x1B,6
                 ; 0000 00B6                        else
0000f7 c001      	RJMP _0x2A
                 _0x27:
                 ; 0000 00B7                        PORTA.6=1;
0000f8 9ade      	SBI  0x1B,6
                 ; 0000 00B8                         PORTA.7=0;
                 _0x2A:
0000f9 98df      	CBI  0x1B,7
                 ; 0000 00B9                         if(i==4)
0000fa e0e4      	LDI  R30,LOW(4)
0000fb e0f0      	LDI  R31,HIGH(4)
0000fc 15e4      	CP   R30,R4
0000fd 05f5      	CPC  R31,R5
0000fe f429      	BRNE _0x2F
                 ; 0000 00BA                         delay_us(300);
                +
0000ff e588     +LDI R24 , LOW ( 600 )
000100 e092     +LDI R25 , HIGH ( 600 )
                +__DELAY_USW_LOOP :
000101 9701     +SBIW R24 , 1
000102 f7f1     +BRNE __DELAY_USW_LOOP
                 	__DELAY_USW 600
                 ; 0000 00BB                         else
000103 c001      	RJMP _0x30
                 _0x2F:
                 ; 0000 00BC                         delay_ms(2);
000104 d073      	RCALL SUBOPT_0x1
                 ; 0000 00BD                          PORTA=0;
                 _0x30:
000105 e0e0      	LDI  R30,LOW(0)
000106 bbeb      	OUT  0x1B,R30
                 ; 0000 00BE                           delay_us(3750);
                +
000107 e48c     +LDI R24 , LOW ( 7500 )
000108 e19d     +LDI R25 , HIGH ( 7500 )
                +__DELAY_USW_LOOP :
000109 9701     +SBIW R24 , 1
00010a f7f1     +BRNE __DELAY_USW_LOOP
                 	__DELAY_USW 7500
                 ; 0000 00BF                         }
00010b 01f2      	MOVW R30,R4
00010c 9631      	ADIW R30,1
00010d 012f      	MOVW R4,R30
00010e cfdb      	RJMP _0x21
                 _0x22:
                 ; 0000 00C0 
                 ; 0000 00C1                      /*  PORTA.0=1;
                 ; 0000 00C2                        PORTA.1=0;
                 ; 0000 00C3 
                 ; 0000 00C4                        PORTA.6=1;
                 ; 0000 00C5                         PORTA.7=0;
                 ; 0000 00C6 
                 ; 0000 00C7                         delay_ms(2);
                 ; 0000 00C8                         PORTA.6=1;
                 ; 0000 00C9                         PORTA.0=0;
                 ; 0000 00CA                         delay_us(31);
                 ; 0000 00CB                          PORTA=0;
                 ; 0000 00CC                           delay_us(3850);
                 ; 0000 00CD 
                 ; 0000 00CE 
                 ; 0000 00CF 
                 ; 0000 00D0                        */
                 ; 0000 00D1 
                 ; 0000 00D2 }
00010f 9508      	RET
                 ; void turn_right()
                 ; 0000 00D4     {
                 _turn_right:
                 ; 0000 00D5   forward();
000110 dfd7      	RCALL _forward
                 ; 0000 00D6 
                 ; 0000 00D7    for(i=0;i<12;i++)
000111 2444      	CLR  R4
000112 2455      	CLR  R5
                 _0x32:
000113 e0ec      	LDI  R30,LOW(12)
000114 e0f0      	LDI  R31,HIGH(12)
000115 164e      	CP   R4,R30
000116 065f      	CPC  R5,R31
000117 f4bc      	BRGE _0x33
                 ; 0000 00D8                       {
                 ; 0000 00D9                        PORTA.0=1;
000118 9ad8      	SBI  0x1B,0
                 ; 0000 00DA    PORTA.1=0;
000119 98d9      	CBI  0x1B,1
                 ; 0000 00DB    PORTA.6=0;
00011a 98de      	CBI  0x1B,6
                 ; 0000 00DC    if(i>=3 && i%3==0)
00011b e0e3      	LDI  R30,LOW(3)
00011c e0f0      	LDI  R31,HIGH(3)
00011d 164e      	CP   R4,R30
00011e 065f      	CPC  R5,R31
00011f f02c      	BRLT _0x3B
000120 01d2      	MOVW R26,R4
000121 940e 01ad 	CALL __MODW21
000123 9730      	SBIW R30,0
000124 f009      	BREQ _0x3C
                 _0x3B:
000125 c002      	RJMP _0x3A
                 _0x3C:
                 ; 0000 00DD    PORTA.7=1;
000126 9adf      	SBI  0x1B,7
                 ; 0000 00DE    else
000127 c001      	RJMP _0x3F
                 _0x3A:
                 ; 0000 00DF    PORTA.7=0;
000128 98df      	CBI  0x1B,7
                 ; 0000 00E0    delay_ms(2);
                 _0x3F:
000129 d04e      	RCALL SUBOPT_0x1
                 ; 0000 00E1    PORTA=0;
00012a d050      	RCALL SUBOPT_0x2
                 ; 0000 00E2    delay_ms(4);
                 ; 0000 00E3 
                 ; 0000 00E4                         }
00012b 01f2      	MOVW R30,R4
00012c 9631      	ADIW R30,1
00012d 012f      	MOVW R4,R30
00012e cfe4      	RJMP _0x32
                 _0x33:
                 ; 0000 00E5   forward();
00012f c01e      	RJMP _0x2000001
                 ; 0000 00E6 
                 ; 0000 00E7    delay_ms(5);
                 ; 0000 00E8 
                 ; 0000 00E9     }
                 ;    void turn_lft()
                 ; 0000 00EB     {
                 _turn_lft:
                 ; 0000 00EC 
                 ; 0000 00ED 
                 ; 0000 00EE   for(i=0;i<13;i++)
000130 2444      	CLR  R4
000131 2455      	CLR  R5
                 _0x43:
000132 e0ed      	LDI  R30,LOW(13)
000133 e0f0      	LDI  R31,HIGH(13)
000134 164e      	CP   R4,R30
000135 065f      	CPC  R5,R31
000136 f4bc      	BRGE _0x44
                 ; 0000 00EF                       {
                 ; 0000 00F0                        PORTA.0=0;
000137 98d8      	CBI  0x1B,0
                 ; 0000 00F1       if(i>=2 && i%2==0)
000138 e0e2      	LDI  R30,LOW(2)
000139 e0f0      	LDI  R31,HIGH(2)
00013a 164e      	CP   R4,R30
00013b 065f      	CPC  R5,R31
00013c f02c      	BRLT _0x48
00013d 01d2      	MOVW R26,R4
00013e 940e 01ad 	CALL __MODW21
000140 9730      	SBIW R30,0
000141 f009      	BREQ _0x49
                 _0x48:
000142 c002      	RJMP _0x47
                 _0x49:
                 ; 0000 00F2       PORTA.1=1;
000143 9ad9      	SBI  0x1B,1
                 ; 0000 00F3       else
000144 c001      	RJMP _0x4C
                 _0x47:
                 ; 0000 00F4       PORTA.1=0;
000145 98d9      	CBI  0x1B,1
                 ; 0000 00F5       PORTA.6=1;
                 _0x4C:
000146 9ade      	SBI  0x1B,6
                 ; 0000 00F6       PORTA.7=0;
000147 98df      	CBI  0x1B,7
                 ; 0000 00F7       delay_ms(2);
000148 d02f      	RCALL SUBOPT_0x1
                 ; 0000 00F8       PORTA=0;
000149 d031      	RCALL SUBOPT_0x2
                 ; 0000 00F9       delay_ms(4);
                 ; 0000 00FA                         }
00014a 01f2      	MOVW R30,R4
00014b 9631      	ADIW R30,1
00014c 012f      	MOVW R4,R30
00014d cfe4      	RJMP _0x43
                 _0x44:
                 ; 0000 00FB            forward();
                 _0x2000001:
00014e df99      	RCALL _forward
                 ; 0000 00FC       delay_ms(5);
00014f e0e5      	LDI  R30,LOW(5)
000150 e0f0      	LDI  R31,HIGH(5)
000151 d022      	RCALL SUBOPT_0x0
                 ; 0000 00FD 
                 ; 0000 00FE     }
000152 9508      	RET
                 ; /*     void lft()
                 ;    {
                 ;    for(i=0;i<10;i++)
                 ;    {
                 ;        PORTA.0=0;        //lft
                 ;        PORTA.1=1;
                 ;        PORTA.6=1;           //right
                 ;        PORTA.7=0;
                 ;        delay_us(400);
                 ;
                 ;        PORTA=0;
                 ;        delay_us(850);
                 ;    }
                 ;
                 ;    }
                 ;
                 ;
                 ;     void right()
                 ;    {
                 ;    for(i=0;i<10;i++)
                 ;    {
                 ;        PORTA.0=1;        //lft
                 ;        PORTA.1=0;
                 ;        PORTA.6=0;           //right
                 ;        PORTA.7=1;
                 ;        delay_us(400);
                 ;
                 ;        PORTA=0;
                 ;         delay_us(850);
                 ;    }
                 ;
                 ;    }                    */
                 ;    void back()
                 ; 0000 0120     {  for(i=0;i<8;i++)
                 _back:
000153 2444      	CLR  R4
000154 2455      	CLR  R5
                 _0x54:
000155 e0e8      	LDI  R30,LOW(8)
000156 e0f0      	LDI  R31,HIGH(8)
000157 164e      	CP   R4,R30
000158 065f      	CPC  R5,R31
000159 f434      	BRGE _0x55
                 ; 0000 0121                       {
                 ; 0000 0122                        PORTA.0=1;
00015a d025      	RCALL SUBOPT_0x3
                 ; 0000 0123    PORTA.1=0;
                 ; 0000 0124    PORTA.6=0;
                 ; 0000 0125    PORTA.7=1;
                 ; 0000 0126    delay_ms(2);
                 ; 0000 0127    PORTA=0;
00015b d029      	RCALL SUBOPT_0x4
                 ; 0000 0128    delay_ms(3);
                 ; 0000 0129                         }
00015c 01f2      	MOVW R30,R4
00015d 9631      	ADIW R30,1
00015e 012f      	MOVW R4,R30
00015f cff5      	RJMP _0x54
                 _0x55:
                 ; 0000 012A 
                 ; 0000 012B                        PORTA.0=0;
000160 98d8      	CBI  0x1B,0
                 ; 0000 012C    PORTA.1=1;
000161 9ad9      	SBI  0x1B,1
                 ; 0000 012D    PORTA.6=0;
000162 98de      	CBI  0x1B,6
                 ; 0000 012E    PORTA.7=1;
000163 9adf      	SBI  0x1B,7
                 ; 0000 012F    delay_ms(2);
000164 d013      	RCALL SUBOPT_0x1
                 ; 0000 0130    PORTA=0;
000165 d01f      	RCALL SUBOPT_0x4
                 ; 0000 0131    delay_ms(3);
                 ; 0000 0132 
                 ; 0000 0133                         for(i=0;i<8;i++)
000166 2444      	CLR  R4
000167 2455      	CLR  R5
                 _0x67:
000168 e0e8      	LDI  R30,LOW(8)
000169 e0f0      	LDI  R31,HIGH(8)
00016a 164e      	CP   R4,R30
00016b 065f      	CPC  R5,R31
00016c f434      	BRGE _0x68
                 ; 0000 0134                       {
                 ; 0000 0135                        PORTA.0=1;
00016d d012      	RCALL SUBOPT_0x3
                 ; 0000 0136    PORTA.1=0;
                 ; 0000 0137    PORTA.6=0;
                 ; 0000 0138    PORTA.7=1;
                 ; 0000 0139    delay_ms(2);
                 ; 0000 013A    PORTA=0;
00016e d016      	RCALL SUBOPT_0x4
                 ; 0000 013B    delay_ms(3);
                 ; 0000 013C                         }
00016f 01f2      	MOVW R30,R4
000170 9631      	ADIW R30,1
000171 012f      	MOVW R4,R30
000172 cff5      	RJMP _0x67
                 _0x68:
                 ; 0000 013D 
                 ; 0000 013E                 }
000173 9508      	RET
                 
                 	.DSEG
                 _inc:
000171           	.BYTE 0x2
                 
                 	.CSEG
                 ;OPTIMIZER ADDED SUBROUTINE, CALLED 13 TIMES, CODE SIZE REDUCTION:21 WORDS
                 SUBOPT_0x0:
000174 93fa      	ST   -Y,R31
000175 93ea      	ST   -Y,R30
000176 940c 018a 	JMP  _delay_ms
                 
                 ;OPTIMIZER ADDED SUBROUTINE, CALLED 6 TIMES, CODE SIZE REDUCTION:7 WORDS
                 SUBOPT_0x1:
000178 e0e2      	LDI  R30,LOW(2)
000179 e0f0      	LDI  R31,HIGH(2)
00017a cff9      	RJMP SUBOPT_0x0
                 
                 ;OPTIMIZER ADDED SUBROUTINE, CALLED 2 TIMES, CODE SIZE REDUCTION:1 WORDS
                 SUBOPT_0x2:
00017b e0e0      	LDI  R30,LOW(0)
00017c bbeb      	OUT  0x1B,R30
00017d e0e4      	LDI  R30,LOW(4)
00017e e0f0      	LDI  R31,HIGH(4)
00017f cff4      	RJMP SUBOPT_0x0
                 
                 ;OPTIMIZER ADDED SUBROUTINE, CALLED 2 TIMES, CODE SIZE REDUCTION:1 WORDS
                 SUBOPT_0x3:
000180 9ad8      	SBI  0x1B,0
000181 98d9      	CBI  0x1B,1
000182 98de      	CBI  0x1B,6
000183 9adf      	SBI  0x1B,7
000184 cff3      	RJMP SUBOPT_0x1
                 
                 ;OPTIMIZER ADDED SUBROUTINE, CALLED 3 TIMES, CODE SIZE REDUCTION:5 WORDS
                 SUBOPT_0x4:
000185 e0e0      	LDI  R30,LOW(0)
000186 bbeb      	OUT  0x1B,R30
000187 e0e3      	LDI  R30,LOW(3)
000188 e0f0      	LDI  R31,HIGH(3)
000189 cfea      	RJMP SUBOPT_0x0
                 
                 
                 	.CSEG
                 _delay_ms:
00018a 91e9      	ld   r30,y+
00018b 91f9      	ld   r31,y+
00018c 9630      	adiw r30,0
00018d f039      	breq __delay_ms1
                 __delay_ms0:
                +
00018e ed80     +LDI R24 , LOW ( 0x7D0 )
00018f e097     +LDI R25 , HIGH ( 0x7D0 )
                +__DELAY_USW_LOOP :
000190 9701     +SBIW R24 , 1
000191 f7f1     +BRNE __DELAY_USW_LOOP
                 	__DELAY_USW 0x7D0
000192 95a8      	wdr
000193 9731      	sbiw r30,1
000194 f7c9      	brne __delay_ms0
                 __delay_ms1:
000195 9508      	ret
                 
                 __ANEGW1:
000196 95f1      	NEG  R31
000197 95e1      	NEG  R30
000198 40f0      	SBCI R31,0
000199 9508      	RET
                 
                 __DIVW21U:
00019a 2400      	CLR  R0
00019b 2411      	CLR  R1
00019c e190      	LDI  R25,16
                 __DIVW21U1:
00019d 0faa      	LSL  R26
00019e 1fbb      	ROL  R27
00019f 1c00      	ROL  R0
0001a0 1c11      	ROL  R1
0001a1 1a0e      	SUB  R0,R30
0001a2 0a1f      	SBC  R1,R31
0001a3 f418      	BRCC __DIVW21U2
0001a4 0e0e      	ADD  R0,R30
0001a5 1e1f      	ADC  R1,R31
0001a6 c001      	RJMP __DIVW21U3
                 __DIVW21U2:
0001a7 60a1      	SBR  R26,1
                 __DIVW21U3:
0001a8 959a      	DEC  R25
0001a9 f799      	BRNE __DIVW21U1
0001aa 01fd      	MOVW R30,R26
0001ab 01d0      	MOVW R26,R0
0001ac 9508      	RET
                 
                 __MODW21:
0001ad 94e8      	CLT
0001ae ffb7      	SBRS R27,7
0001af c004      	RJMP __MODW211
0001b0 95a0      	COM  R26
0001b1 95b0      	COM  R27
0001b2 9611      	ADIW R26,1
0001b3 9468      	SET
                 __MODW211:
0001b4 fdf7      	SBRC R31,7
0001b5 dfe0      	RCALL __ANEGW1
0001b6 dfe3      	RCALL __DIVW21U
0001b7 01fd      	MOVW R30,R26
0001b8 f40e      	BRTC __MODW212
0001b9 dfdc      	RCALL __ANEGW1
                 __MODW212:
0001ba 9508      	RET
                 
                 ;END OF CODE MARKER
                 __END_OF_CODE:


RESOURCE USE INFORMATION
------------------------

Notice:
The register and instruction counts are symbol table hit counts,
and hence implicitly used resources are not counted, eg, the
'lpm' instruction without operands implicitly uses r0 and z,
none of which are counted.

x,y,z are separate entities in the symbol table and are
counted separately from r26..r31 here.

.dseg memory usage only counts static data declared with .byte

ATmega16 register use summary:
r0 :   9 r1 :   5 r2 :   0 r3 :   0 r4 :  26 r5 :  14 r6 :   0 r7 :   0 
r8 :   0 r9 :   0 r10:   0 r11:   0 r12:   0 r13:   0 r14:   0 r15:   0 
r16:   1 r17:   1 r18:   0 r19:   0 r20:   0 r21:   0 r22:   2 r23:   0 
r24:  13 r25:   7 r26:  27 r27:   6 r28:   1 r29:   1 r30: 118 r31:  42 
x  :   3 y  :   4 z  :   7 
Registers used: 18 out of 35 (51.4%)

ATmega16 instruction use summary:
.lds  :   0 .lds.l:   0 .sts  :   0 .sts.l:   0 adc   :   1 add   :   1 
adiw  :   8 and   :   0 andi  :   0 asr   :   0 bclr  :   0 bld   :   0 
brbc  :   0 brbs  :   0 brcc  :   1 brcs  :   0 break :   0 breq  :   5 
brge  :   5 brhc  :   0 brhs  :   0 brid  :   0 brie  :   0 brlo  :   0 
brlt  :   2 brmi  :   0 brne  :  14 brpl  :   0 brsh  :   0 brtc  :   1 
brts  :   0 brvc  :   0 brvs  :   0 bset  :   0 bst   :   0 call  :   3 
cbi   :  13 cbr   :   0 clc   :   0 clh   :   0 cli   :   1 cln   :   0 
clr   :  14 cls   :   0 clt   :   1 clv   :   0 clz   :   0 com   :   2 
cp    :   9 cpc   :  10 cpi   :   5 cpse  :   0 dec   :   2 des   :   0 
eor   :   0 fmul  :   0 fmuls :   0 fmulsu:   0 icall :   0 ijmp  :   0 
in    :   0 inc   :   0 jmp   :  23 ld    :   2 ldd   :   0 ldi   :  76 
lds   :   4 lpm   :   7 lsl   :   1 lsr   :   0 mov   :   0 movw  :  18 
mul   :   0 muls  :   0 mulsu :   0 neg   :   2 nop   :   0 or    :   0 
ori   :   0 out   :  45 pop   :   0 push  :   0 rcall :  24 ret   :   7 
reti  :   0 rjmp  :  38 rol   :   3 ror   :   0 sbc   :   1 sbci  :   1 
sbi   :  10 sbic  :   8 sbis  :   3 sbiw  :   9 sbr   :   1 sbrc  :   1 
sbrs  :   1 sec   :   0 seh   :   0 sei   :   0 sen   :   0 ser   :   0 
ses   :   0 set   :   1 sev   :   0 sez   :   0 sleep :   0 spm   :   0 
st    :   5 std   :   0 sts   :   2 sub   :   1 subi  :   0 swap  :   0 
tst   :   0 wdr   :   1 
Instructions used: 46 out of 116 (39.7%)

ATmega16 memory use summary [bytes]:
Segment   Begin    End      Code   Data   Used    Size   Use%
---------------------------------------------------------------
[.cseg] 0x000000 0x000376    850     36    886   16384   5.4%
[.dseg] 0x000060 0x000173      0     19     19    1024   1.9%
[.eseg] 0x000000 0x000000      0      0      0     512   0.0%

Assembly complete, 0 errors, 6 warnings
